{"/Users/dimasmaulana/Documents/Eularix/open-source/ciph/packages/core/src/index.ts": {"path":"/Users/dimasmaulana/Documents/Eularix/open-source/ciph/packages/core/src/index.ts","all":false,"statementMap":{"0":{"start":{"line":1,"column":0},"end":{"line":1,"column":59}},"27":{"start":{"line":28,"column":0},"end":{"line":28,"column":33}},"28":{"start":{"line":29,"column":0},"end":{"line":29,"column":49}},"29":{"start":{"line":30,"column":0},"end":{"line":30,"column":28}},"30":{"start":{"line":31,"column":0},"end":{"line":31,"column":3}},"33":{"start":{"line":34,"column":0},"end":{"line":34,"column":66}},"34":{"start":{"line":35,"column":0},"end":{"line":35,"column":18}},"35":{"start":{"line":36,"column":0},"end":{"line":36,"column":1}},"37":{"start":{"line":38,"column":0},"end":{"line":38,"column":40}},"39":{"start":{"line":40,"column":0},"end":{"line":40,"column":33}},"41":{"start":{"line":42,"column":0},"end":{"line":42,"column":57}},"42":{"start":{"line":43,"column":0},"end":{"line":43,"column":46}},"43":{"start":{"line":44,"column":0},"end":{"line":44,"column":16}},"44":{"start":{"line":45,"column":0},"end":{"line":45,"column":19}},"45":{"start":{"line":46,"column":0},"end":{"line":46,"column":1}},"46":{"start":{"line":47,"column":0},"end":{"line":47,"column":33}},"48":{"start":{"line":49,"column":0},"end":{"line":49,"column":45}},"49":{"start":{"line":50,"column":0},"end":{"line":50,"column":27}},"50":{"start":{"line":51,"column":0},"end":{"line":51,"column":65}},"51":{"start":{"line":52,"column":0},"end":{"line":52,"column":3}},"52":{"start":{"line":53,"column":0},"end":{"line":53,"column":1}},"54":{"start":{"line":55,"column":0},"end":{"line":55,"column":57}},"55":{"start":{"line":56,"column":0},"end":{"line":56,"column":38}},"56":{"start":{"line":57,"column":0},"end":{"line":57,"column":34}},"57":{"start":{"line":58,"column":0},"end":{"line":58,"column":14}},"58":{"start":{"line":59,"column":0},"end":{"line":59,"column":1}},"60":{"start":{"line":61,"column":0},"end":{"line":61,"column":56}},"62":{"start":{"line":63,"column":0},"end":{"line":63,"column":38}},"63":{"start":{"line":64,"column":0},"end":{"line":64,"column":29}},"64":{"start":{"line":65,"column":0},"end":{"line":65,"column":25}},"65":{"start":{"line":66,"column":0},"end":{"line":66,"column":26}},"66":{"start":{"line":67,"column":0},"end":{"line":67,"column":26}},"67":{"start":{"line":68,"column":0},"end":{"line":68,"column":26}},"68":{"start":{"line":69,"column":0},"end":{"line":69,"column":3}},"70":{"start":{"line":71,"column":0},"end":{"line":71,"column":17}},"71":{"start":{"line":72,"column":0},"end":{"line":72,"column":46}},"72":{"start":{"line":73,"column":0},"end":{"line":73,"column":44}},"73":{"start":{"line":74,"column":0},"end":{"line":74,"column":3}},"74":{"start":{"line":75,"column":0},"end":{"line":75,"column":81}},"75":{"start":{"line":76,"column":0},"end":{"line":76,"column":1}},"77":{"start":{"line":78,"column":0},"end":{"line":78,"column":56}},"78":{"start":{"line":79,"column":0},"end":{"line":79,"column":62}},"79":{"start":{"line":80,"column":0},"end":{"line":80,"column":70}},"80":{"start":{"line":81,"column":0},"end":{"line":81,"column":38}},"81":{"start":{"line":82,"column":0},"end":{"line":82,"column":56}},"82":{"start":{"line":83,"column":0},"end":{"line":83,"column":3}},"83":{"start":{"line":84,"column":0},"end":{"line":84,"column":29}},"84":{"start":{"line":85,"column":0},"end":{"line":85,"column":45}},"85":{"start":{"line":86,"column":0},"end":{"line":86,"column":43}},"86":{"start":{"line":87,"column":0},"end":{"line":87,"column":35}},"87":{"start":{"line":88,"column":0},"end":{"line":88,"column":3}},"88":{"start":{"line":89,"column":0},"end":{"line":89,"column":14}},"89":{"start":{"line":90,"column":0},"end":{"line":90,"column":1}},"91":{"start":{"line":92,"column":0},"end":{"line":92,"column":43}},"92":{"start":{"line":93,"column":0},"end":{"line":93,"column":26}},"93":{"start":{"line":94,"column":0},"end":{"line":94,"column":48}},"94":{"start":{"line":95,"column":0},"end":{"line":95,"column":13}},"95":{"start":{"line":96,"column":0},"end":{"line":96,"column":1}},"97":{"start":{"line":98,"column":0},"end":{"line":98,"column":74}},"98":{"start":{"line":99,"column":0},"end":{"line":99,"column":25}},"99":{"start":{"line":100,"column":0},"end":{"line":100,"column":11}},"100":{"start":{"line":101,"column":0},"end":{"line":101,"column":51}},"101":{"start":{"line":102,"column":0},"end":{"line":102,"column":28}},"102":{"start":{"line":103,"column":0},"end":{"line":103,"column":32}},"103":{"start":{"line":104,"column":0},"end":{"line":104,"column":24}},"104":{"start":{"line":105,"column":0},"end":{"line":105,"column":7}},"105":{"start":{"line":106,"column":0},"end":{"line":106,"column":16}},"106":{"start":{"line":107,"column":0},"end":{"line":107,"column":10}},"107":{"start":{"line":108,"column":0},"end":{"line":108,"column":1}},"109":{"start":{"line":110,"column":0},"end":{"line":110,"column":98}},"110":{"start":{"line":111,"column":0},"end":{"line":111,"column":22}},"111":{"start":{"line":112,"column":0},"end":{"line":112,"column":108}},"112":{"start":{"line":113,"column":0},"end":{"line":113,"column":1}},"114":{"start":{"line":115,"column":0},"end":{"line":115,"column":89}},"115":{"start":{"line":116,"column":0},"end":{"line":116,"column":22}},"116":{"start":{"line":117,"column":0},"end":{"line":117,"column":51}},"117":{"start":{"line":118,"column":0},"end":{"line":118,"column":10}},"118":{"start":{"line":119,"column":0},"end":{"line":119,"column":48}},"119":{"start":{"line":120,"column":0},"end":{"line":120,"column":11}},"120":{"start":{"line":121,"column":0},"end":{"line":121,"column":10}},"121":{"start":{"line":122,"column":0},"end":{"line":122,"column":17}},"122":{"start":{"line":123,"column":0},"end":{"line":123,"column":3}},"124":{"start":{"line":125,"column":0},"end":{"line":125,"column":36}},"125":{"start":{"line":126,"column":0},"end":{"line":126,"column":5}},"126":{"start":{"line":127,"column":0},"end":{"line":127,"column":19}},"127":{"start":{"line":128,"column":0},"end":{"line":128,"column":22}},"128":{"start":{"line":129,"column":0},"end":{"line":129,"column":51}},"129":{"start":{"line":130,"column":0},"end":{"line":130,"column":53}},"130":{"start":{"line":131,"column":0},"end":{"line":131,"column":6}},"131":{"start":{"line":132,"column":0},"end":{"line":132,"column":12}},"132":{"start":{"line":133,"column":0},"end":{"line":133,"column":37}},"133":{"start":{"line":134,"column":0},"end":{"line":134,"column":9}},"134":{"start":{"line":135,"column":0},"end":{"line":135,"column":26}},"135":{"start":{"line":136,"column":0},"end":{"line":136,"column":3}},"136":{"start":{"line":137,"column":0},"end":{"line":137,"column":1}},"138":{"start":{"line":139,"column":0},"end":{"line":139,"column":87}},"139":{"start":{"line":140,"column":0},"end":{"line":140,"column":56}},"140":{"start":{"line":141,"column":0},"end":{"line":141,"column":58}},"141":{"start":{"line":142,"column":0},"end":{"line":142,"column":41}},"142":{"start":{"line":143,"column":0},"end":{"line":143,"column":1}},"144":{"start":{"line":145,"column":0},"end":{"line":145,"column":42}},"145":{"start":{"line":146,"column":0},"end":{"line":146,"column":36}},"146":{"start":{"line":147,"column":0},"end":{"line":147,"column":30}},"147":{"start":{"line":148,"column":0},"end":{"line":148,"column":31}},"148":{"start":{"line":149,"column":0},"end":{"line":149,"column":54}},"149":{"start":{"line":150,"column":0},"end":{"line":150,"column":58}},"150":{"start":{"line":151,"column":0},"end":{"line":151,"column":50}},"152":{"start":{"line":153,"column":0},"end":{"line":153,"column":43}},"154":{"start":{"line":155,"column":0},"end":{"line":155,"column":67}},"155":{"start":{"line":156,"column":0},"end":{"line":156,"column":46}},"156":{"start":{"line":157,"column":0},"end":{"line":157,"column":75}},"157":{"start":{"line":158,"column":0},"end":{"line":158,"column":83}},"159":{"start":{"line":160,"column":0},"end":{"line":160,"column":54}},"160":{"start":{"line":161,"column":0},"end":{"line":161,"column":17}},"161":{"start":{"line":162,"column":0},"end":{"line":162,"column":3}},"163":{"start":{"line":164,"column":0},"end":{"line":164,"column":35}},"164":{"start":{"line":165,"column":0},"end":{"line":165,"column":36}},"165":{"start":{"line":166,"column":0},"end":{"line":166,"column":94}},"167":{"start":{"line":168,"column":0},"end":{"line":168,"column":10}},"168":{"start":{"line":169,"column":0},"end":{"line":169,"column":47}},"169":{"start":{"line":170,"column":0},"end":{"line":170,"column":22}},"170":{"start":{"line":171,"column":0},"end":{"line":171,"column":3}},"171":{"start":{"line":172,"column":0},"end":{"line":172,"column":1}},"173":{"start":{"line":174,"column":0},"end":{"line":174,"column":96}},"174":{"start":{"line":175,"column":0},"end":{"line":175,"column":28}},"175":{"start":{"line":176,"column":0},"end":{"line":176,"column":66}},"176":{"start":{"line":177,"column":0},"end":{"line":177,"column":51}},"177":{"start":{"line":178,"column":0},"end":{"line":178,"column":64}},"178":{"start":{"line":179,"column":0},"end":{"line":179,"column":8}},"179":{"start":{"line":180,"column":0},"end":{"line":180,"column":47}},"180":{"start":{"line":181,"column":0},"end":{"line":181,"column":3}},"182":{"start":{"line":183,"column":0},"end":{"line":183,"column":50}},"183":{"start":{"line":184,"column":0},"end":{"line":184,"column":66}},"184":{"start":{"line":185,"column":0},"end":{"line":185,"column":19}},"185":{"start":{"line":186,"column":0},"end":{"line":186,"column":39}},"187":{"start":{"line":188,"column":0},"end":{"line":188,"column":28}},"188":{"start":{"line":189,"column":0},"end":{"line":189,"column":1}},"190":{"start":{"line":191,"column":0},"end":{"line":191,"column":94}},"191":{"start":{"line":192,"column":0},"end":{"line":192,"column":42}},"192":{"start":{"line":193,"column":0},"end":{"line":193,"column":33}},"193":{"start":{"line":194,"column":0},"end":{"line":194,"column":60}},"194":{"start":{"line":195,"column":0},"end":{"line":195,"column":3}},"196":{"start":{"line":197,"column":0},"end":{"line":197,"column":33}},"197":{"start":{"line":198,"column":0},"end":{"line":198,"column":45}},"198":{"start":{"line":199,"column":0},"end":{"line":199,"column":66}},"200":{"start":{"line":201,"column":0},"end":{"line":201,"column":47}},"201":{"start":{"line":202,"column":0},"end":{"line":202,"column":64}},"202":{"start":{"line":203,"column":0},"end":{"line":203,"column":8}},"203":{"start":{"line":204,"column":0},"end":{"line":204,"column":37}},"204":{"start":{"line":205,"column":0},"end":{"line":205,"column":3}},"206":{"start":{"line":207,"column":0},"end":{"line":207,"column":30}},"207":{"start":{"line":208,"column":0},"end":{"line":208,"column":1}},"209":{"start":{"line":210,"column":0},"end":{"line":210,"column":36}},"210":{"start":{"line":211,"column":0},"end":{"line":211,"column":32}},"211":{"start":{"line":212,"column":0},"end":{"line":212,"column":33}},"212":{"start":{"line":213,"column":0},"end":{"line":213,"column":12}},"213":{"start":{"line":214,"column":0},"end":{"line":214,"column":43}},"214":{"start":{"line":215,"column":0},"end":{"line":215,"column":57}},"215":{"start":{"line":216,"column":0},"end":{"line":216,"column":27}},"216":{"start":{"line":217,"column":0},"end":{"line":217,"column":1}},"218":{"start":{"line":219,"column":0},"end":{"line":219,"column":87}},"219":{"start":{"line":220,"column":0},"end":{"line":220,"column":37}},"220":{"start":{"line":221,"column":0},"end":{"line":221,"column":53}},"221":{"start":{"line":222,"column":0},"end":{"line":222,"column":10}},"222":{"start":{"line":223,"column":0},"end":{"line":223,"column":29}},"223":{"start":{"line":224,"column":0},"end":{"line":224,"column":14}},"224":{"start":{"line":225,"column":0},"end":{"line":225,"column":10}},"225":{"start":{"line":226,"column":0},"end":{"line":226,"column":15}},"226":{"start":{"line":227,"column":0},"end":{"line":227,"column":3}},"227":{"start":{"line":228,"column":0},"end":{"line":228,"column":28}},"229":{"start":{"line":230,"column":0},"end":{"line":230,"column":51}},"230":{"start":{"line":231,"column":0},"end":{"line":231,"column":64}},"231":{"start":{"line":232,"column":0},"end":{"line":232,"column":14}},"232":{"start":{"line":233,"column":0},"end":{"line":233,"column":45}},"233":{"start":{"line":234,"column":0},"end":{"line":234,"column":3}},"235":{"start":{"line":236,"column":0},"end":{"line":236,"column":50}},"236":{"start":{"line":237,"column":0},"end":{"line":237,"column":62}},"237":{"start":{"line":238,"column":0},"end":{"line":238,"column":72}},"239":{"start":{"line":240,"column":0},"end":{"line":240,"column":60}},"240":{"start":{"line":241,"column":0},"end":{"line":241,"column":19}},"241":{"start":{"line":242,"column":0},"end":{"line":242,"column":21}},"242":{"start":{"line":243,"column":0},"end":{"line":243,"column":28}},"244":{"start":{"line":245,"column":0},"end":{"line":245,"column":10}},"245":{"start":{"line":246,"column":0},"end":{"line":246,"column":36}},"246":{"start":{"line":247,"column":0},"end":{"line":247,"column":23}},"247":{"start":{"line":248,"column":0},"end":{"line":248,"column":3}},"248":{"start":{"line":249,"column":0},"end":{"line":249,"column":1}},"250":{"start":{"line":251,"column":0},"end":{"line":251,"column":88}},"251":{"start":{"line":252,"column":0},"end":{"line":252,"column":42}},"252":{"start":{"line":253,"column":0},"end":{"line":253,"column":32}},"253":{"start":{"line":254,"column":0},"end":{"line":254,"column":49}},"254":{"start":{"line":255,"column":0},"end":{"line":255,"column":3}},"256":{"start":{"line":257,"column":0},"end":{"line":257,"column":32}},"257":{"start":{"line":258,"column":0},"end":{"line":258,"column":34}},"258":{"start":{"line":259,"column":0},"end":{"line":259,"column":31}},"260":{"start":{"line":261,"column":0},"end":{"line":261,"column":59}},"261":{"start":{"line":262,"column":0},"end":{"line":262,"column":23}},"262":{"start":{"line":263,"column":0},"end":{"line":263,"column":32}},"264":{"start":{"line":265,"column":0},"end":{"line":265,"column":37}},"265":{"start":{"line":266,"column":0},"end":{"line":266,"column":53}},"266":{"start":{"line":267,"column":0},"end":{"line":267,"column":10}},"267":{"start":{"line":268,"column":0},"end":{"line":268,"column":29}},"268":{"start":{"line":269,"column":0},"end":{"line":269,"column":14}},"269":{"start":{"line":270,"column":0},"end":{"line":270,"column":10}},"270":{"start":{"line":271,"column":0},"end":{"line":271,"column":15}},"271":{"start":{"line":272,"column":0},"end":{"line":272,"column":3}},"273":{"start":{"line":274,"column":0},"end":{"line":274,"column":47}},"274":{"start":{"line":275,"column":0},"end":{"line":275,"column":64}},"275":{"start":{"line":276,"column":0},"end":{"line":276,"column":14}},"276":{"start":{"line":277,"column":0},"end":{"line":277,"column":28}},"277":{"start":{"line":278,"column":0},"end":{"line":278,"column":3}},"279":{"start":{"line":280,"column":0},"end":{"line":280,"column":10}},"280":{"start":{"line":281,"column":0},"end":{"line":281,"column":36}},"281":{"start":{"line":282,"column":0},"end":{"line":282,"column":3}},"282":{"start":{"line":283,"column":0},"end":{"line":283,"column":1}},"290":{"start":{"line":291,"column":0},"end":{"line":291,"column":73}},"297":{"start":{"line":298,"column":0},"end":{"line":298,"column":63}},"298":{"start":{"line":299,"column":0},"end":{"line":299,"column":82}},"299":{"start":{"line":300,"column":0},"end":{"line":300,"column":70}},"300":{"start":{"line":301,"column":0},"end":{"line":301,"column":76}},"301":{"start":{"line":302,"column":0},"end":{"line":302,"column":10}},"302":{"start":{"line":303,"column":0},"end":{"line":303,"column":51}},"303":{"start":{"line":304,"column":0},"end":{"line":304,"column":55}},"304":{"start":{"line":305,"column":0},"end":{"line":305,"column":3}},"305":{"start":{"line":306,"column":0},"end":{"line":306,"column":1}},"313":{"start":{"line":314,"column":0},"end":{"line":314,"column":37}},"314":{"start":{"line":315,"column":0},"end":{"line":315,"column":21}},"315":{"start":{"line":316,"column":0},"end":{"line":316,"column":23}},"316":{"start":{"line":317,"column":0},"end":{"line":317,"column":24}},"317":{"start":{"line":318,"column":0},"end":{"line":318,"column":45}},"318":{"start":{"line":319,"column":0},"end":{"line":319,"column":47}},"320":{"start":{"line":321,"column":0},"end":{"line":321,"column":57}},"321":{"start":{"line":322,"column":0},"end":{"line":322,"column":12}},"322":{"start":{"line":323,"column":0},"end":{"line":323,"column":30}},"323":{"start":{"line":324,"column":0},"end":{"line":324,"column":16}},"324":{"start":{"line":325,"column":0},"end":{"line":325,"column":10}},"325":{"start":{"line":326,"column":0},"end":{"line":326,"column":18}},"326":{"start":{"line":327,"column":0},"end":{"line":327,"column":3}},"328":{"start":{"line":329,"column":0},"end":{"line":329,"column":56}},"329":{"start":{"line":330,"column":0},"end":{"line":330,"column":10}},"330":{"start":{"line":331,"column":0},"end":{"line":331,"column":29}},"331":{"start":{"line":332,"column":0},"end":{"line":332,"column":16}},"332":{"start":{"line":333,"column":0},"end":{"line":333,"column":10}},"333":{"start":{"line":334,"column":0},"end":{"line":334,"column":6}},"334":{"start":{"line":335,"column":0},"end":{"line":335,"column":3}},"336":{"start":{"line":337,"column":0},"end":{"line":337,"column":55}},"337":{"start":{"line":338,"column":0},"end":{"line":338,"column":43}},"338":{"start":{"line":339,"column":0},"end":{"line":339,"column":18}},"339":{"start":{"line":340,"column":0},"end":{"line":340,"column":7}},"340":{"start":{"line":341,"column":0},"end":{"line":341,"column":3}},"342":{"start":{"line":343,"column":0},"end":{"line":343,"column":35}},"343":{"start":{"line":344,"column":0},"end":{"line":344,"column":1}},"350":{"start":{"line":351,"column":0},"end":{"line":351,"column":85}},"351":{"start":{"line":352,"column":0},"end":{"line":352,"column":55}},"352":{"start":{"line":353,"column":0},"end":{"line":353,"column":10}},"353":{"start":{"line":354,"column":0},"end":{"line":354,"column":35}},"354":{"start":{"line":355,"column":0},"end":{"line":355,"column":11}},"355":{"start":{"line":356,"column":0},"end":{"line":356,"column":10}},"356":{"start":{"line":357,"column":0},"end":{"line":357,"column":17}},"357":{"start":{"line":358,"column":0},"end":{"line":358,"column":3}},"360":{"start":{"line":361,"column":0},"end":{"line":361,"column":33}},"362":{"start":{"line":363,"column":0},"end":{"line":363,"column":60}},"363":{"start":{"line":364,"column":0},"end":{"line":364,"column":5}},"364":{"start":{"line":365,"column":0},"end":{"line":365,"column":19}},"365":{"start":{"line":366,"column":0},"end":{"line":366,"column":22}},"366":{"start":{"line":367,"column":0},"end":{"line":367,"column":33}},"367":{"start":{"line":368,"column":0},"end":{"line":368,"column":62}},"368":{"start":{"line":369,"column":0},"end":{"line":369,"column":6}},"369":{"start":{"line":370,"column":0},"end":{"line":370,"column":16}},"370":{"start":{"line":371,"column":0},"end":{"line":371,"column":37}},"371":{"start":{"line":372,"column":0},"end":{"line":372,"column":9}},"372":{"start":{"line":373,"column":0},"end":{"line":373,"column":26}},"373":{"start":{"line":374,"column":0},"end":{"line":374,"column":3}},"375":{"start":{"line":376,"column":0},"end":{"line":376,"column":71}},"376":{"start":{"line":377,"column":0},"end":{"line":377,"column":41}},"377":{"start":{"line":378,"column":0},"end":{"line":378,"column":1}},"384":{"start":{"line":385,"column":0},"end":{"line":385,"column":39}},"385":{"start":{"line":386,"column":0},"end":{"line":386,"column":21}},"386":{"start":{"line":387,"column":0},"end":{"line":387,"column":25}},"387":{"start":{"line":388,"column":0},"end":{"line":388,"column":20}},"388":{"start":{"line":389,"column":0},"end":{"line":389,"column":51}},"390":{"start":{"line":391,"column":0},"end":{"line":391,"column":55}},"391":{"start":{"line":392,"column":0},"end":{"line":392,"column":10}},"392":{"start":{"line":393,"column":0},"end":{"line":393,"column":36}},"393":{"start":{"line":394,"column":0},"end":{"line":394,"column":11}},"394":{"start":{"line":395,"column":0},"end":{"line":395,"column":10}},"395":{"start":{"line":396,"column":0},"end":{"line":396,"column":17}},"396":{"start":{"line":397,"column":0},"end":{"line":397,"column":3}},"398":{"start":{"line":399,"column":0},"end":{"line":399,"column":60}},"399":{"start":{"line":400,"column":0},"end":{"line":400,"column":5}},"400":{"start":{"line":401,"column":0},"end":{"line":401,"column":19}},"401":{"start":{"line":402,"column":0},"end":{"line":402,"column":22}},"402":{"start":{"line":403,"column":0},"end":{"line":403,"column":60}},"403":{"start":{"line":404,"column":0},"end":{"line":404,"column":62}},"404":{"start":{"line":405,"column":0},"end":{"line":405,"column":6}},"405":{"start":{"line":406,"column":0},"end":{"line":406,"column":16}},"406":{"start":{"line":407,"column":0},"end":{"line":407,"column":37}},"407":{"start":{"line":408,"column":0},"end":{"line":408,"column":9}},"408":{"start":{"line":409,"column":0},"end":{"line":409,"column":26}},"409":{"start":{"line":410,"column":0},"end":{"line":410,"column":3}},"411":{"start":{"line":412,"column":0},"end":{"line":412,"column":71}},"412":{"start":{"line":413,"column":0},"end":{"line":413,"column":41}},"413":{"start":{"line":414,"column":0},"end":{"line":414,"column":1}}},"s":{"0":1,"27":1,"28":1,"29":1,"30":1,"33":0,"34":0,"35":0,"37":1,"39":1,"41":65,"42":65,"43":65,"44":65,"45":65,"46":1,"48":5,"49":5,"50":1,"51":1,"52":5,"54":1,"55":5,"56":5,"57":5,"58":5,"60":1,"62":27,"63":27,"64":27,"65":27,"66":27,"67":27,"68":27,"70":0,"71":0,"72":0,"73":0,"74":0,"75":0,"77":1,"78":28,"79":28,"80":28,"81":28,"82":28,"83":0,"84":0,"85":0,"86":0,"87":0,"88":0,"89":0,"91":3,"92":3,"93":3,"94":3,"95":3,"97":3,"98":3,"99":3,"100":3,"101":10,"102":10,"103":10,"104":10,"105":10,"106":3,"107":3,"109":3,"110":3,"111":3,"112":3,"114":2,"115":2,"116":2,"117":2,"118":2,"119":2,"120":2,"121":2,"122":2,"124":2,"125":2,"126":2,"127":2,"128":2,"129":2,"130":2,"131":2,"132":2,"133":2,"134":2,"135":2,"136":2,"138":2,"139":2,"140":2,"141":2,"142":2,"144":3,"145":3,"146":3,"147":3,"148":3,"149":3,"150":3,"152":3,"154":3,"155":3,"156":3,"157":3,"159":3,"160":0,"161":0,"163":3,"164":3,"165":3,"167":3,"168":3,"169":3,"170":3,"171":3,"173":2,"174":2,"175":2,"176":1,"177":1,"178":1,"179":1,"180":1,"182":1,"183":1,"184":1,"185":1,"187":1,"188":1,"190":2,"191":2,"192":2,"193":1,"194":1,"196":1,"197":1,"198":1,"200":1,"201":1,"202":1,"203":1,"204":1,"206":1,"207":1,"209":1,"210":0,"211":0,"212":0,"213":0,"214":0,"215":0,"216":0,"218":3,"219":3,"220":3,"221":3,"222":3,"223":3,"224":3,"225":3,"226":3,"227":3,"229":3,"230":3,"231":3,"232":3,"233":3,"235":3,"236":3,"237":3,"239":3,"240":3,"241":3,"242":3,"244":3,"245":3,"246":3,"247":3,"248":3,"250":4,"251":4,"252":4,"253":1,"254":1,"256":3,"257":3,"258":3,"260":3,"261":3,"262":3,"264":3,"265":3,"266":3,"267":3,"268":3,"269":3,"270":3,"271":3,"273":3,"274":3,"275":3,"276":3,"277":3,"279":3,"280":3,"281":3,"282":3,"290":1,"297":5,"298":5,"299":5,"300":5,"301":5,"302":5,"303":5,"304":5,"305":5,"313":4,"314":4,"315":4,"316":4,"317":4,"318":4,"320":4,"321":4,"322":4,"323":4,"324":4,"325":4,"326":4,"328":4,"329":4,"330":4,"331":4,"332":4,"333":4,"334":4,"336":4,"337":4,"338":4,"339":4,"340":4,"342":4,"343":4,"350":4,"351":4,"352":4,"353":4,"354":4,"355":4,"356":4,"357":4,"360":4,"362":4,"363":4,"364":4,"365":4,"366":4,"367":4,"368":4,"369":4,"370":4,"371":4,"372":4,"373":4,"375":4,"376":4,"377":4,"384":4,"385":4,"386":4,"387":4,"388":4,"390":4,"391":4,"392":4,"393":4,"394":4,"395":4,"396":4,"398":4,"399":4,"400":4,"401":4,"402":4,"403":4,"404":4,"405":4,"406":4,"407":4,"408":4,"409":4,"411":4,"412":4,"413":4},"branchMap":{"0":{"type":"branch","line":28,"loc":{"start":{"line":28,"column":0},"end":{"line":36,"column":1}},"locations":[{"start":{"line":28,"column":0},"end":{"line":36,"column":1}}]},"1":{"type":"branch","line":31,"loc":{"start":{"line":31,"column":2},"end":{"line":36,"column":1}},"locations":[{"start":{"line":31,"column":2},"end":{"line":36,"column":1}}]},"2":{"type":"branch","line":42,"loc":{"start":{"line":42,"column":0},"end":{"line":46,"column":1}},"locations":[{"start":{"line":42,"column":0},"end":{"line":46,"column":1}}]},"3":{"type":"branch","line":49,"loc":{"start":{"line":49,"column":0},"end":{"line":53,"column":1}},"locations":[{"start":{"line":49,"column":0},"end":{"line":53,"column":1}}]},"4":{"type":"branch","line":50,"loc":{"start":{"line":50,"column":26},"end":{"line":52,"column":3}},"locations":[{"start":{"line":50,"column":26},"end":{"line":52,"column":3}}]},"5":{"type":"branch","line":55,"loc":{"start":{"line":55,"column":7},"end":{"line":59,"column":1}},"locations":[{"start":{"line":55,"column":7},"end":{"line":59,"column":1}}]},"6":{"type":"branch","line":61,"loc":{"start":{"line":61,"column":7},"end":{"line":76,"column":1}},"locations":[{"start":{"line":61,"column":7},"end":{"line":76,"column":1}}]},"7":{"type":"branch","line":69,"loc":{"start":{"line":69,"column":2},"end":{"line":76,"column":1}},"locations":[{"start":{"line":69,"column":2},"end":{"line":76,"column":1}}]},"8":{"type":"branch","line":78,"loc":{"start":{"line":78,"column":7},"end":{"line":90,"column":1}},"locations":[{"start":{"line":78,"column":7},"end":{"line":90,"column":1}}]},"9":{"type":"branch","line":83,"loc":{"start":{"line":83,"column":2},"end":{"line":90,"column":1}},"locations":[{"start":{"line":83,"column":2},"end":{"line":90,"column":1}}]},"10":{"type":"branch","line":92,"loc":{"start":{"line":92,"column":0},"end":{"line":96,"column":1}},"locations":[{"start":{"line":92,"column":0},"end":{"line":96,"column":1}}]},"11":{"type":"branch","line":94,"loc":{"start":{"line":94,"column":9},"end":{"line":94,"column":47}},"locations":[{"start":{"line":94,"column":9},"end":{"line":94,"column":47}}]},"12":{"type":"branch","line":98,"loc":{"start":{"line":98,"column":0},"end":{"line":108,"column":1}},"locations":[{"start":{"line":98,"column":0},"end":{"line":108,"column":1}}]},"13":{"type":"branch","line":101,"loc":{"start":{"line":101,"column":36},"end":{"line":107,"column":7}},"locations":[{"start":{"line":101,"column":36},"end":{"line":107,"column":7}}]},"14":{"type":"branch","line":110,"loc":{"start":{"line":110,"column":0},"end":{"line":113,"column":1}},"locations":[{"start":{"line":110,"column":0},"end":{"line":113,"column":1}}]},"15":{"type":"branch","line":115,"loc":{"start":{"line":115,"column":0},"end":{"line":137,"column":1}},"locations":[{"start":{"line":115,"column":0},"end":{"line":137,"column":1}}]},"16":{"type":"branch","line":139,"loc":{"start":{"line":139,"column":0},"end":{"line":143,"column":1}},"locations":[{"start":{"line":139,"column":0},"end":{"line":143,"column":1}}]},"17":{"type":"branch","line":145,"loc":{"start":{"line":145,"column":0},"end":{"line":172,"column":1}},"locations":[{"start":{"line":145,"column":0},"end":{"line":172,"column":1}}]},"18":{"type":"branch","line":149,"loc":{"start":{"line":149,"column":24},"end":{"line":149,"column":50}},"locations":[{"start":{"line":149,"column":24},"end":{"line":149,"column":50}}]},"19":{"type":"branch","line":150,"loc":{"start":{"line":150,"column":26},"end":{"line":150,"column":54}},"locations":[{"start":{"line":150,"column":26},"end":{"line":150,"column":54}}]},"20":{"type":"branch","line":151,"loc":{"start":{"line":151,"column":23},"end":{"line":151,"column":48}},"locations":[{"start":{"line":151,"column":23},"end":{"line":151,"column":48}}]},"21":{"type":"branch","line":156,"loc":{"start":{"line":156,"column":21},"end":{"line":156,"column":46}},"locations":[{"start":{"line":156,"column":21},"end":{"line":156,"column":46}}]},"22":{"type":"branch","line":160,"loc":{"start":{"line":160,"column":53},"end":{"line":162,"column":3}},"locations":[{"start":{"line":160,"column":53},"end":{"line":162,"column":3}}]},"23":{"type":"branch","line":174,"loc":{"start":{"line":174,"column":0},"end":{"line":189,"column":1}},"locations":[{"start":{"line":174,"column":0},"end":{"line":189,"column":1}}]},"24":{"type":"branch","line":176,"loc":{"start":{"line":176,"column":65},"end":{"line":189,"column":1}},"locations":[{"start":{"line":176,"column":65},"end":{"line":189,"column":1}}]},"25":{"type":"branch","line":191,"loc":{"start":{"line":191,"column":0},"end":{"line":208,"column":1}},"locations":[{"start":{"line":191,"column":0},"end":{"line":208,"column":1}}]},"26":{"type":"branch","line":193,"loc":{"start":{"line":193,"column":32},"end":{"line":208,"column":1}},"locations":[{"start":{"line":193,"column":32},"end":{"line":208,"column":1}}]},"27":{"type":"branch","line":219,"loc":{"start":{"line":219,"column":0},"end":{"line":249,"column":1}},"locations":[{"start":{"line":219,"column":0},"end":{"line":249,"column":1}}]},"28":{"type":"branch","line":251,"loc":{"start":{"line":251,"column":0},"end":{"line":283,"column":1}},"locations":[{"start":{"line":251,"column":0},"end":{"line":283,"column":1}}]},"29":{"type":"branch","line":253,"loc":{"start":{"line":253,"column":31},"end":{"line":255,"column":3}},"locations":[{"start":{"line":253,"column":31},"end":{"line":255,"column":3}}]},"30":{"type":"branch","line":255,"loc":{"start":{"line":255,"column":2},"end":{"line":283,"column":1}},"locations":[{"start":{"line":255,"column":2},"end":{"line":283,"column":1}}]},"31":{"type":"branch","line":298,"loc":{"start":{"line":298,"column":0},"end":{"line":306,"column":1}},"locations":[{"start":{"line":298,"column":0},"end":{"line":306,"column":1}}]},"32":{"type":"branch","line":314,"loc":{"start":{"line":314,"column":0},"end":{"line":344,"column":1}},"locations":[{"start":{"line":314,"column":0},"end":{"line":344,"column":1}}]},"33":{"type":"branch","line":351,"loc":{"start":{"line":351,"column":0},"end":{"line":378,"column":1}},"locations":[{"start":{"line":351,"column":0},"end":{"line":378,"column":1}}]},"34":{"type":"branch","line":385,"loc":{"start":{"line":385,"column":0},"end":{"line":414,"column":1}},"locations":[{"start":{"line":385,"column":0},"end":{"line":414,"column":1}}]}},"b":{"0":[1],"1":[0],"2":[65],"3":[5],"4":[1],"5":[5],"6":[27],"7":[0],"8":[28],"9":[0],"10":[3],"11":[96],"12":[3],"13":[10],"14":[3],"15":[2],"16":[2],"17":[3],"18":[0],"19":[0],"20":[0],"21":[1],"22":[0],"23":[2],"24":[1],"25":[2],"26":[1],"27":[3],"28":[4],"29":[1],"30":[3],"31":[5],"32":[4],"33":[4],"34":[4]},"fnMap":{"0":{"name":"getCryptoApi","decl":{"start":{"line":28,"column":0},"end":{"line":36,"column":1}},"loc":{"start":{"line":28,"column":0},"end":{"line":36,"column":1}},"line":28},"1":{"name":"asBufferSource","decl":{"start":{"line":42,"column":0},"end":{"line":46,"column":1}},"loc":{"start":{"line":42,"column":0},"end":{"line":46,"column":1}},"line":42},"2":{"name":"ensureSecret","decl":{"start":{"line":49,"column":0},"end":{"line":53,"column":1}},"loc":{"start":{"line":49,"column":0},"end":{"line":53,"column":1}},"line":49},"3":{"name":"randomBytes","decl":{"start":{"line":55,"column":7},"end":{"line":59,"column":1}},"loc":{"start":{"line":55,"column":7},"end":{"line":59,"column":1}},"line":55},"4":{"name":"toBase64url","decl":{"start":{"line":61,"column":7},"end":{"line":76,"column":1}},"loc":{"start":{"line":61,"column":7},"end":{"line":76,"column":1}},"line":61},"5":{"name":"fromBase64url","decl":{"start":{"line":78,"column":7},"end":{"line":90,"column":1}},"loc":{"start":{"line":78,"column":7},"end":{"line":90,"column":1}},"line":78},"6":{"name":"toHex","decl":{"start":{"line":92,"column":0},"end":{"line":96,"column":1}},"loc":{"start":{"line":92,"column":0},"end":{"line":96,"column":1}},"line":92},"7":{"name":"sortObject","decl":{"start":{"line":98,"column":0},"end":{"line":108,"column":1}},"loc":{"start":{"line":98,"column":0},"end":{"line":108,"column":1}},"line":98},"8":{"name":"importAesGcmKeyFromSecret","decl":{"start":{"line":110,"column":0},"end":{"line":113,"column":1}},"loc":{"start":{"line":110,"column":0},"end":{"line":113,"column":1}},"line":110},"9":{"name":"deriveAesGcmKey","decl":{"start":{"line":115,"column":0},"end":{"line":137,"column":1}},"loc":{"start":{"line":115,"column":0},"end":{"line":137,"column":1}},"line":115},"10":{"name":"deriveKey","decl":{"start":{"line":139,"column":0},"end":{"line":143,"column":1}},"loc":{"start":{"line":139,"column":0},"end":{"line":143,"column":1}},"line":139},"11":{"name":"generateFingerprint","decl":{"start":{"line":145,"column":0},"end":{"line":172,"column":1}},"loc":{"start":{"line":145,"column":0},"end":{"line":172,"column":1}},"line":145},"12":{"name":"encryptFingerprint","decl":{"start":{"line":174,"column":0},"end":{"line":189,"column":1}},"loc":{"start":{"line":174,"column":0},"end":{"line":189,"column":1}},"line":174},"13":{"name":"decryptFingerprint","decl":{"start":{"line":191,"column":0},"end":{"line":208,"column":1}},"loc":{"start":{"line":191,"column":0},"end":{"line":208,"column":1}},"line":191},"14":{"name":"validateFingerprint","decl":{"start":{"line":210,"column":7},"end":{"line":217,"column":1}},"loc":{"start":{"line":210,"column":7},"end":{"line":217,"column":1}},"line":210},"15":{"name":"encrypt","decl":{"start":{"line":219,"column":0},"end":{"line":249,"column":1}},"loc":{"start":{"line":219,"column":0},"end":{"line":249,"column":1}},"line":219},"16":{"name":"decrypt","decl":{"start":{"line":251,"column":0},"end":{"line":283,"column":1}},"loc":{"start":{"line":251,"column":0},"end":{"line":283,"column":1}},"line":251},"17":{"name":"generateKeyPair","decl":{"start":{"line":298,"column":0},"end":{"line":306,"column":1}},"loc":{"start":{"line":298,"column":0},"end":{"line":306,"column":1}},"line":298},"18":{"name":"deriveECDHBits","decl":{"start":{"line":314,"column":0},"end":{"line":344,"column":1}},"loc":{"start":{"line":314,"column":0},"end":{"line":344,"column":1}},"line":314},"19":{"name":"deriveSessionKey","decl":{"start":{"line":351,"column":0},"end":{"line":378,"column":1}},"loc":{"start":{"line":351,"column":0},"end":{"line":378,"column":1}},"line":351},"20":{"name":"deriveRequestKey","decl":{"start":{"line":385,"column":0},"end":{"line":414,"column":1}},"loc":{"start":{"line":385,"column":0},"end":{"line":414,"column":1}},"line":385}},"f":{"0":1,"1":65,"2":5,"3":5,"4":27,"5":28,"6":3,"7":3,"8":3,"9":2,"10":2,"11":3,"12":2,"13":2,"14":0,"15":3,"16":4,"17":5,"18":4,"19":4,"20":4}}
,"/Users/dimasmaulana/Documents/Eularix/open-source/ciph/packages/core/src/types.ts": {"path":"/Users/dimasmaulana/Documents/Eularix/open-source/ciph/packages/core/src/types.ts","all":false,"statementMap":{"113":{"start":{"line":114,"column":0},"end":{"line":114,"column":38}},"114":{"start":{"line":115,"column":0},"end":{"line":115,"column":14}},"115":{"start":{"line":116,"column":0},"end":{"line":116,"column":40}},"116":{"start":{"line":117,"column":0},"end":{"line":117,"column":20}},"117":{"start":{"line":118,"column":0},"end":{"line":118,"column":35}},"118":{"start":{"line":119,"column":0},"end":{"line":119,"column":5}},"119":{"start":{"line":120,"column":0},"end":{"line":120,"column":18}},"120":{"start":{"line":121,"column":0},"end":{"line":121,"column":27}},"121":{"start":{"line":122,"column":0},"end":{"line":122,"column":3}},"122":{"start":{"line":123,"column":0},"end":{"line":123,"column":1}}},"s":{"113":1,"114":1,"115":0,"116":0,"117":0,"118":0,"119":0,"120":0,"121":0,"122":1},"branchMap":{},"b":{},"fnMap":{"0":{"name":"CiphError","decl":{"start":{"line":115,"column":2},"end":{"line":122,"column":3}},"loc":{"start":{"line":115,"column":2},"end":{"line":122,"column":3}},"line":115}},"f":{"0":0}}
}
