mode: set
github.com/Eularix/ciph/modules/ciph-go/middleware/devtools.go:19.53,20.18 1 1
github.com/Eularix/ciph/modules/ciph-go/middleware/devtools.go:20.18,22.3 1 0
github.com/Eularix/ciph/modules/ciph-go/middleware/devtools.go:23.2,26.3 1 1
github.com/Eularix/ciph/modules/ciph-go/middleware/devtools.go:30.58,34.31 3 0
github.com/Eularix/ciph/modules/ciph-go/middleware/devtools.go:34.31,36.3 1 0
github.com/Eularix/ciph/modules/ciph-go/middleware/devtools.go:36.8,39.3 1 0
github.com/Eularix/ciph/modules/ciph-go/middleware/devtools.go:43.57,50.2 5 0
github.com/Eularix/ciph/modules/ciph-go/middleware/devtools.go:53.35,57.2 3 0
github.com/Eularix/ciph/modules/ciph-go/middleware/devtools.go:60.38,64.2 3 1
github.com/Eularix/ciph/modules/ciph-go/middleware/devtools.go:67.84,68.71 1 0
github.com/Eularix/ciph/modules/ciph-go/middleware/devtools.go:68.71,73.28 4 0
github.com/Eularix/ciph/modules/ciph-go/middleware/devtools.go:73.28,76.4 2 0
github.com/Eularix/ciph/modules/ciph-go/middleware/devtools.go:78.3,78.49 1 0
github.com/Eularix/ciph/modules/ciph-go/middleware/devtools.go:78.49,82.4 3 0
github.com/Eularix/ciph/modules/ciph-go/middleware/devtools.go:84.3,84.54 1 0
github.com/Eularix/ciph/modules/ciph-go/middleware/devtools.go:84.54,88.4 3 0
github.com/Eularix/ciph/modules/ciph-go/middleware/devtools.go:90.3,90.57 1 0
github.com/Eularix/ciph/modules/ciph-go/middleware/devtools.go:90.57,95.4 4 0
github.com/Eularix/ciph/modules/ciph-go/middleware/devtools.go:97.3,97.37 1 0
github.com/Eularix/ciph/modules/ciph-go/middleware/devtools.go:102.34,394.2 1 0
github.com/Eularix/ciph/modules/ciph-go/middleware/middleware.go:67.47,68.29 1 1
github.com/Eularix/ciph/modules/ciph-go/middleware/middleware.go:68.29,73.3 1 1
github.com/Eularix/ciph/modules/ciph-go/middleware/middleware.go:76.2,77.16 2 1
github.com/Eularix/ciph/modules/ciph-go/middleware/middleware.go:77.16,83.3 1 0
github.com/Eularix/ciph/modules/ciph-go/middleware/middleware.go:85.2,91.38 2 1
github.com/Eularix/ciph/modules/ciph-go/middleware/middleware.go:91.38,93.3 1 1
github.com/Eularix/ciph/modules/ciph-go/middleware/middleware.go:94.2,94.34 1 1
github.com/Eularix/ciph/modules/ciph-go/middleware/middleware.go:94.34,96.3 1 1
github.com/Eularix/ciph/modules/ciph-go/middleware/middleware.go:98.2,98.15 1 1
github.com/Eularix/ciph/modules/ciph-go/middleware/middleware.go:102.44,104.2 1 1
github.com/Eularix/ciph/modules/ciph-go/middleware/middleware.go:107.50,108.18 1 1
github.com/Eularix/ciph/modules/ciph-go/middleware/middleware.go:108.18,110.3 1 0
github.com/Eularix/ciph/modules/ciph-go/middleware/middleware.go:111.2,111.41 1 1
github.com/Eularix/ciph/modules/ciph-go/middleware/middleware.go:115.58,117.2 1 1
github.com/Eularix/ciph/modules/ciph-go/middleware/middleware.go:120.59,121.71 1 1
github.com/Eularix/ciph/modules/ciph-go/middleware/middleware.go:121.71,131.69 2 1
github.com/Eularix/ciph/modules/ciph-go/middleware/middleware.go:131.69,134.4 2 1
github.com/Eularix/ciph/modules/ciph-go/middleware/middleware.go:137.3,137.31 1 1
github.com/Eularix/ciph/modules/ciph-go/middleware/middleware.go:137.31,141.4 2 1
github.com/Eularix/ciph/modules/ciph-go/middleware/middleware.go:144.3,145.17 2 1
github.com/Eularix/ciph/modules/ciph-go/middleware/middleware.go:145.17,149.4 3 1
github.com/Eularix/ciph/modules/ciph-go/middleware/middleware.go:152.3,153.46 2 1
github.com/Eularix/ciph/modules/ciph-go/middleware/middleware.go:153.46,158.4 4 1
github.com/Eularix/ciph/modules/ciph-go/middleware/middleware.go:162.3,175.30 5 1
github.com/Eularix/ciph/modules/ciph-go/middleware/middleware.go:175.30,177.66 2 1
github.com/Eularix/ciph/modules/ciph-go/middleware/middleware.go:177.66,179.5 1 1
github.com/Eularix/ciph/modules/ciph-go/middleware/middleware.go:179.10,181.5 1 0
github.com/Eularix/ciph/modules/ciph-go/middleware/middleware.go:185.3,185.68 1 1
github.com/Eularix/ciph/modules/ciph-go/middleware/middleware.go:185.68,189.4 3 0
github.com/Eularix/ciph/modules/ciph-go/middleware/middleware.go:191.3,191.22 1 1
github.com/Eularix/ciph/modules/ciph-go/middleware/middleware.go:196.99,201.27 3 1
github.com/Eularix/ciph/modules/ciph-go/middleware/middleware.go:201.27,202.32 1 1
github.com/Eularix/ciph/modules/ciph-go/middleware/middleware.go:202.32,204.4 1 1
github.com/Eularix/ciph/modules/ciph-go/middleware/middleware.go:205.3,211.4 4 1
github.com/Eularix/ciph/modules/ciph-go/middleware/middleware.go:214.2,219.29 4 1
github.com/Eularix/ciph/modules/ciph-go/middleware/middleware.go:219.29,227.3 4 1
github.com/Eularix/ciph/modules/ciph-go/middleware/middleware.go:230.2,231.16 2 1
github.com/Eularix/ciph/modules/ciph-go/middleware/middleware.go:231.16,236.3 4 0
github.com/Eularix/ciph/modules/ciph-go/middleware/middleware.go:239.2,240.16 2 1
github.com/Eularix/ciph/modules/ciph-go/middleware/middleware.go:240.16,249.3 4 0
github.com/Eularix/ciph/modules/ciph-go/middleware/middleware.go:251.2,255.16 3 1
github.com/Eularix/ciph/modules/ciph-go/middleware/middleware.go:255.16,264.3 4 0
github.com/Eularix/ciph/modules/ciph-go/middleware/middleware.go:267.2,268.75 2 1
github.com/Eularix/ciph/modules/ciph-go/middleware/middleware.go:268.75,277.3 4 0
github.com/Eularix/ciph/modules/ciph-go/middleware/middleware.go:280.2,285.50 5 1
github.com/Eularix/ciph/modules/ciph-go/middleware/middleware.go:285.50,293.3 4 1
github.com/Eularix/ciph/modules/ciph-go/middleware/middleware.go:296.2,301.16 4 1
github.com/Eularix/ciph/modules/ciph-go/middleware/middleware.go:301.16,310.3 4 0
github.com/Eularix/ciph/modules/ciph-go/middleware/middleware.go:313.2,314.120 2 1
github.com/Eularix/ciph/modules/ciph-go/middleware/middleware.go:314.120,315.48 1 1
github.com/Eularix/ciph/modules/ciph-go/middleware/middleware.go:315.48,323.4 4 1
github.com/Eularix/ciph/modules/ciph-go/middleware/middleware.go:325.3,326.17 2 1
github.com/Eularix/ciph/modules/ciph-go/middleware/middleware.go:326.17,335.4 4 0
github.com/Eularix/ciph/modules/ciph-go/middleware/middleware.go:336.3,343.58 4 1
github.com/Eularix/ciph/modules/ciph-go/middleware/middleware.go:343.58,351.4 4 0
github.com/Eularix/ciph/modules/ciph-go/middleware/middleware.go:353.3,354.17 2 1
github.com/Eularix/ciph/modules/ciph-go/middleware/middleware.go:354.17,359.4 4 1
github.com/Eularix/ciph/modules/ciph-go/middleware/middleware.go:360.3,364.60 3 1
github.com/Eularix/ciph/modules/ciph-go/middleware/middleware.go:364.60,366.4 1 1
github.com/Eularix/ciph/modules/ciph-go/middleware/middleware.go:366.9,368.4 1 0
github.com/Eularix/ciph/modules/ciph-go/middleware/middleware.go:372.2,377.17 5 1
github.com/Eularix/ciph/modules/ciph-go/middleware/middleware.go:382.71,385.31 2 1
github.com/Eularix/ciph/modules/ciph-go/middleware/middleware.go:385.31,386.32 1 1
github.com/Eularix/ciph/modules/ciph-go/middleware/middleware.go:386.32,388.4 1 1
github.com/Eularix/ciph/modules/ciph-go/middleware/middleware.go:392.2,396.13 3 1
github.com/Eularix/ciph/modules/ciph-go/middleware/middleware.go:400.36,403.2 2 1
github.com/Eularix/ciph/modules/ciph-go/middleware/middleware.go:406.103,408.26 2 1
github.com/Eularix/ciph/modules/ciph-go/middleware/middleware.go:408.26,414.3 3 1
github.com/Eularix/ciph/modules/ciph-go/middleware/middleware.go:416.2,419.20 3 1
github.com/Eularix/ciph/modules/ciph-go/middleware/middleware.go:419.20,422.3 2 0
github.com/Eularix/ciph/modules/ciph-go/middleware/middleware.go:424.2,425.16 2 1
github.com/Eularix/ciph/modules/ciph-go/middleware/middleware.go:425.16,434.3 4 0
github.com/Eularix/ciph/modules/ciph-go/middleware/middleware.go:437.2,449.12 7 1
github.com/Eularix/ciph/modules/ciph-go/middleware/middleware.go:453.78,459.2 3 1
github.com/Eularix/ciph/modules/ciph-go/middleware/middleware.go:462.51,463.47 1 1
github.com/Eularix/ciph/modules/ciph-go/middleware/middleware.go:463.47,464.20 1 1
github.com/Eularix/ciph/modules/ciph-go/middleware/middleware.go:464.20,466.4 1 1
github.com/Eularix/ciph/modules/ciph-go/middleware/middleware.go:468.3,468.37 1 1
github.com/Eularix/ciph/modules/ciph-go/middleware/middleware.go:468.37,470.61 2 1
github.com/Eularix/ciph/modules/ciph-go/middleware/middleware.go:470.61,472.5 1 1
github.com/Eularix/ciph/modules/ciph-go/middleware/middleware.go:475.2,475.14 1 1
github.com/Eularix/ciph/modules/ciph-go/middleware/middleware.go:479.56,481.29 2 1
github.com/Eularix/ciph/modules/ciph-go/middleware/middleware.go:481.29,482.17 1 1
github.com/Eularix/ciph/modules/ciph-go/middleware/middleware.go:482.17,484.4 1 1
github.com/Eularix/ciph/modules/ciph-go/middleware/middleware.go:486.2,486.16 1 1
github.com/Eularix/ciph/modules/ciph-go/middleware/middleware.go:490.42,492.55 1 1
github.com/Eularix/ciph/modules/ciph-go/middleware/middleware.go:492.55,495.3 2 0
github.com/Eularix/ciph/modules/ciph-go/middleware/middleware.go:498.2,498.49 1 1
github.com/Eularix/ciph/modules/ciph-go/middleware/middleware.go:498.49,500.3 1 0
github.com/Eularix/ciph/modules/ciph-go/middleware/middleware.go:503.2,504.11 2 1
github.com/Eularix/ciph/modules/ciph-go/middleware/middleware.go:508.67,513.43 4 1
github.com/Eularix/ciph/modules/ciph-go/middleware/middleware.go:513.43,516.3 2 1
github.com/Eularix/ciph/modules/ciph-go/middleware/middleware.go:516.8,519.3 2 0
github.com/Eularix/ciph/modules/ciph-go/middleware/middleware.go:522.2,522.14 1 1
github.com/Eularix/ciph/modules/ciph-go/middleware/middleware.go:523.94,524.35 1 1
github.com/Eularix/ciph/modules/ciph-go/middleware/middleware.go:525.28,526.33 1 1
github.com/Eularix/ciph/modules/ciph-go/middleware/middleware.go:527.28,528.44 1 1
github.com/Eularix/ciph/modules/ciph-go/middleware/middleware.go:529.28,530.42 1 0
github.com/Eularix/ciph/modules/ciph-go/middleware/middleware.go:531.10,532.42 1 0
github.com/Eularix/ciph/modules/ciph-go/middleware/middleware.go:535.2,540.4 3 1
github.com/Eularix/ciph/modules/ciph-go/middleware/middleware.go:544.29,548.2 3 0
github.com/Eularix/ciph/modules/ciph-go/middleware/middleware.go:551.68,552.23 1 1
github.com/Eularix/ciph/modules/ciph-go/middleware/middleware.go:552.23,554.3 1 1
github.com/Eularix/ciph/modules/ciph-go/middleware/middleware.go:556.2,585.38 3 0
github.com/Eularix/ciph/modules/ciph-go/middleware/middleware.go:585.38,590.3 1 0
github.com/Eularix/ciph/modules/ciph-go/middleware/middleware.go:592.2,592.24 1 0
github.com/Eularix/ciph/modules/ciph-go/middleware/middleware.go:596.37,597.14 1 0
github.com/Eularix/ciph/modules/ciph-go/middleware/middleware.go:598.94,599.33 1 0
github.com/Eularix/ciph/modules/ciph-go/middleware/middleware.go:600.28,601.31 1 0
github.com/Eularix/ciph/modules/ciph-go/middleware/middleware.go:602.28,603.42 1 0
github.com/Eularix/ciph/modules/ciph-go/middleware/middleware.go:604.28,605.40 1 0
github.com/Eularix/ciph/modules/ciph-go/middleware/middleware.go:606.10,607.40 1 0
github.com/Eularix/ciph/modules/ciph-go/middleware/middleware.go:620.50,623.2 1 0
github.com/Eularix/ciph/modules/ciph-go/middleware/middleware.go:625.55,628.2 1 1
