{"/Users/dimasmaulana/Documents/Eularix/open-source/ciph/packages/devtools-server/src/index.ts": {"path":"/Users/dimasmaulana/Documents/Eularix/open-source/ciph/packages/devtools-server/src/index.ts","all":false,"statementMap":{"0":{"start":{"line":1,"column":0},"end":{"line":1,"column":47}},"16":{"start":{"line":17,"column":0},"end":{"line":17,"column":25}},"17":{"start":{"line":18,"column":0},"end":{"line":18,"column":28}},"18":{"start":{"line":19,"column":0},"end":{"line":19,"column":34}},"20":{"start":{"line":21,"column":0},"end":{"line":21,"column":52}},"21":{"start":{"line":22,"column":0},"end":{"line":22,"column":25}},"110":{"start":{"line":111,"column":0},"end":{"line":111,"column":26}},"240":{"start":{"line":241,"column":0},"end":{"line":241,"column":1}},"246":{"start":{"line":247,"column":0},"end":{"line":247,"column":33}},"247":{"start":{"line":248,"column":0},"end":{"line":248,"column":31}},"248":{"start":{"line":249,"column":0},"end":{"line":249,"column":34}},"249":{"start":{"line":250,"column":0},"end":{"line":250,"column":33}},"251":{"start":{"line":252,"column":0},"end":{"line":252,"column":45}},"252":{"start":{"line":253,"column":0},"end":{"line":253,"column":51}},"254":{"start":{"line":255,"column":0},"end":{"line":255,"column":38}},"255":{"start":{"line":256,"column":0},"end":{"line":256,"column":49}},"256":{"start":{"line":257,"column":0},"end":{"line":257,"column":23}},"257":{"start":{"line":258,"column":0},"end":{"line":258,"column":71}},"259":{"start":{"line":260,"column":0},"end":{"line":260,"column":56}},"260":{"start":{"line":261,"column":0},"end":{"line":261,"column":44}},"261":{"start":{"line":262,"column":0},"end":{"line":262,"column":54}},"262":{"start":{"line":263,"column":0},"end":{"line":263,"column":34}},"263":{"start":{"line":264,"column":0},"end":{"line":264,"column":3}},"265":{"start":{"line":266,"column":0},"end":{"line":266,"column":32}},"266":{"start":{"line":267,"column":0},"end":{"line":267,"column":27}},"267":{"start":{"line":268,"column":0},"end":{"line":268,"column":48}},"268":{"start":{"line":269,"column":0},"end":{"line":269,"column":72}},"269":{"start":{"line":270,"column":0},"end":{"line":270,"column":5}},"271":{"start":{"line":272,"column":0},"end":{"line":272,"column":48}},"272":{"start":{"line":273,"column":0},"end":{"line":273,"column":92}},"273":{"start":{"line":274,"column":0},"end":{"line":274,"column":78}},"274":{"start":{"line":275,"column":0},"end":{"line":275,"column":5}},"276":{"start":{"line":277,"column":0},"end":{"line":277,"column":52}},"277":{"start":{"line":278,"column":0},"end":{"line":278,"column":27}},"278":{"start":{"line":279,"column":0},"end":{"line":279,"column":29}},"279":{"start":{"line":280,"column":0},"end":{"line":280,"column":5}},"281":{"start":{"line":282,"column":0},"end":{"line":282,"column":39}},"283":{"start":{"line":284,"column":0},"end":{"line":284,"column":51}},"284":{"start":{"line":285,"column":0},"end":{"line":285,"column":31}},"285":{"start":{"line":286,"column":0},"end":{"line":286,"column":6}},"287":{"start":{"line":288,"column":0},"end":{"line":288,"column":59}},"289":{"start":{"line":290,"column":0},"end":{"line":290,"column":54}},"290":{"start":{"line":291,"column":0},"end":{"line":291,"column":27}},"291":{"start":{"line":292,"column":0},"end":{"line":292,"column":24}},"292":{"start":{"line":293,"column":0},"end":{"line":293,"column":14}},"293":{"start":{"line":294,"column":0},"end":{"line":294,"column":7}},"295":{"start":{"line":296,"column":0},"end":{"line":296,"column":86}},"296":{"start":{"line":297,"column":0},"end":{"line":297,"column":39}},"297":{"start":{"line":298,"column":0},"end":{"line":298,"column":24}},"298":{"start":{"line":299,"column":0},"end":{"line":299,"column":14}},"299":{"start":{"line":300,"column":0},"end":{"line":300,"column":7}},"301":{"start":{"line":302,"column":0},"end":{"line":302,"column":54}},"302":{"start":{"line":303,"column":0},"end":{"line":303,"column":24}},"303":{"start":{"line":304,"column":0},"end":{"line":304,"column":14}},"304":{"start":{"line":305,"column":0},"end":{"line":305,"column":7}},"306":{"start":{"line":307,"column":0},"end":{"line":307,"column":62}},"307":{"start":{"line":308,"column":0},"end":{"line":308,"column":30}},"308":{"start":{"line":309,"column":0},"end":{"line":309,"column":30}},"309":{"start":{"line":310,"column":0},"end":{"line":310,"column":35}},"310":{"start":{"line":311,"column":0},"end":{"line":311,"column":10}},"311":{"start":{"line":312,"column":0},"end":{"line":312,"column":8}},"312":{"start":{"line":313,"column":0},"end":{"line":313,"column":6}},"314":{"start":{"line":315,"column":0},"end":{"line":315,"column":50}},"315":{"start":{"line":316,"column":0},"end":{"line":316,"column":47}},"316":{"start":{"line":317,"column":0},"end":{"line":317,"column":21}},"317":{"start":{"line":318,"column":0},"end":{"line":318,"column":7}},"319":{"start":{"line":320,"column":0},"end":{"line":320,"column":41}},"320":{"start":{"line":321,"column":0},"end":{"line":321,"column":44}},"321":{"start":{"line":322,"column":0},"end":{"line":322,"column":42}},"322":{"start":{"line":323,"column":0},"end":{"line":323,"column":35}},"323":{"start":{"line":324,"column":0},"end":{"line":324,"column":17}},"324":{"start":{"line":325,"column":0},"end":{"line":325,"column":8}},"325":{"start":{"line":326,"column":0},"end":{"line":326,"column":6}},"326":{"start":{"line":327,"column":0},"end":{"line":327,"column":3}},"328":{"start":{"line":329,"column":0},"end":{"line":329,"column":31}},"329":{"start":{"line":330,"column":0},"end":{"line":330,"column":28}},"331":{"start":{"line":332,"column":0},"end":{"line":332,"column":59}},"332":{"start":{"line":333,"column":0},"end":{"line":333,"column":63}},"333":{"start":{"line":334,"column":0},"end":{"line":334,"column":5}},"335":{"start":{"line":336,"column":0},"end":{"line":336,"column":27}},"337":{"start":{"line":338,"column":0},"end":{"line":338,"column":42}},"338":{"start":{"line":339,"column":0},"end":{"line":339,"column":20}},"339":{"start":{"line":340,"column":0},"end":{"line":340,"column":5}},"340":{"start":{"line":341,"column":0},"end":{"line":341,"column":26}},"342":{"start":{"line":343,"column":0},"end":{"line":343,"column":24}},"343":{"start":{"line":344,"column":0},"end":{"line":344,"column":44}},"344":{"start":{"line":345,"column":0},"end":{"line":345,"column":45}},"345":{"start":{"line":346,"column":0},"end":{"line":346,"column":8}},"346":{"start":{"line":347,"column":0},"end":{"line":347,"column":26}},"347":{"start":{"line":348,"column":0},"end":{"line":348,"column":5}},"349":{"start":{"line":350,"column":0},"end":{"line":350,"column":37}},"350":{"start":{"line":351,"column":0},"end":{"line":351,"column":22}},"352":{"start":{"line":353,"column":0},"end":{"line":353,"column":50}},"353":{"start":{"line":354,"column":0},"end":{"line":354,"column":36}},"354":{"start":{"line":355,"column":0},"end":{"line":355,"column":18}},"355":{"start":{"line":356,"column":0},"end":{"line":356,"column":21}},"356":{"start":{"line":357,"column":0},"end":{"line":357,"column":16}},"357":{"start":{"line":358,"column":0},"end":{"line":358,"column":9}},"358":{"start":{"line":359,"column":0},"end":{"line":359,"column":17}},"359":{"start":{"line":360,"column":0},"end":{"line":360,"column":8}},"360":{"start":{"line":361,"column":0},"end":{"line":361,"column":6}},"361":{"start":{"line":362,"column":0},"end":{"line":362,"column":3}},"363":{"start":{"line":364,"column":0},"end":{"line":364,"column":30}},"364":{"start":{"line":365,"column":0},"end":{"line":365,"column":25}},"365":{"start":{"line":366,"column":0},"end":{"line":366,"column":3}},"367":{"start":{"line":368,"column":0},"end":{"line":368,"column":21}},"368":{"start":{"line":369,"column":0},"end":{"line":369,"column":24}},"369":{"start":{"line":370,"column":0},"end":{"line":370,"column":3}},"371":{"start":{"line":372,"column":0},"end":{"line":372,"column":33}},"372":{"start":{"line":373,"column":0},"end":{"line":373,"column":12}},"373":{"start":{"line":374,"column":0},"end":{"line":374,"column":34}},"374":{"start":{"line":375,"column":0},"end":{"line":375,"column":28}},"375":{"start":{"line":376,"column":0},"end":{"line":376,"column":45}},"376":{"start":{"line":377,"column":0},"end":{"line":377,"column":68}},"377":{"start":{"line":378,"column":0},"end":{"line":378,"column":5}},"378":{"start":{"line":379,"column":0},"end":{"line":379,"column":3}},"380":{"start":{"line":381,"column":0},"end":{"line":381,"column":45}},"381":{"start":{"line":382,"column":0},"end":{"line":382,"column":26}},"382":{"start":{"line":383,"column":0},"end":{"line":383,"column":42}},"383":{"start":{"line":384,"column":0},"end":{"line":384,"column":21}},"384":{"start":{"line":385,"column":0},"end":{"line":385,"column":5}},"385":{"start":{"line":386,"column":0},"end":{"line":386,"column":3}},"387":{"start":{"line":388,"column":0},"end":{"line":388,"column":47}},"388":{"start":{"line":389,"column":0},"end":{"line":389,"column":36}},"389":{"start":{"line":390,"column":0},"end":{"line":390,"column":39}},"390":{"start":{"line":391,"column":0},"end":{"line":391,"column":42}},"391":{"start":{"line":392,"column":0},"end":{"line":392,"column":49}},"392":{"start":{"line":393,"column":0},"end":{"line":393,"column":28}},"393":{"start":{"line":394,"column":0},"end":{"line":394,"column":7}},"394":{"start":{"line":395,"column":0},"end":{"line":395,"column":5}},"395":{"start":{"line":396,"column":0},"end":{"line":396,"column":3}},"397":{"start":{"line":398,"column":0},"end":{"line":398,"column":71}},"398":{"start":{"line":399,"column":0},"end":{"line":399,"column":84}},"399":{"start":{"line":400,"column":0},"end":{"line":400,"column":38}},"400":{"start":{"line":401,"column":0},"end":{"line":401,"column":37}},"403":{"start":{"line":404,"column":0},"end":{"line":404,"column":31}},"404":{"start":{"line":405,"column":0},"end":{"line":405,"column":42}},"405":{"start":{"line":406,"column":0},"end":{"line":406,"column":12}},"406":{"start":{"line":407,"column":0},"end":{"line":407,"column":5}},"409":{"start":{"line":410,"column":0},"end":{"line":410,"column":51}},"410":{"start":{"line":411,"column":0},"end":{"line":411,"column":63}},"411":{"start":{"line":412,"column":0},"end":{"line":412,"column":46}},"412":{"start":{"line":413,"column":0},"end":{"line":413,"column":72}},"413":{"start":{"line":414,"column":0},"end":{"line":414,"column":40}},"414":{"start":{"line":415,"column":0},"end":{"line":415,"column":12}},"415":{"start":{"line":416,"column":0},"end":{"line":416,"column":5}},"417":{"start":{"line":418,"column":0},"end":{"line":418,"column":47}},"418":{"start":{"line":419,"column":0},"end":{"line":419,"column":29}},"419":{"start":{"line":420,"column":0},"end":{"line":420,"column":114}},"420":{"start":{"line":421,"column":0},"end":{"line":421,"column":14}},"421":{"start":{"line":422,"column":0},"end":{"line":422,"column":7}},"422":{"start":{"line":423,"column":0},"end":{"line":423,"column":32}},"423":{"start":{"line":424,"column":0},"end":{"line":424,"column":24}},"424":{"start":{"line":425,"column":0},"end":{"line":425,"column":54}},"425":{"start":{"line":426,"column":0},"end":{"line":426,"column":14}},"426":{"start":{"line":427,"column":0},"end":{"line":427,"column":7}},"427":{"start":{"line":428,"column":0},"end":{"line":428,"column":5}},"429":{"start":{"line":430,"column":0},"end":{"line":430,"column":68}},"430":{"start":{"line":431,"column":0},"end":{"line":431,"column":55}},"431":{"start":{"line":432,"column":0},"end":{"line":432,"column":12}},"432":{"start":{"line":433,"column":0},"end":{"line":433,"column":5}},"434":{"start":{"line":435,"column":0},"end":{"line":435,"column":62}},"435":{"start":{"line":436,"column":0},"end":{"line":436,"column":3}},"437":{"start":{"line":438,"column":0},"end":{"line":438,"column":20}},"438":{"start":{"line":439,"column":0},"end":{"line":439,"column":24}},"439":{"start":{"line":440,"column":0},"end":{"line":440,"column":23}},"440":{"start":{"line":441,"column":0},"end":{"line":441,"column":18}},"441":{"start":{"line":442,"column":0},"end":{"line":442,"column":26}},"442":{"start":{"line":443,"column":0},"end":{"line":443,"column":11}},"443":{"start":{"line":444,"column":0},"end":{"line":444,"column":42}},"444":{"start":{"line":445,"column":0},"end":{"line":445,"column":55}},"445":{"start":{"line":446,"column":0},"end":{"line":446,"column":5}},"447":{"start":{"line":448,"column":0},"end":{"line":448,"column":63}},"448":{"start":{"line":449,"column":0},"end":{"line":449,"column":60}},"449":{"start":{"line":450,"column":0},"end":{"line":450,"column":68}},"450":{"start":{"line":451,"column":0},"end":{"line":451,"column":62}},"451":{"start":{"line":452,"column":0},"end":{"line":452,"column":29}},"452":{"start":{"line":453,"column":0},"end":{"line":453,"column":5}},"454":{"start":{"line":455,"column":0},"end":{"line":455,"column":38}},"455":{"start":{"line":456,"column":0},"end":{"line":456,"column":29}},"456":{"start":{"line":457,"column":0},"end":{"line":457,"column":15}},"457":{"start":{"line":458,"column":0},"end":{"line":458,"column":12}},"458":{"start":{"line":459,"column":0},"end":{"line":459,"column":5}},"460":{"start":{"line":461,"column":0},"end":{"line":461,"column":33}},"461":{"start":{"line":462,"column":0},"end":{"line":462,"column":3}},"463":{"start":{"line":464,"column":0},"end":{"line":464,"column":53}},"464":{"start":{"line":465,"column":0},"end":{"line":465,"column":29}},"466":{"start":{"line":467,"column":0},"end":{"line":467,"column":54}},"467":{"start":{"line":468,"column":0},"end":{"line":468,"column":42}},"468":{"start":{"line":469,"column":0},"end":{"line":469,"column":44}},"469":{"start":{"line":470,"column":0},"end":{"line":470,"column":44}},"470":{"start":{"line":471,"column":0},"end":{"line":471,"column":37}},"471":{"start":{"line":472,"column":0},"end":{"line":472,"column":3}},"472":{"start":{"line":473,"column":0},"end":{"line":473,"column":1}}},"s":{"0":1,"16":1,"17":1,"18":1,"20":0,"21":0,"110":0,"240":0,"246":1,"247":9,"248":9,"249":9,"251":9,"252":9,"254":9,"255":9,"256":9,"257":9,"259":9,"260":9,"261":9,"262":9,"263":9,"265":9,"266":10,"267":10,"268":0,"269":0,"271":10,"272":10,"273":0,"274":0,"276":10,"277":11,"278":11,"279":11,"281":10,"283":10,"284":6,"285":10,"287":10,"289":10,"290":1,"291":0,"292":0,"293":0,"295":1,"296":1,"297":0,"298":0,"299":0,"301":1,"302":0,"303":0,"304":0,"306":1,"307":1,"308":1,"309":1,"310":1,"311":1,"312":10,"314":10,"315":10,"316":0,"317":0,"319":10,"320":10,"321":10,"322":10,"323":10,"324":10,"325":10,"326":10,"328":9,"329":10,"331":10,"332":10,"333":10,"335":10,"337":10,"338":1,"339":1,"340":10,"342":10,"343":10,"344":10,"345":10,"346":10,"347":10,"349":10,"350":10,"352":10,"353":10,"354":10,"355":0,"356":0,"357":0,"358":10,"359":10,"360":10,"361":10,"363":9,"364":6,"365":6,"367":9,"368":1,"369":1,"371":9,"372":3,"373":3,"374":3,"375":3,"376":3,"377":3,"378":3,"380":9,"381":11,"382":11,"383":1,"384":1,"385":11,"387":9,"388":11,"389":1,"390":1,"391":1,"392":1,"393":1,"394":1,"395":11,"397":9,"398":6,"399":6,"400":6,"403":6,"404":0,"405":0,"406":0,"409":6,"410":0,"411":0,"412":0,"413":0,"414":0,"415":0,"417":6,"418":5,"419":4,"420":4,"421":4,"422":1,"423":1,"424":1,"425":1,"426":1,"427":5,"429":6,"430":1,"431":1,"432":1,"434":0,"435":6,"437":9,"438":6,"439":6,"440":6,"441":6,"442":6,"443":6,"444":6,"445":6,"447":6,"448":1,"449":1,"450":1,"451":1,"452":1,"454":6,"455":6,"456":0,"457":0,"458":0,"460":6,"461":6,"463":9,"464":3,"466":3,"467":3,"468":3,"469":3,"470":3,"471":3,"472":9},"branchMap":{"0":{"type":"branch","line":247,"loc":{"start":{"line":247,"column":32},"end":{"line":473,"column":1}},"locations":[{"start":{"line":247,"column":32},"end":{"line":473,"column":1}}]},"1":{"type":"branch","line":260,"loc":{"start":{"line":260,"column":2},"end":{"line":264,"column":3}},"locations":[{"start":{"line":260,"column":2},"end":{"line":264,"column":3}}]},"2":{"type":"branch","line":261,"loc":{"start":{"line":261,"column":24},"end":{"line":261,"column":44}},"locations":[{"start":{"line":261,"column":24},"end":{"line":261,"column":44}}]},"3":{"type":"branch","line":262,"loc":{"start":{"line":262,"column":27},"end":{"line":262,"column":54}},"locations":[{"start":{"line":262,"column":27},"end":{"line":262,"column":54}}]},"4":{"type":"branch","line":263,"loc":{"start":{"line":263,"column":24},"end":{"line":263,"column":34}},"locations":[{"start":{"line":263,"column":24},"end":{"line":263,"column":34}}]},"5":{"type":"branch","line":266,"loc":{"start":{"line":266,"column":2},"end":{"line":327,"column":3}},"locations":[{"start":{"line":266,"column":2},"end":{"line":327,"column":3}}]},"6":{"type":"branch","line":267,"loc":{"start":{"line":267,"column":21},"end":{"line":267,"column":27}},"locations":[{"start":{"line":267,"column":21},"end":{"line":267,"column":27}}]},"7":{"type":"branch","line":268,"loc":{"start":{"line":268,"column":47},"end":{"line":270,"column":5}},"locations":[{"start":{"line":268,"column":47},"end":{"line":270,"column":5}}]},"8":{"type":"branch","line":273,"loc":{"start":{"line":273,"column":91},"end":{"line":275,"column":5}},"locations":[{"start":{"line":273,"column":91},"end":{"line":275,"column":5}}]},"9":{"type":"branch","line":277,"loc":{"start":{"line":277,"column":23},"end":{"line":280,"column":5}},"locations":[{"start":{"line":277,"column":23},"end":{"line":280,"column":5}}]},"10":{"type":"branch","line":284,"loc":{"start":{"line":284,"column":36},"end":{"line":286,"column":5}},"locations":[{"start":{"line":284,"column":36},"end":{"line":286,"column":5}}]},"11":{"type":"branch","line":290,"loc":{"start":{"line":290,"column":30},"end":{"line":313,"column":5}},"locations":[{"start":{"line":290,"column":30},"end":{"line":313,"column":5}}]},"12":{"type":"branch","line":291,"loc":{"start":{"line":291,"column":26},"end":{"line":294,"column":7}},"locations":[{"start":{"line":291,"column":26},"end":{"line":294,"column":7}}]},"13":{"type":"branch","line":296,"loc":{"start":{"line":296,"column":30},"end":{"line":296,"column":42}},"locations":[{"start":{"line":296,"column":30},"end":{"line":296,"column":42}}]},"14":{"type":"branch","line":296,"loc":{"start":{"line":296,"column":64},"end":{"line":296,"column":83}},"locations":[{"start":{"line":296,"column":64},"end":{"line":296,"column":83}}]},"15":{"type":"branch","line":297,"loc":{"start":{"line":297,"column":38},"end":{"line":300,"column":7}},"locations":[{"start":{"line":297,"column":38},"end":{"line":300,"column":7}}]},"16":{"type":"branch","line":302,"loc":{"start":{"line":302,"column":53},"end":{"line":305,"column":7}},"locations":[{"start":{"line":302,"column":53},"end":{"line":305,"column":7}}]},"17":{"type":"branch","line":307,"loc":{"start":{"line":307,"column":53},"end":{"line":312,"column":7}},"locations":[{"start":{"line":307,"column":53},"end":{"line":312,"column":7}}]},"18":{"type":"branch","line":309,"loc":{"start":{"line":309,"column":23},"end":{"line":311,"column":9}},"locations":[{"start":{"line":309,"column":23},"end":{"line":311,"column":9}}]},"19":{"type":"branch","line":315,"loc":{"start":{"line":315,"column":28},"end":{"line":326,"column":5}},"locations":[{"start":{"line":315,"column":28},"end":{"line":326,"column":5}}]},"20":{"type":"branch","line":321,"loc":{"start":{"line":321,"column":37},"end":{"line":325,"column":7}},"locations":[{"start":{"line":321,"column":37},"end":{"line":325,"column":7}}]},"21":{"type":"branch","line":329,"loc":{"start":{"line":329,"column":2},"end":{"line":362,"column":3}},"locations":[{"start":{"line":329,"column":2},"end":{"line":362,"column":3}}]},"22":{"type":"branch","line":330,"loc":{"start":{"line":330,"column":22},"end":{"line":330,"column":28}},"locations":[{"start":{"line":330,"column":22},"end":{"line":330,"column":28}}]},"23":{"type":"branch","line":338,"loc":{"start":{"line":338,"column":41},"end":{"line":340,"column":5}},"locations":[{"start":{"line":338,"column":41},"end":{"line":340,"column":5}}]},"24":{"type":"branch","line":344,"loc":{"start":{"line":344,"column":30},"end":{"line":346,"column":7}},"locations":[{"start":{"line":344,"column":30},"end":{"line":346,"column":7}}]},"25":{"type":"branch","line":345,"loc":{"start":{"line":345,"column":29},"end":{"line":345,"column":44}},"locations":[{"start":{"line":345,"column":29},"end":{"line":345,"column":44}}]},"26":{"type":"branch","line":353,"loc":{"start":{"line":353,"column":28},"end":{"line":361,"column":5}},"locations":[{"start":{"line":353,"column":28},"end":{"line":361,"column":5}}]},"27":{"type":"branch","line":354,"loc":{"start":{"line":354,"column":26},"end":{"line":360,"column":7}},"locations":[{"start":{"line":354,"column":26},"end":{"line":360,"column":7}}]},"28":{"type":"branch","line":355,"loc":{"start":{"line":355,"column":17},"end":{"line":358,"column":9}},"locations":[{"start":{"line":355,"column":17},"end":{"line":358,"column":9}}]},"29":{"type":"branch","line":364,"loc":{"start":{"line":364,"column":2},"end":{"line":366,"column":3}},"locations":[{"start":{"line":364,"column":2},"end":{"line":366,"column":3}}]},"30":{"type":"branch","line":368,"loc":{"start":{"line":368,"column":2},"end":{"line":370,"column":3}},"locations":[{"start":{"line":368,"column":2},"end":{"line":370,"column":3}}]},"31":{"type":"branch","line":372,"loc":{"start":{"line":372,"column":2},"end":{"line":379,"column":3}},"locations":[{"start":{"line":372,"column":2},"end":{"line":379,"column":3}}]},"32":{"type":"branch","line":377,"loc":{"start":{"line":377,"column":55},"end":{"line":377,"column":68}},"locations":[{"start":{"line":377,"column":55},"end":{"line":377,"column":68}}]},"33":{"type":"branch","line":381,"loc":{"start":{"line":381,"column":10},"end":{"line":386,"column":3}},"locations":[{"start":{"line":381,"column":10},"end":{"line":386,"column":3}}]},"34":{"type":"branch","line":383,"loc":{"start":{"line":383,"column":41},"end":{"line":385,"column":5}},"locations":[{"start":{"line":383,"column":41},"end":{"line":385,"column":5}}]},"35":{"type":"branch","line":388,"loc":{"start":{"line":388,"column":10},"end":{"line":396,"column":3}},"locations":[{"start":{"line":388,"column":10},"end":{"line":396,"column":3}}]},"36":{"type":"branch","line":389,"loc":{"start":{"line":389,"column":30},"end":{"line":389,"column":36}},"locations":[{"start":{"line":389,"column":30},"end":{"line":389,"column":36}}]},"37":{"type":"branch","line":389,"loc":{"start":{"line":389,"column":30},"end":{"line":395,"column":5}},"locations":[{"start":{"line":389,"column":30},"end":{"line":395,"column":5}}]},"38":{"type":"branch","line":398,"loc":{"start":{"line":398,"column":10},"end":{"line":436,"column":3}},"locations":[{"start":{"line":398,"column":10},"end":{"line":436,"column":3}}]},"39":{"type":"branch","line":399,"loc":{"start":{"line":399,"column":28},"end":{"line":399,"column":40}},"locations":[{"start":{"line":399,"column":28},"end":{"line":399,"column":40}}]},"40":{"type":"branch","line":399,"loc":{"start":{"line":399,"column":62},"end":{"line":399,"column":81}},"locations":[{"start":{"line":399,"column":62},"end":{"line":399,"column":81}}]},"41":{"type":"branch","line":400,"loc":{"start":{"line":400,"column":23},"end":{"line":400,"column":38}},"locations":[{"start":{"line":400,"column":23},"end":{"line":400,"column":38}}]},"42":{"type":"branch","line":404,"loc":{"start":{"line":404,"column":30},"end":{"line":407,"column":5}},"locations":[{"start":{"line":404,"column":30},"end":{"line":407,"column":5}}]},"43":{"type":"branch","line":410,"loc":{"start":{"line":410,"column":25},"end":{"line":410,"column":50}},"locations":[{"start":{"line":410,"column":25},"end":{"line":410,"column":50}}]},"44":{"type":"branch","line":410,"loc":{"start":{"line":410,"column":50},"end":{"line":416,"column":5}},"locations":[{"start":{"line":410,"column":50},"end":{"line":416,"column":5}}]},"45":{"type":"branch","line":418,"loc":{"start":{"line":418,"column":46},"end":{"line":428,"column":5}},"locations":[{"start":{"line":418,"column":46},"end":{"line":428,"column":5}}]},"46":{"type":"branch","line":419,"loc":{"start":{"line":419,"column":28},"end":{"line":422,"column":7}},"locations":[{"start":{"line":419,"column":28},"end":{"line":422,"column":7}}]},"47":{"type":"branch","line":422,"loc":{"start":{"line":422,"column":6},"end":{"line":427,"column":7}},"locations":[{"start":{"line":422,"column":6},"end":{"line":427,"column":7}}]},"48":{"type":"branch","line":428,"loc":{"start":{"line":428,"column":4},"end":{"line":430,"column":67}},"locations":[{"start":{"line":428,"column":4},"end":{"line":430,"column":67}}]},"49":{"type":"branch","line":430,"loc":{"start":{"line":430,"column":67},"end":{"line":433,"column":5}},"locations":[{"start":{"line":430,"column":67},"end":{"line":433,"column":5}}]},"50":{"type":"branch","line":433,"loc":{"start":{"line":433,"column":4},"end":{"line":435,"column":62}},"locations":[{"start":{"line":433,"column":4},"end":{"line":435,"column":62}}]},"51":{"type":"branch","line":438,"loc":{"start":{"line":438,"column":10},"end":{"line":462,"column":3}},"locations":[{"start":{"line":438,"column":10},"end":{"line":462,"column":3}}]},"52":{"type":"branch","line":448,"loc":{"start":{"line":448,"column":8},"end":{"line":448,"column":62}},"locations":[{"start":{"line":448,"column":8},"end":{"line":448,"column":62}}]},"53":{"type":"branch","line":448,"loc":{"start":{"line":448,"column":62},"end":{"line":453,"column":5}},"locations":[{"start":{"line":448,"column":62},"end":{"line":453,"column":5}}]},"54":{"type":"branch","line":456,"loc":{"start":{"line":456,"column":28},"end":{"line":459,"column":5}},"locations":[{"start":{"line":456,"column":28},"end":{"line":459,"column":5}}]},"55":{"type":"branch","line":464,"loc":{"start":{"line":464,"column":10},"end":{"line":472,"column":3}},"locations":[{"start":{"line":464,"column":10},"end":{"line":472,"column":3}}]},"56":{"type":"branch","line":465,"loc":{"start":{"line":465,"column":17},"end":{"line":465,"column":29}},"locations":[{"start":{"line":465,"column":17},"end":{"line":465,"column":29}}]},"57":{"type":"branch","line":468,"loc":{"start":{"line":468,"column":31},"end":{"line":468,"column":42}},"locations":[{"start":{"line":468,"column":31},"end":{"line":468,"column":42}}]},"58":{"type":"branch","line":469,"loc":{"start":{"line":469,"column":32},"end":{"line":469,"column":44}},"locations":[{"start":{"line":469,"column":32},"end":{"line":469,"column":44}}]},"59":{"type":"branch","line":470,"loc":{"start":{"line":470,"column":33},"end":{"line":470,"column":44}},"locations":[{"start":{"line":470,"column":33},"end":{"line":470,"column":44}}]}},"b":{"0":[9],"1":[9],"2":[0],"3":[0],"4":[0],"5":[10],"6":[0],"7":[0],"8":[0],"9":[11],"10":[6],"11":[1],"12":[0],"13":[0],"14":[0],"15":[0],"16":[0],"17":[1],"18":[1],"19":[10],"20":[10],"21":[10],"22":[0],"23":[1],"24":[10],"25":[10],"26":[10],"27":[10],"28":[0],"29":[6],"30":[1],"31":[3],"32":[0],"33":[11],"34":[1],"35":[11],"36":[10],"37":[1],"38":[6],"39":[0],"40":[0],"41":[0],"42":[0],"43":[0],"44":[0],"45":[5],"46":[4],"47":[1],"48":[1],"49":[1],"50":[0],"51":[6],"52":[2],"53":[1],"54":[0],"55":[3],"56":[0],"57":[0],"58":[0],"59":[0]},"fnMap":{"0":{"name":"buildInspectorHtml","decl":{"start":{"line":21,"column":0},"end":{"line":241,"column":1}},"loc":{"start":{"line":21,"column":0},"end":{"line":241,"column":1}},"line":21},"1":{"name":"<instance_members_initializer>","decl":{"start":{"line":247,"column":32},"end":{"line":473,"column":1}},"loc":{"start":{"line":247,"column":32},"end":{"line":473,"column":1}},"line":247},"2":{"name":"CiphDevtoolsServer","decl":{"start":{"line":260,"column":2},"end":{"line":264,"column":3}},"loc":{"start":{"line":260,"column":2},"end":{"line":264,"column":3}},"line":260},"3":{"name":"start","decl":{"start":{"line":266,"column":2},"end":{"line":327,"column":3}},"loc":{"start":{"line":266,"column":2},"end":{"line":327,"column":3}},"line":266},"4":{"name":"logListener","decl":{"start":{"line":277,"column":23},"end":{"line":280,"column":5}},"loc":{"start":{"line":277,"column":23},"end":{"line":280,"column":5}},"line":277},"5":{"name":"onError","decl":{"start":{"line":316,"column":22},"end":{"line":318,"column":7}},"loc":{"start":{"line":316,"column":22},"end":{"line":318,"column":7}},"line":316},"6":{"name":"stop","decl":{"start":{"line":329,"column":2},"end":{"line":362,"column":3}},"loc":{"start":{"line":329,"column":2},"end":{"line":362,"column":3}},"line":329},"7":{"name":"wsServer","decl":{"start":{"line":344,"column":30},"end":{"line":346,"column":7}},"loc":{"start":{"line":344,"column":30},"end":{"line":346,"column":7}},"line":344},"8":{"name":"getLogs","decl":{"start":{"line":364,"column":2},"end":{"line":366,"column":3}},"loc":{"start":{"line":364,"column":2},"end":{"line":366,"column":3}},"line":364},"9":{"name":"clearLogs","decl":{"start":{"line":368,"column":2},"end":{"line":370,"column":3}},"loc":{"start":{"line":368,"column":2},"end":{"line":370,"column":3}},"line":368},"10":{"name":"getStats","decl":{"start":{"line":372,"column":2},"end":{"line":379,"column":3}},"loc":{"start":{"line":372,"column":2},"end":{"line":379,"column":3}},"line":372},"11":{"name":"pushLog","decl":{"start":{"line":381,"column":10},"end":{"line":386,"column":3}},"loc":{"start":{"line":381,"column":10},"end":{"line":386,"column":3}},"line":381},"12":{"name":"broadcast","decl":{"start":{"line":388,"column":10},"end":{"line":396,"column":3}},"loc":{"start":{"line":388,"column":10},"end":{"line":396,"column":3}},"line":388},"13":{"name":"handleHttp","decl":{"start":{"line":398,"column":10},"end":{"line":436,"column":3}},"loc":{"start":{"line":398,"column":10},"end":{"line":436,"column":3}},"line":398},"14":{"name":"writeJson","decl":{"start":{"line":438,"column":10},"end":{"line":462,"column":3}},"loc":{"start":{"line":438,"column":10},"end":{"line":462,"column":3}},"line":438},"15":{"name":"isOriginAllowed","decl":{"start":{"line":464,"column":10},"end":{"line":472,"column":3}},"loc":{"start":{"line":464,"column":10},"end":{"line":472,"column":3}},"line":464}},"f":{"0":0,"1":9,"2":9,"3":10,"4":11,"5":0,"6":10,"7":10,"8":6,"9":1,"10":3,"11":11,"12":11,"13":6,"14":6,"15":3}}
,"/Users/dimasmaulana/Documents/Eularix/open-source/ciph/packages/devtools-server/src/types.ts": {"path":"/Users/dimasmaulana/Documents/Eularix/open-source/ciph/packages/devtools-server/src/types.ts","all":false,"statementMap":{},"s":{},"branchMap":{},"b":{},"fnMap":{},"f":{}}
,"/Users/dimasmaulana/Documents/Eularix/open-source/ciph/packages/devtools-server/src/hono/ciphDevServer.ts": {"path":"/Users/dimasmaulana/Documents/Eularix/open-source/ciph/packages/devtools-server/src/hono/ciphDevServer.ts","all":false,"statementMap":{"0":{"start":{"line":1,"column":0},"end":{"line":1,"column":27}},"12":{"start":{"line":13,"column":0},"end":{"line":13,"column":66}},"13":{"start":{"line":14,"column":0},"end":{"line":14,"column":24}},"15":{"start":{"line":16,"column":0},"end":{"line":16,"column":65}},"16":{"start":{"line":17,"column":0},"end":{"line":17,"column":63}},"17":{"start":{"line":18,"column":0},"end":{"line":18,"column":14}},"18":{"start":{"line":19,"column":0},"end":{"line":19,"column":3}},"20":{"start":{"line":21,"column":0},"end":{"line":21,"column":24}},"21":{"start":{"line":22,"column":0},"end":{"line":22,"column":78}},"22":{"start":{"line":23,"column":0},"end":{"line":23,"column":3}},"24":{"start":{"line":25,"column":0},"end":{"line":25,"column":39}},"25":{"start":{"line":26,"column":0},"end":{"line":26,"column":32}},"26":{"start":{"line":27,"column":0},"end":{"line":27,"column":59}},"27":{"start":{"line":28,"column":0},"end":{"line":28,"column":31}},"31":{"start":{"line":32,"column":0},"end":{"line":32,"column":44}},"32":{"start":{"line":33,"column":0},"end":{"line":33,"column":33}},"33":{"start":{"line":34,"column":0},"end":{"line":34,"column":112}},"34":{"start":{"line":35,"column":0},"end":{"line":35,"column":39}},"35":{"start":{"line":36,"column":0},"end":{"line":36,"column":28}},"36":{"start":{"line":37,"column":0},"end":{"line":37,"column":28}},"37":{"start":{"line":38,"column":0},"end":{"line":38,"column":47}},"38":{"start":{"line":39,"column":0},"end":{"line":39,"column":23}},"39":{"start":{"line":40,"column":0},"end":{"line":40,"column":43}},"40":{"start":{"line":41,"column":0},"end":{"line":41,"column":53}},"41":{"start":{"line":42,"column":0},"end":{"line":42,"column":6}},"42":{"start":{"line":43,"column":0},"end":{"line":43,"column":3}},"44":{"start":{"line":45,"column":0},"end":{"line":45,"column":23}},"45":{"start":{"line":46,"column":0},"end":{"line":46,"column":124}},"46":{"start":{"line":47,"column":0},"end":{"line":47,"column":4}},"48":{"start":{"line":49,"column":0},"end":{"line":49,"column":53}},"50":{"start":{"line":51,"column":0},"end":{"line":51,"column":27}},"51":{"start":{"line":52,"column":0},"end":{"line":52,"column":29}},"52":{"start":{"line":53,"column":0},"end":{"line":53,"column":19}},"53":{"start":{"line":54,"column":0},"end":{"line":54,"column":11}},"54":{"start":{"line":55,"column":0},"end":{"line":55,"column":25}},"55":{"start":{"line":56,"column":0},"end":{"line":56,"column":14}},"56":{"start":{"line":57,"column":0},"end":{"line":57,"column":6}},"57":{"start":{"line":58,"column":0},"end":{"line":58,"column":4}},"59":{"start":{"line":60,"column":0},"end":{"line":60,"column":30}},"60":{"start":{"line":61,"column":0},"end":{"line":61,"column":13}},"61":{"start":{"line":62,"column":0},"end":{"line":62,"column":31}},"62":{"start":{"line":63,"column":0},"end":{"line":63,"column":4}},"64":{"start":{"line":65,"column":0},"end":{"line":65,"column":29}},"65":{"start":{"line":66,"column":0},"end":{"line":66,"column":29}},"66":{"start":{"line":67,"column":0},"end":{"line":67,"column":43}},"67":{"start":{"line":68,"column":0},"end":{"line":68,"column":48}},"68":{"start":{"line":69,"column":0},"end":{"line":69,"column":25}},"69":{"start":{"line":70,"column":0},"end":{"line":70,"column":28}},"70":{"start":{"line":71,"column":0},"end":{"line":71,"column":36}},"71":{"start":{"line":72,"column":0},"end":{"line":72,"column":10}},"72":{"start":{"line":73,"column":0},"end":{"line":73,"column":7}},"73":{"start":{"line":74,"column":0},"end":{"line":74,"column":29}},"75":{"start":{"line":76,"column":0},"end":{"line":76,"column":28}},"76":{"start":{"line":77,"column":0},"end":{"line":77,"column":34}},"77":{"start":{"line":78,"column":0},"end":{"line":78,"column":8}},"80":{"start":{"line":81,"column":0},"end":{"line":81,"column":20}},"81":{"start":{"line":82,"column":0},"end":{"line":82,"column":33}},"82":{"start":{"line":83,"column":0},"end":{"line":83,"column":13}},"83":{"start":{"line":84,"column":0},"end":{"line":84,"column":65}},"84":{"start":{"line":85,"column":0},"end":{"line":85,"column":18}},"85":{"start":{"line":86,"column":0},"end":{"line":86,"column":15}},"86":{"start":{"line":87,"column":0},"end":{"line":87,"column":9}},"87":{"start":{"line":88,"column":0},"end":{"line":88,"column":7}},"88":{"start":{"line":89,"column":0},"end":{"line":89,"column":6}},"89":{"start":{"line":90,"column":0},"end":{"line":90,"column":4}},"91":{"start":{"line":92,"column":0},"end":{"line":92,"column":12}},"92":{"start":{"line":93,"column":0},"end":{"line":93,"column":1}}},"s":{"0":1,"12":1,"13":0,"15":0,"16":0,"17":0,"18":0,"20":0,"21":0,"22":0,"24":0,"25":0,"26":0,"27":0,"31":0,"32":0,"33":0,"34":0,"35":0,"36":0,"37":0,"38":0,"39":0,"40":0,"41":0,"42":0,"44":0,"45":0,"46":0,"48":0,"50":0,"51":0,"52":0,"53":0,"54":0,"55":0,"56":0,"57":0,"59":0,"60":0,"61":0,"62":0,"64":0,"65":0,"66":0,"67":0,"68":0,"69":0,"70":0,"71":0,"72":0,"73":0,"75":0,"76":0,"77":0,"80":0,"81":0,"82":0,"83":0,"84":0,"85":0,"86":0,"87":0,"88":0,"89":0,"91":0,"92":0},"branchMap":{},"b":{},"fnMap":{"0":{"name":"ciphDevServer","decl":{"start":{"line":13,"column":7},"end":{"line":93,"column":1}},"loc":{"start":{"line":13,"column":7},"end":{"line":93,"column":1}},"line":13}},"f":{"0":0}}
}
