<?xml version="1.0" encoding="UTF-8"?>
<coverage generated="1776576849297" clover="3.2.0">
  <project timestamp="1776576849297" name="All files">
    <metrics statements="446" coveredstatements="232" conditionals="95" coveredconditionals="53" methods="21" coveredmethods="13" elements="562" coveredelements="298" complexity="0" loc="446" ncloc="446" packages="1" files="1" classes="1"/>
    <file name="index.ts" path="/Users/dimasmaulana/Documents/Eularix/open-source/ciph/packages/client/src/index.ts">
      <metrics statements="446" coveredstatements="232" conditionals="95" coveredconditionals="53" methods="21" coveredmethods="13"/>
      <line num="1" count="1" type="stmt"/>
      <line num="77" count="1" type="stmt"/>
      <line num="80" count="1" type="stmt"/>
      <line num="81" count="1" type="stmt"/>
      <line num="82" count="1" type="stmt"/>
      <line num="89" count="4" type="cond" truecount="1" falsecount="0"/>
      <line num="90" count="4" type="stmt"/>
      <line num="91" count="4" type="stmt"/>
      <line num="92" count="4" type="stmt"/>
      <line num="94" count="4" type="cond" truecount="0" falsecount="1"/>
      <line num="95" count="0" type="stmt"/>
      <line num="96" count="0" type="stmt"/>
      <line num="97" count="0" type="stmt"/>
      <line num="98" count="0" type="stmt"/>
      <line num="99" count="0" type="stmt"/>
      <line num="100" count="0" type="stmt"/>
      <line num="102" count="4" type="stmt"/>
      <line num="103" count="4" type="stmt"/>
      <line num="104" count="4" type="stmt"/>
      <line num="106" count="4" type="stmt"/>
      <line num="107" count="4" type="stmt"/>
      <line num="108" count="4" type="cond" truecount="0" falsecount="1"/>
      <line num="110" count="0" type="stmt"/>
      <line num="111" count="0" type="stmt"/>
      <line num="113" count="0" type="stmt"/>
      <line num="114" count="0" type="stmt"/>
      <line num="118" count="0" type="stmt"/>
      <line num="119" count="0" type="stmt"/>
      <line num="120" count="0" type="stmt"/>
      <line num="121" count="0" type="stmt"/>
      <line num="122" count="0" type="stmt"/>
      <line num="123" count="0" type="stmt"/>
      <line num="124" count="0" type="stmt"/>
      <line num="125" count="0" type="stmt"/>
      <line num="126" count="0" type="stmt"/>
      <line num="127" count="0" type="stmt"/>
      <line num="128" count="0" type="stmt"/>
      <line num="129" count="0" type="stmt"/>
      <line num="130" count="0" type="stmt"/>
      <line num="131" count="0" type="stmt"/>
      <line num="132" count="0" type="stmt"/>
      <line num="134" count="0" type="stmt"/>
      <line num="135" count="0" type="stmt"/>
      <line num="136" count="0" type="stmt"/>
      <line num="137" count="0" type="stmt"/>
      <line num="138" count="0" type="stmt"/>
      <line num="139" count="0" type="stmt"/>
      <line num="140" count="0" type="stmt"/>
      <line num="142" count="0" type="stmt"/>
      <line num="143" count="0" type="stmt"/>
      <line num="144" count="0" type="stmt"/>
      <line num="145" count="0" type="stmt"/>
      <line num="147" count="0" type="stmt"/>
      <line num="148" count="0" type="stmt"/>
      <line num="149" count="0" type="stmt"/>
      <line num="150" count="0" type="stmt"/>
      <line num="151" count="0" type="stmt"/>
      <line num="152" count="0" type="stmt"/>
      <line num="153" count="0" type="stmt"/>
      <line num="154" count="0" type="stmt"/>
      <line num="156" count="0" type="stmt"/>
      <line num="157" count="0" type="stmt"/>
      <line num="158" count="0" type="stmt"/>
      <line num="160" count="0" type="stmt"/>
      <line num="161" count="0" type="stmt"/>
      <line num="162" count="0" type="stmt"/>
      <line num="163" count="0" type="stmt"/>
      <line num="164" count="0" type="stmt"/>
      <line num="165" count="0" type="stmt"/>
      <line num="167" count="5" type="cond" truecount="1" falsecount="0"/>
      <line num="168" count="5" type="stmt"/>
      <line num="169" count="5" type="stmt"/>
      <line num="170" count="5" type="stmt"/>
      <line num="171" count="5" type="cond" truecount="0" falsecount="1"/>
      <line num="172" count="0" type="stmt"/>
      <line num="173" count="0" type="stmt"/>
      <line num="174" count="0" type="stmt"/>
      <line num="175" count="5" type="stmt"/>
      <line num="177" count="5" type="cond" truecount="1" falsecount="0"/>
      <line num="178" count="5" type="stmt"/>
      <line num="179" count="5" type="stmt"/>
      <line num="181" count="5" type="cond" truecount="1" falsecount="0"/>
      <line num="182" count="5" type="cond" truecount="0" falsecount="1"/>
      <line num="183" count="5" type="stmt"/>
      <line num="184" count="5" type="stmt"/>
      <line num="185" count="5" type="stmt"/>
      <line num="187" count="5" type="cond" truecount="1" falsecount="0"/>
      <line num="188" count="5" type="stmt"/>
      <line num="189" count="5" type="cond" truecount="1" falsecount="0"/>
      <line num="190" count="5" type="stmt"/>
      <line num="192" count="5" type="cond" truecount="1" falsecount="0"/>
      <line num="193" count="5" type="stmt"/>
      <line num="194" count="5" type="stmt"/>
      <line num="195" count="5" type="stmt"/>
      <line num="196" count="5" type="cond" truecount="0" falsecount="1"/>
      <line num="197" count="5" type="cond" truecount="0" falsecount="1"/>
      <line num="199" count="5" type="cond" truecount="0" falsecount="1"/>
      <line num="200" count="5" type="stmt"/>
      <line num="201" count="5" type="cond" truecount="0" falsecount="1"/>
      <line num="202" count="5" type="stmt"/>
      <line num="203" count="5" type="stmt"/>
      <line num="204" count="5" type="cond" truecount="0" falsecount="2"/>
      <line num="205" count="0" type="stmt"/>
      <line num="207" count="5" type="stmt"/>
      <line num="208" count="5" type="stmt"/>
      <line num="209" count="5" type="stmt"/>
      <line num="211" count="5" type="stmt"/>
      <line num="212" count="5" type="stmt"/>
      <line num="213" count="5" type="stmt"/>
      <line num="215" count="5" type="stmt"/>
      <line num="216" count="5" type="stmt"/>
      <line num="217" count="5" type="stmt"/>
      <line num="219" count="5" type="cond" truecount="0" falsecount="1"/>
      <line num="220" count="5" type="cond" truecount="0" falsecount="1"/>
      <line num="221" count="0" type="stmt"/>
      <line num="222" count="0" type="stmt"/>
      <line num="224" count="5" type="cond" truecount="0" falsecount="1"/>
      <line num="225" count="0" type="stmt"/>
      <line num="226" count="0" type="stmt"/>
      <line num="227" count="0" type="stmt"/>
      <line num="228" count="0" type="stmt"/>
      <line num="230" count="5" type="stmt"/>
      <line num="231" count="5" type="stmt"/>
      <line num="232" count="5" type="stmt"/>
      <line num="233" count="5" type="stmt"/>
      <line num="234" count="5" type="stmt"/>
      <line num="235" count="5" type="stmt"/>
      <line num="236" count="5" type="stmt"/>
      <line num="237" count="5" type="stmt"/>
      <line num="239" count="0" type="stmt"/>
      <line num="240" count="0" type="stmt"/>
      <line num="241" count="0" type="stmt"/>
      <line num="242" count="0" type="stmt"/>
      <line num="243" count="0" type="stmt"/>
      <line num="244" count="0" type="stmt"/>
      <line num="245" count="0" type="stmt"/>
      <line num="246" count="0" type="stmt"/>
      <line num="248" count="0" type="stmt"/>
      <line num="249" count="0" type="stmt"/>
      <line num="250" count="0" type="stmt"/>
      <line num="251" count="0" type="stmt"/>
      <line num="252" count="0" type="stmt"/>
      <line num="254" count="3" type="cond" truecount="1" falsecount="0"/>
      <line num="255" count="3" type="stmt"/>
      <line num="256" count="3" type="stmt"/>
      <line num="257" count="3" type="stmt"/>
      <line num="259" count="3" type="stmt"/>
      <line num="260" count="3" type="cond" truecount="2" falsecount="0"/>
      <line num="261" count="1" type="cond" truecount="1" falsecount="0"/>
      <line num="262" count="2" type="stmt"/>
      <line num="263" count="3" type="stmt"/>
      <line num="264" count="3" type="cond" truecount="2" falsecount="0"/>
      <line num="265" count="1" type="cond" truecount="1" falsecount="0"/>
      <line num="266" count="2" type="stmt"/>
      <line num="267" count="3" type="cond" truecount="2" falsecount="0"/>
      <line num="269" count="3" type="stmt"/>
      <line num="270" count="3" type="cond" truecount="1" falsecount="0"/>
      <line num="271" count="3" type="cond" truecount="1" falsecount="0"/>
      <line num="272" count="3" type="cond" truecount="1" falsecount="0"/>
      <line num="273" count="3" type="stmt"/>
      <line num="274" count="3" type="stmt"/>
      <line num="276" count="3" type="cond" truecount="1" falsecount="0"/>
      <line num="277" count="3" type="stmt"/>
      <line num="278" count="3" type="stmt"/>
      <line num="279" count="3" type="cond" truecount="1" falsecount="0"/>
      <line num="280" count="18" type="stmt"/>
      <line num="281" count="18" type="stmt"/>
      <line num="282" count="18" type="cond" truecount="0" falsecount="1"/>
      <line num="283" count="0" type="stmt"/>
      <line num="284" count="0" type="stmt"/>
      <line num="285" count="0" type="stmt"/>
      <line num="286" count="0" type="stmt"/>
      <line num="287" count="18" type="stmt"/>
      <line num="288" count="3" type="stmt"/>
      <line num="289" count="3" type="stmt"/>
      <line num="291" count="3" type="cond" truecount="1" falsecount="0"/>
      <line num="292" count="3" type="stmt"/>
      <line num="293" count="3" type="stmt"/>
      <line num="294" count="3" type="stmt"/>
      <line num="295" count="3" type="stmt"/>
      <line num="296" count="3" type="stmt"/>
      <line num="297" count="3" type="stmt"/>
      <line num="298" count="3" type="stmt"/>
      <line num="299" count="3" type="stmt"/>
      <line num="301" count="1" type="cond" truecount="1" falsecount="0"/>
      <line num="307" count="4" type="stmt"/>
      <line num="308" count="4" type="cond" truecount="1" falsecount="0"/>
      <line num="309" count="4" type="cond" truecount="1" falsecount="0"/>
      <line num="310" count="4" type="stmt"/>
      <line num="311" count="4" type="stmt"/>
      <line num="313" count="4" type="stmt"/>
      <line num="314" count="4" type="stmt"/>
      <line num="315" count="4" type="cond" truecount="0" falsecount="1"/>
      <line num="316" count="4" type="stmt"/>
      <line num="318" count="4" type="stmt"/>
      <line num="319" count="4" type="cond" truecount="1" falsecount="0"/>
      <line num="320" count="5" type="stmt"/>
      <line num="321" count="5" type="cond" truecount="0" falsecount="1"/>
      <line num="322" count="5" type="stmt"/>
      <line num="323" count="5" type="stmt"/>
      <line num="324" count="5" type="cond" truecount="1" falsecount="0"/>
      <line num="325" count="4" type="cond" truecount="1" falsecount="0"/>
      <line num="326" count="4" type="stmt"/>
      <line num="328" count="5" type="cond" truecount="1" falsecount="0"/>
      <line num="329" count="1" type="stmt"/>
      <line num="330" count="1" type="cond" truecount="1" falsecount="0"/>
      <line num="332" count="4" type="stmt"/>
      <line num="333" count="5" type="cond" truecount="0" falsecount="1"/>
      <line num="334" count="0" type="stmt"/>
      <line num="335" count="0" type="cond" truecount="1" falsecount="0"/>
      <line num="338" count="5" type="cond" truecount="0" falsecount="1"/>
      <line num="339" count="0" type="stmt"/>
      <line num="340" count="0" type="stmt"/>
      <line num="341" count="0" type="stmt"/>
      <line num="342" count="0" type="stmt"/>
      <line num="343" count="0" type="stmt"/>
      <line num="346" count="0" type="stmt"/>
      <line num="347" count="0" type="stmt"/>
      <line num="348" count="0" type="stmt"/>
      <line num="351" count="0" type="stmt"/>
      <line num="354" count="0" type="stmt"/>
      <line num="355" count="0" type="stmt"/>
      <line num="356" count="0" type="stmt"/>
      <line num="357" count="0" type="stmt"/>
      <line num="360" count="0" type="stmt"/>
      <line num="361" count="0" type="stmt"/>
      <line num="362" count="0" type="stmt"/>
      <line num="365" count="0" type="stmt"/>
      <line num="366" count="0" type="stmt"/>
      <line num="368" count="0" type="stmt"/>
      <line num="369" count="0" type="stmt"/>
      <line num="370" count="0" type="stmt"/>
      <line num="371" count="0" type="stmt"/>
      <line num="373" count="0" type="stmt"/>
      <line num="374" count="0" type="stmt"/>
      <line num="375" count="0" type="stmt"/>
      <line num="376" count="0" type="stmt"/>
      <line num="378" count="0" type="stmt"/>
      <line num="379" count="0" type="stmt"/>
      <line num="380" count="0" type="stmt"/>
      <line num="381" count="0" type="stmt"/>
      <line num="382" count="0" type="stmt"/>
      <line num="383" count="0" type="stmt"/>
      <line num="384" count="0" type="stmt"/>
      <line num="385" count="0" type="stmt"/>
      <line num="386" count="0" type="stmt"/>
      <line num="387" count="0" type="stmt"/>
      <line num="388" count="0" type="stmt"/>
      <line num="389" count="0" type="stmt"/>
      <line num="390" count="0" type="stmt"/>
      <line num="392" count="0" type="stmt"/>
      <line num="393" count="0" type="stmt"/>
      <line num="394" count="0" type="stmt"/>
      <line num="395" count="0" type="stmt"/>
      <line num="396" count="0" type="stmt"/>
      <line num="397" count="0" type="stmt"/>
      <line num="398" count="0" type="stmt"/>
      <line num="399" count="0" type="cond" truecount="1" falsecount="0"/>
      <line num="402" count="4" type="stmt"/>
      <line num="403" count="4" type="stmt"/>
      <line num="404" count="4" type="stmt"/>
      <line num="405" count="5" type="cond" truecount="1" falsecount="1"/>
      <line num="406" count="5" type="stmt"/>
      <line num="407" count="5" type="stmt"/>
      <line num="409" count="5" type="cond" truecount="1" falsecount="0"/>
      <line num="410" count="4" type="stmt"/>
      <line num="412" count="5" type="cond" truecount="0" falsecount="1"/>
      <line num="413" count="5" type="cond" truecount="2" falsecount="0"/>
      <line num="415" count="5" type="cond" truecount="1" falsecount="0"/>
      <line num="416" count="3" type="stmt"/>
      <line num="417" count="3" type="stmt"/>
      <line num="418" count="3" type="cond" truecount="1" falsecount="0"/>
      <line num="420" count="5" type="cond" truecount="0" falsecount="2"/>
      <line num="421" count="0" type="stmt"/>
      <line num="422" count="0" type="stmt"/>
      <line num="423" count="0" type="cond" truecount="1" falsecount="0"/>
      <line num="425" count="1" type="stmt"/>
      <line num="426" count="1" type="stmt"/>
      <line num="427" count="5" type="cond" truecount="1" falsecount="1"/>
      <line num="428" count="5" type="cond" truecount="1" falsecount="0"/>
      <line num="429" count="1" type="stmt"/>
      <line num="430" count="1" type="stmt"/>
      <line num="431" count="1" type="stmt"/>
      <line num="432" count="5" type="cond" truecount="0" falsecount="1"/>
      <line num="433" count="0" type="stmt"/>
      <line num="434" count="0" type="stmt"/>
      <line num="435" count="0" type="stmt"/>
      <line num="436" count="0" type="stmt"/>
      <line num="437" count="0" type="stmt"/>
      <line num="438" count="0" type="cond" truecount="1" falsecount="0"/>
      <line num="440" count="1" type="stmt"/>
      <line num="441" count="5" type="stmt"/>
      <line num="442" count="4" type="stmt"/>
      <line num="444" count="4" type="stmt"/>
      <line num="445" count="4" type="cond" truecount="1" falsecount="0"/>
      <line num="446" count="3" type="stmt"/>
      <line num="447" count="3" type="cond" truecount="1" falsecount="0"/>
      <line num="448" count="1" type="stmt"/>
      <line num="449" count="1" type="cond" truecount="1" falsecount="0"/>
      <line num="451" count="2" type="stmt"/>
      <line num="452" count="3" type="cond" truecount="0" falsecount="1"/>
      <line num="453" count="0" type="stmt"/>
      <line num="454" count="0" type="cond" truecount="1" falsecount="0"/>
      <line num="456" count="2" type="stmt"/>
      <line num="457" count="2" type="stmt"/>
      <line num="458" count="3" type="cond" truecount="0" falsecount="1"/>
      <line num="459" count="0" type="stmt"/>
      <line num="460" count="0" type="stmt"/>
      <line num="461" count="3" type="cond" truecount="1" falsecount="0"/>
      <line num="462" count="2" type="cond" truecount="0" falsecount="1"/>
      <line num="463" count="2" type="cond" truecount="0" falsecount="1"/>
      <line num="464" count="0" type="stmt"/>
      <line num="465" count="0" type="stmt"/>
      <line num="466" count="2" type="stmt"/>
      <line num="467" count="2" type="stmt"/>
      <line num="469" count="2" type="stmt"/>
      <line num="470" count="2" type="stmt"/>
      <line num="471" count="3" type="cond" truecount="0" falsecount="1"/>
      <line num="472" count="0" type="stmt"/>
      <line num="473" count="0" type="stmt"/>
      <line num="474" count="0" type="stmt"/>
      <line num="475" count="0" type="stmt"/>
      <line num="476" count="0" type="cond" truecount="1" falsecount="0"/>
      <line num="478" count="2" type="stmt"/>
      <line num="479" count="3" type="stmt"/>
      <line num="480" count="4" type="cond" truecount="1" falsecount="0"/>
      <line num="481" count="2" type="stmt"/>
      <line num="482" count="2" type="stmt"/>
      <line num="484" count="2" type="stmt"/>
      <line num="485" count="2" type="stmt"/>
      <line num="486" count="2" type="cond" truecount="0" falsecount="1"/>
      <line num="488" count="2" type="cond" truecount="1" falsecount="0"/>
      <line num="489" count="1" type="cond" truecount="0" falsecount="1"/>
      <line num="490" count="0" type="stmt"/>
      <line num="491" count="0" type="stmt"/>
      <line num="493" count="1" type="cond" truecount="0" falsecount="1"/>
      <line num="494" count="0" type="stmt"/>
      <line num="495" count="0" type="stmt"/>
      <line num="498" count="1" type="cond" truecount="0" falsecount="1"/>
      <line num="499" count="0" type="stmt"/>
      <line num="500" count="0" type="stmt"/>
      <line num="501" count="0" type="stmt"/>
      <line num="503" count="1" type="stmt"/>
      <line num="505" count="1" type="stmt"/>
      <line num="506" count="1" type="stmt"/>
      <line num="508" count="1" type="stmt"/>
      <line num="511" count="1" type="stmt"/>
      <line num="513" count="1" type="cond" truecount="0" falsecount="1"/>
      <line num="514" count="0" type="stmt"/>
      <line num="515" count="0" type="stmt"/>
      <line num="516" count="0" type="stmt"/>
      <line num="518" count="0" type="stmt"/>
      <line num="519" count="0" type="stmt"/>
      <line num="520" count="0" type="stmt"/>
      <line num="522" count="0" type="stmt"/>
      <line num="523" count="0" type="stmt"/>
      <line num="524" count="0" type="stmt"/>
      <line num="525" count="0" type="stmt"/>
      <line num="527" count="0" type="stmt"/>
      <line num="528" count="0" type="stmt"/>
      <line num="529" count="0" type="stmt"/>
      <line num="531" count="0" type="stmt"/>
      <line num="532" count="0" type="stmt"/>
      <line num="534" count="0" type="stmt"/>
      <line num="535" count="0" type="stmt"/>
      <line num="536" count="0" type="stmt"/>
      <line num="537" count="0" type="stmt"/>
      <line num="538" count="0" type="stmt"/>
      <line num="539" count="0" type="stmt"/>
      <line num="540" count="0" type="stmt"/>
      <line num="541" count="0" type="stmt"/>
      <line num="542" count="0" type="stmt"/>
      <line num="543" count="0" type="stmt"/>
      <line num="544" count="0" type="stmt"/>
      <line num="545" count="0" type="stmt"/>
      <line num="546" count="1" type="stmt"/>
      <line num="547" count="1" type="stmt"/>
      <line num="548" count="1" type="stmt"/>
      <line num="549" count="1" type="cond" truecount="0" falsecount="2"/>
      <line num="550" count="1" type="stmt"/>
      <line num="551" count="1" type="stmt"/>
      <line num="553" count="1" type="stmt"/>
      <line num="554" count="1" type="stmt"/>
      <line num="556" count="1" type="cond" truecount="0" falsecount="1"/>
      <line num="557" count="1" type="cond" truecount="0" falsecount="2"/>
      <line num="559" count="1" type="cond" truecount="0" falsecount="2"/>
      <line num="560" count="0" type="stmt"/>
      <line num="561" count="0" type="stmt"/>
      <line num="562" count="0" type="stmt"/>
      <line num="563" count="0" type="stmt"/>
      <line num="564" count="0" type="stmt"/>
      <line num="565" count="0" type="stmt"/>
      <line num="566" count="0" type="stmt"/>
      <line num="567" count="0" type="stmt"/>
      <line num="568" count="0" type="stmt"/>
      <line num="569" count="1" type="stmt"/>
      <line num="571" count="1" type="stmt"/>
      <line num="572" count="1" type="stmt"/>
      <line num="573" count="1" type="stmt"/>
      <line num="574" count="1" type="stmt"/>
      <line num="575" count="1" type="stmt"/>
      <line num="576" count="1" type="cond" truecount="0" falsecount="1"/>
      <line num="577" count="0" type="stmt"/>
      <line num="578" count="0" type="stmt"/>
      <line num="579" count="1" type="stmt"/>
      <line num="581" count="1" type="stmt"/>
      <line num="582" count="2" type="stmt"/>
      <line num="583" count="4" type="stmt"/>
      <line num="585" count="4" type="stmt"/>
      <line num="586" count="4" type="cond" truecount="1" falsecount="0"/>
      <line num="587" count="3" type="cond" truecount="1" falsecount="0"/>
      <line num="588" count="2" type="stmt"/>
      <line num="589" count="3" type="stmt"/>
      <line num="590" count="4" type="cond" truecount="1" falsecount="0"/>
      <line num="591" count="1" type="stmt"/>
      <line num="592" count="1" type="stmt"/>
      <line num="593" count="1" type="stmt"/>
      <line num="594" count="1" type="stmt"/>
      <line num="595" count="1" type="stmt"/>
      <line num="596" count="1" type="stmt"/>
      <line num="597" count="1" type="stmt"/>
      <line num="598" count="4" type="stmt"/>
      <line num="599" count="0" type="stmt"/>
      <line num="600" count="0" type="stmt"/>
      <line num="601" count="0" type="stmt"/>
      <line num="602" count="0" type="stmt"/>
      <line num="603" count="0" type="stmt"/>
      <line num="604" count="0" type="stmt"/>
      <line num="605" count="0" type="stmt"/>
      <line num="606" count="4" type="stmt"/>
      <line num="607" count="0" type="stmt"/>
      <line num="608" count="0" type="stmt"/>
      <line num="609" count="0" type="stmt"/>
      <line num="610" count="0" type="stmt"/>
      <line num="611" count="0" type="stmt"/>
      <line num="612" count="0" type="stmt"/>
      <line num="613" count="0" type="stmt"/>
      <line num="614" count="4" type="stmt"/>
      <line num="615" count="0" type="stmt"/>
      <line num="616" count="0" type="stmt"/>
      <line num="617" count="0" type="stmt"/>
      <line num="618" count="0" type="stmt"/>
      <line num="619" count="0" type="stmt"/>
      <line num="620" count="0" type="stmt"/>
      <line num="621" count="4" type="stmt"/>
      <line num="622" count="4" type="stmt"/>
    </file>
  </project>
</coverage>
