{"/Users/dimasmaulana/Documents/Eularix/open-source/ciph/packages/client/src/index.ts": {"path":"/Users/dimasmaulana/Documents/Eularix/open-source/ciph/packages/client/src/index.ts","all":false,"statementMap":{"0":{"start":{"line":1,"column":0},"end":{"line":1,"column":15}},"76":{"start":{"line":77,"column":0},"end":{"line":77,"column":43}},"79":{"start":{"line":80,"column":0},"end":{"line":80,"column":50}},"80":{"start":{"line":81,"column":0},"end":{"line":81,"column":47}},"81":{"start":{"line":82,"column":0},"end":{"line":82,"column":42}},"88":{"start":{"line":89,"column":0},"end":{"line":89,"column":55}},"89":{"start":{"line":90,"column":0},"end":{"line":90,"column":56}},"90":{"start":{"line":91,"column":0},"end":{"line":91,"column":63}},"91":{"start":{"line":92,"column":0},"end":{"line":92,"column":41}},"93":{"start":{"line":94,"column":0},"end":{"line":94,"column":48}},"94":{"start":{"line":95,"column":0},"end":{"line":95,"column":12}},"95":{"start":{"line":96,"column":0},"end":{"line":96,"column":17}},"96":{"start":{"line":97,"column":0},"end":{"line":97,"column":46}},"97":{"start":{"line":98,"column":0},"end":{"line":98,"column":103}},"98":{"start":{"line":99,"column":0},"end":{"line":99,"column":5}},"99":{"start":{"line":100,"column":0},"end":{"line":100,"column":3}},"101":{"start":{"line":102,"column":0},"end":{"line":102,"column":18}},"102":{"start":{"line":103,"column":0},"end":{"line":103,"column":17}},"103":{"start":{"line":104,"column":0},"end":{"line":104,"column":55}},"105":{"start":{"line":106,"column":0},"end":{"line":106,"column":5}},"106":{"start":{"line":107,"column":0},"end":{"line":107,"column":26}},"107":{"start":{"line":108,"column":0},"end":{"line":108,"column":3}},"109":{"start":{"line":110,"column":0},"end":{"line":110,"column":18}},"110":{"start":{"line":111,"column":0},"end":{"line":111,"column":97}},"112":{"start":{"line":113,"column":0},"end":{"line":113,"column":3}},"113":{"start":{"line":114,"column":0},"end":{"line":114,"column":1}},"117":{"start":{"line":118,"column":0},"end":{"line":118,"column":72}},"118":{"start":{"line":119,"column":0},"end":{"line":119,"column":7}},"119":{"start":{"line":120,"column":0},"end":{"line":120,"column":42}},"120":{"start":{"line":121,"column":0},"end":{"line":121,"column":23}},"121":{"start":{"line":122,"column":0},"end":{"line":122,"column":101}},"122":{"start":{"line":123,"column":0},"end":{"line":123,"column":5}},"123":{"start":{"line":124,"column":0},"end":{"line":124,"column":66}},"124":{"start":{"line":125,"column":0},"end":{"line":125,"column":64}},"125":{"start":{"line":126,"column":0},"end":{"line":126,"column":66}},"126":{"start":{"line":127,"column":0},"end":{"line":127,"column":5}},"127":{"start":{"line":128,"column":0},"end":{"line":128,"column":25}},"128":{"start":{"line":129,"column":0},"end":{"line":129,"column":19}},"129":{"start":{"line":130,"column":0},"end":{"line":130,"column":91}},"130":{"start":{"line":131,"column":0},"end":{"line":131,"column":3}},"131":{"start":{"line":132,"column":0},"end":{"line":132,"column":1}},"133":{"start":{"line":134,"column":0},"end":{"line":134,"column":65}},"134":{"start":{"line":135,"column":0},"end":{"line":135,"column":28}},"135":{"start":{"line":136,"column":0},"end":{"line":136,"column":30}},"136":{"start":{"line":137,"column":0},"end":{"line":137,"column":3}},"137":{"start":{"line":138,"column":0},"end":{"line":138,"column":47}},"138":{"start":{"line":139,"column":0},"end":{"line":139,"column":28}},"139":{"start":{"line":140,"column":0},"end":{"line":140,"column":1}},"141":{"start":{"line":142,"column":0},"end":{"line":142,"column":94}},"142":{"start":{"line":143,"column":0},"end":{"line":143,"column":30}},"143":{"start":{"line":144,"column":0},"end":{"line":144,"column":32}},"144":{"start":{"line":145,"column":0},"end":{"line":145,"column":3}},"146":{"start":{"line":147,"column":0},"end":{"line":147,"column":20}},"147":{"start":{"line":148,"column":0},"end":{"line":148,"column":31}},"148":{"start":{"line":149,"column":0},"end":{"line":149,"column":35}},"149":{"start":{"line":150,"column":0},"end":{"line":150,"column":40}},"150":{"start":{"line":151,"column":0},"end":{"line":151,"column":65}},"151":{"start":{"line":152,"column":0},"end":{"line":152,"column":10}},"152":{"start":{"line":153,"column":0},"end":{"line":153,"column":78}},"153":{"start":{"line":154,"column":0},"end":{"line":154,"column":3}},"155":{"start":{"line":156,"column":0},"end":{"line":156,"column":32}},"156":{"start":{"line":157,"column":0},"end":{"line":157,"column":15}},"157":{"start":{"line":158,"column":0},"end":{"line":158,"column":1}},"159":{"start":{"line":160,"column":0},"end":{"line":160,"column":156}},"160":{"start":{"line":161,"column":0},"end":{"line":161,"column":83}},"161":{"start":{"line":162,"column":0},"end":{"line":162,"column":54}},"162":{"start":{"line":163,"column":0},"end":{"line":163,"column":68}},"163":{"start":{"line":164,"column":0},"end":{"line":164,"column":35}},"164":{"start":{"line":165,"column":0},"end":{"line":165,"column":1}},"166":{"start":{"line":167,"column":0},"end":{"line":167,"column":45}},"167":{"start":{"line":168,"column":0},"end":{"line":168,"column":7}},"168":{"start":{"line":169,"column":0},"end":{"line":169,"column":51}},"169":{"start":{"line":170,"column":0},"end":{"line":170,"column":26}},"170":{"start":{"line":171,"column":0},"end":{"line":171,"column":11}},"171":{"start":{"line":172,"column":0},"end":{"line":172,"column":33}},"172":{"start":{"line":173,"column":0},"end":{"line":173,"column":22}},"173":{"start":{"line":174,"column":0},"end":{"line":174,"column":3}},"174":{"start":{"line":175,"column":0},"end":{"line":175,"column":1}},"176":{"start":{"line":177,"column":0},"end":{"line":177,"column":45}},"177":{"start":{"line":178,"column":0},"end":{"line":178,"column":53}},"178":{"start":{"line":179,"column":0},"end":{"line":179,"column":1}},"180":{"start":{"line":181,"column":0},"end":{"line":181,"column":44}},"181":{"start":{"line":182,"column":0},"end":{"line":182,"column":61}},"182":{"start":{"line":183,"column":0},"end":{"line":183,"column":71}},"183":{"start":{"line":184,"column":0},"end":{"line":184,"column":28}},"184":{"start":{"line":185,"column":0},"end":{"line":185,"column":1}},"186":{"start":{"line":187,"column":0},"end":{"line":187,"column":73}},"187":{"start":{"line":188,"column":0},"end":{"line":188,"column":33}},"188":{"start":{"line":189,"column":0},"end":{"line":189,"column":69}},"189":{"start":{"line":190,"column":0},"end":{"line":190,"column":1}},"191":{"start":{"line":192,"column":0},"end":{"line":192,"column":41}},"192":{"start":{"line":193,"column":0},"end":{"line":193,"column":42}},"193":{"start":{"line":194,"column":0},"end":{"line":194,"column":40}},"194":{"start":{"line":195,"column":0},"end":{"line":195,"column":83}},"195":{"start":{"line":196,"column":0},"end":{"line":196,"column":65}},"196":{"start":{"line":197,"column":0},"end":{"line":197,"column":69}},"198":{"start":{"line":199,"column":0},"end":{"line":199,"column":83}},"199":{"start":{"line":200,"column":0},"end":{"line":200,"column":21}},"200":{"start":{"line":201,"column":0},"end":{"line":201,"column":82}},"201":{"start":{"line":202,"column":0},"end":{"line":202,"column":23}},"202":{"start":{"line":203,"column":0},"end":{"line":203,"column":31}},"203":{"start":{"line":204,"column":0},"end":{"line":204,"column":69}},"204":{"start":{"line":205,"column":0},"end":{"line":205,"column":17}},"206":{"start":{"line":207,"column":0},"end":{"line":207,"column":46}},"207":{"start":{"line":208,"column":0},"end":{"line":208,"column":13}},"208":{"start":{"line":209,"column":0},"end":{"line":209,"column":3}},"210":{"start":{"line":211,"column":0},"end":{"line":211,"column":22}},"211":{"start":{"line":212,"column":0},"end":{"line":212,"column":35}},"212":{"start":{"line":213,"column":0},"end":{"line":213,"column":3}},"214":{"start":{"line":215,"column":0},"end":{"line":215,"column":24}},"215":{"start":{"line":216,"column":0},"end":{"line":216,"column":39}},"216":{"start":{"line":217,"column":0},"end":{"line":217,"column":3}},"218":{"start":{"line":219,"column":0},"end":{"line":219,"column":61}},"219":{"start":{"line":220,"column":0},"end":{"line":220,"column":54}},"220":{"start":{"line":221,"column":0},"end":{"line":221,"column":21}},"221":{"start":{"line":222,"column":0},"end":{"line":222,"column":3}},"223":{"start":{"line":224,"column":0},"end":{"line":224,"column":22}},"224":{"start":{"line":225,"column":0},"end":{"line":225,"column":57}},"225":{"start":{"line":226,"column":0},"end":{"line":226,"column":23}},"226":{"start":{"line":227,"column":0},"end":{"line":227,"column":5}},"227":{"start":{"line":228,"column":0},"end":{"line":228,"column":3}},"229":{"start":{"line":230,"column":0},"end":{"line":230,"column":10}},"230":{"start":{"line":231,"column":0},"end":{"line":231,"column":15}},"231":{"start":{"line":232,"column":0},"end":{"line":232,"column":25}},"232":{"start":{"line":233,"column":0},"end":{"line":233,"column":20}},"233":{"start":{"line":234,"column":0},"end":{"line":234,"column":21}},"234":{"start":{"line":235,"column":0},"end":{"line":235,"column":5}},"235":{"start":{"line":236,"column":0},"end":{"line":236,"column":3}},"236":{"start":{"line":237,"column":0},"end":{"line":237,"column":1}},"238":{"start":{"line":239,"column":0},"end":{"line":239,"column":38}},"239":{"start":{"line":240,"column":0},"end":{"line":240,"column":42}},"240":{"start":{"line":241,"column":0},"end":{"line":241,"column":41}},"241":{"start":{"line":242,"column":0},"end":{"line":242,"column":24}},"242":{"start":{"line":243,"column":0},"end":{"line":243,"column":48}},"243":{"start":{"line":244,"column":0},"end":{"line":244,"column":43}},"244":{"start":{"line":245,"column":0},"end":{"line":245,"column":53}},"245":{"start":{"line":246,"column":0},"end":{"line":246,"column":3}},"247":{"start":{"line":248,"column":0},"end":{"line":248,"column":82}},"248":{"start":{"line":249,"column":0},"end":{"line":249,"column":89}},"249":{"start":{"line":250,"column":0},"end":{"line":250,"column":43}},"250":{"start":{"line":251,"column":0},"end":{"line":251,"column":56}},"251":{"start":{"line":252,"column":0},"end":{"line":252,"column":1}},"253":{"start":{"line":254,"column":0},"end":{"line":254,"column":92}},"254":{"start":{"line":255,"column":0},"end":{"line":255,"column":46}},"255":{"start":{"line":256,"column":0},"end":{"line":256,"column":56}},"256":{"start":{"line":257,"column":0},"end":{"line":257,"column":46}},"258":{"start":{"line":259,"column":0},"end":{"line":259,"column":19}},"259":{"start":{"line":260,"column":0},"end":{"line":260,"column":70}},"260":{"start":{"line":261,"column":0},"end":{"line":261,"column":28}},"261":{"start":{"line":262,"column":0},"end":{"line":262,"column":17}},"262":{"start":{"line":263,"column":0},"end":{"line":263,"column":24}},"263":{"start":{"line":264,"column":0},"end":{"line":264,"column":80}},"264":{"start":{"line":265,"column":0},"end":{"line":265,"column":33}},"265":{"start":{"line":266,"column":0},"end":{"line":266,"column":17}},"266":{"start":{"line":267,"column":0},"end":{"line":267,"column":79}},"268":{"start":{"line":269,"column":0},"end":{"line":269,"column":50}},"269":{"start":{"line":270,"column":0},"end":{"line":270,"column":72}},"270":{"start":{"line":271,"column":0},"end":{"line":271,"column":87}},"271":{"start":{"line":272,"column":0},"end":{"line":272,"column":65}},"272":{"start":{"line":273,"column":0},"end":{"line":273,"column":15}},"273":{"start":{"line":274,"column":0},"end":{"line":274,"column":1}},"275":{"start":{"line":276,"column":0},"end":{"line":276,"column":85}},"276":{"start":{"line":277,"column":0},"end":{"line":277,"column":40}},"277":{"start":{"line":278,"column":0},"end":{"line":278,"column":51}},"278":{"start":{"line":279,"column":0},"end":{"line":279,"column":48}},"279":{"start":{"line":280,"column":0},"end":{"line":280,"column":32}},"280":{"start":{"line":281,"column":0},"end":{"line":281,"column":16}},"281":{"start":{"line":282,"column":0},"end":{"line":282,"column":34}},"282":{"start":{"line":283,"column":0},"end":{"line":283,"column":27}},"283":{"start":{"line":284,"column":0},"end":{"line":284,"column":65}},"284":{"start":{"line":285,"column":0},"end":{"line":285,"column":24}},"285":{"start":{"line":286,"column":0},"end":{"line":286,"column":5}},"286":{"start":{"line":287,"column":0},"end":{"line":287,"column":3}},"287":{"start":{"line":288,"column":0},"end":{"line":288,"column":12}},"288":{"start":{"line":289,"column":0},"end":{"line":289,"column":1}},"290":{"start":{"line":291,"column":0},"end":{"line":291,"column":75}},"291":{"start":{"line":292,"column":0},"end":{"line":292,"column":10}},"292":{"start":{"line":293,"column":0},"end":{"line":293,"column":24}},"293":{"start":{"line":294,"column":0},"end":{"line":294,"column":28}},"294":{"start":{"line":295,"column":0},"end":{"line":295,"column":36}},"295":{"start":{"line":296,"column":0},"end":{"line":296,"column":47}},"296":{"start":{"line":297,"column":0},"end":{"line":297,"column":71}},"297":{"start":{"line":298,"column":0},"end":{"line":298,"column":3}},"298":{"start":{"line":299,"column":0},"end":{"line":299,"column":1}},"300":{"start":{"line":301,"column":0},"end":{"line":301,"column":57}},"306":{"start":{"line":307,"column":0},"end":{"line":307,"column":3}},"307":{"start":{"line":308,"column":0},"end":{"line":308,"column":59}},"308":{"start":{"line":309,"column":0},"end":{"line":309,"column":71}},"309":{"start":{"line":310,"column":0},"end":{"line":310,"column":57}},"310":{"start":{"line":311,"column":0},"end":{"line":311,"column":33}},"312":{"start":{"line":313,"column":0},"end":{"line":313,"column":48}},"313":{"start":{"line":314,"column":0},"end":{"line":314,"column":28}},"314":{"start":{"line":315,"column":0},"end":{"line":315,"column":68}},"315":{"start":{"line":316,"column":0},"end":{"line":316,"column":4}},"317":{"start":{"line":318,"column":0},"end":{"line":318,"column":36}},"318":{"start":{"line":319,"column":0},"end":{"line":319,"column":96}},"319":{"start":{"line":320,"column":0},"end":{"line":320,"column":51}},"320":{"start":{"line":321,"column":0},"end":{"line":321,"column":32}},"321":{"start":{"line":322,"column":0},"end":{"line":322,"column":58}},"322":{"start":{"line":323,"column":0},"end":{"line":323,"column":34}},"323":{"start":{"line":324,"column":0},"end":{"line":324,"column":30}},"324":{"start":{"line":325,"column":0},"end":{"line":325,"column":45}},"325":{"start":{"line":326,"column":0},"end":{"line":326,"column":7}},"327":{"start":{"line":328,"column":0},"end":{"line":328,"column":21}},"328":{"start":{"line":329,"column":0},"end":{"line":329,"column":18}},"329":{"start":{"line":330,"column":0},"end":{"line":330,"column":7}},"331":{"start":{"line":332,"column":0},"end":{"line":332,"column":47}},"332":{"start":{"line":333,"column":0},"end":{"line":333,"column":27}},"333":{"start":{"line":334,"column":0},"end":{"line":334,"column":18}},"334":{"start":{"line":335,"column":0},"end":{"line":335,"column":7}},"337":{"start":{"line":338,"column":0},"end":{"line":338,"column":22}},"338":{"start":{"line":339,"column":0},"end":{"line":339,"column":13}},"339":{"start":{"line":340,"column":0},"end":{"line":340,"column":105}},"340":{"start":{"line":341,"column":0},"end":{"line":341,"column":70}},"341":{"start":{"line":342,"column":0},"end":{"line":342,"column":50}},"342":{"start":{"line":343,"column":0},"end":{"line":343,"column":53}},"345":{"start":{"line":346,"column":0},"end":{"line":346,"column":64}},"346":{"start":{"line":347,"column":0},"end":{"line":347,"column":62}},"347":{"start":{"line":348,"column":0},"end":{"line":348,"column":72}},"350":{"start":{"line":351,"column":0},"end":{"line":351,"column":102}},"353":{"start":{"line":354,"column":0},"end":{"line":354,"column":95}},"354":{"start":{"line":355,"column":0},"end":{"line":355,"column":49}},"355":{"start":{"line":356,"column":0},"end":{"line":356,"column":49}},"356":{"start":{"line":357,"column":0},"end":{"line":357,"column":44}},"359":{"start":{"line":360,"column":0},"end":{"line":360,"column":57}},"360":{"start":{"line":361,"column":0},"end":{"line":361,"column":68}},"361":{"start":{"line":362,"column":0},"end":{"line":362,"column":66}},"364":{"start":{"line":365,"column":0},"end":{"line":365,"column":60}},"365":{"start":{"line":366,"column":0},"end":{"line":366,"column":98}},"367":{"start":{"line":368,"column":0},"end":{"line":368,"column":25}},"368":{"start":{"line":369,"column":0},"end":{"line":369,"column":41}},"369":{"start":{"line":370,"column":0},"end":{"line":370,"column":22}},"370":{"start":{"line":371,"column":0},"end":{"line":371,"column":11}},"372":{"start":{"line":373,"column":0},"end":{"line":373,"column":107}},"373":{"start":{"line":374,"column":0},"end":{"line":374,"column":55}},"374":{"start":{"line":375,"column":0},"end":{"line":375,"column":22}},"375":{"start":{"line":376,"column":0},"end":{"line":376,"column":11}},"377":{"start":{"line":378,"column":0},"end":{"line":378,"column":15}},"378":{"start":{"line":379,"column":0},"end":{"line":379,"column":96}},"379":{"start":{"line":380,"column":0},"end":{"line":380,"column":71}},"380":{"start":{"line":381,"column":0},"end":{"line":381,"column":43}},"381":{"start":{"line":382,"column":0},"end":{"line":382,"column":57}},"382":{"start":{"line":383,"column":0},"end":{"line":383,"column":57}},"383":{"start":{"line":384,"column":0},"end":{"line":384,"column":27}},"384":{"start":{"line":385,"column":0},"end":{"line":385,"column":34}},"385":{"start":{"line":386,"column":0},"end":{"line":386,"column":43}},"386":{"start":{"line":387,"column":0},"end":{"line":387,"column":24}},"387":{"start":{"line":388,"column":0},"end":{"line":388,"column":13}},"388":{"start":{"line":389,"column":0},"end":{"line":389,"column":83}},"389":{"start":{"line":390,"column":0},"end":{"line":390,"column":11}},"391":{"start":{"line":392,"column":0},"end":{"line":392,"column":20}},"392":{"start":{"line":393,"column":0},"end":{"line":393,"column":25}},"393":{"start":{"line":394,"column":0},"end":{"line":394,"column":32}},"394":{"start":{"line":395,"column":0},"end":{"line":395,"column":22}},"395":{"start":{"line":396,"column":0},"end":{"line":396,"column":11}},"396":{"start":{"line":397,"column":0},"end":{"line":397,"column":21}},"397":{"start":{"line":398,"column":0},"end":{"line":398,"column":9}},"398":{"start":{"line":399,"column":0},"end":{"line":399,"column":7}},"401":{"start":{"line":402,"column":0},"end":{"line":402,"column":101}},"402":{"start":{"line":403,"column":0},"end":{"line":403,"column":49}},"403":{"start":{"line":404,"column":0},"end":{"line":404,"column":38}},"404":{"start":{"line":405,"column":0},"end":{"line":405,"column":88}},"405":{"start":{"line":406,"column":0},"end":{"line":406,"column":8}},"406":{"start":{"line":407,"column":0},"end":{"line":407,"column":47}},"408":{"start":{"line":409,"column":0},"end":{"line":409,"column":95}},"409":{"start":{"line":410,"column":0},"end":{"line":410,"column":60}},"411":{"start":{"line":412,"column":0},"end":{"line":412,"column":56}},"412":{"start":{"line":413,"column":0},"end":{"line":413,"column":94}},"414":{"start":{"line":415,"column":0},"end":{"line":415,"column":21}},"415":{"start":{"line":416,"column":0},"end":{"line":416,"column":37}},"416":{"start":{"line":417,"column":0},"end":{"line":417,"column":18}},"417":{"start":{"line":418,"column":0},"end":{"line":418,"column":7}},"419":{"start":{"line":420,"column":0},"end":{"line":420,"column":103}},"420":{"start":{"line":421,"column":0},"end":{"line":421,"column":51}},"421":{"start":{"line":422,"column":0},"end":{"line":422,"column":18}},"422":{"start":{"line":423,"column":0},"end":{"line":423,"column":7}},"424":{"start":{"line":425,"column":0},"end":{"line":425,"column":11}},"425":{"start":{"line":426,"column":0},"end":{"line":426,"column":71}},"426":{"start":{"line":427,"column":0},"end":{"line":427,"column":92}},"427":{"start":{"line":428,"column":0},"end":{"line":428,"column":59}},"428":{"start":{"line":429,"column":0},"end":{"line":429,"column":43}},"429":{"start":{"line":430,"column":0},"end":{"line":430,"column":57}},"430":{"start":{"line":431,"column":0},"end":{"line":431,"column":53}},"431":{"start":{"line":432,"column":0},"end":{"line":432,"column":23}},"432":{"start":{"line":433,"column":0},"end":{"line":433,"column":30}},"433":{"start":{"line":434,"column":0},"end":{"line":434,"column":39}},"434":{"start":{"line":435,"column":0},"end":{"line":435,"column":20}},"435":{"start":{"line":436,"column":0},"end":{"line":436,"column":9}},"436":{"start":{"line":437,"column":0},"end":{"line":437,"column":79}},"437":{"start":{"line":438,"column":0},"end":{"line":438,"column":7}},"439":{"start":{"line":440,"column":0},"end":{"line":440,"column":16}},"440":{"start":{"line":441,"column":0},"end":{"line":441,"column":5}},"441":{"start":{"line":442,"column":0},"end":{"line":442,"column":3}},"443":{"start":{"line":444,"column":0},"end":{"line":444,"column":37}},"444":{"start":{"line":445,"column":0},"end":{"line":445,"column":64}},"445":{"start":{"line":446,"column":0},"end":{"line":446,"column":52}},"446":{"start":{"line":447,"column":0},"end":{"line":447,"column":30}},"447":{"start":{"line":448,"column":0},"end":{"line":448,"column":23}},"448":{"start":{"line":449,"column":0},"end":{"line":449,"column":7}},"453":{"start":{"line":454,"column":0},"end":{"line":454,"column":42}},"454":{"start":{"line":455,"column":0},"end":{"line":455,"column":46}},"455":{"start":{"line":456,"column":0},"end":{"line":456,"column":34}},"456":{"start":{"line":457,"column":0},"end":{"line":457,"column":17}},"457":{"start":{"line":458,"column":0},"end":{"line":458,"column":33}},"458":{"start":{"line":459,"column":0},"end":{"line":459,"column":44}},"459":{"start":{"line":460,"column":0},"end":{"line":460,"column":73}},"460":{"start":{"line":461,"column":0},"end":{"line":461,"column":70}},"461":{"start":{"line":462,"column":0},"end":{"line":462,"column":9}},"462":{"start":{"line":463,"column":0},"end":{"line":463,"column":61}},"463":{"start":{"line":464,"column":0},"end":{"line":464,"column":7}},"465":{"start":{"line":466,"column":0},"end":{"line":466,"column":32}},"466":{"start":{"line":467,"column":0},"end":{"line":467,"column":23}},"467":{"start":{"line":468,"column":0},"end":{"line":468,"column":7}},"469":{"start":{"line":470,"column":0},"end":{"line":470,"column":11}},"470":{"start":{"line":471,"column":0},"end":{"line":471,"column":23}},"471":{"start":{"line":472,"column":0},"end":{"line":472,"column":24}},"472":{"start":{"line":473,"column":0},"end":{"line":473,"column":43}},"473":{"start":{"line":474,"column":0},"end":{"line":474,"column":61}},"474":{"start":{"line":475,"column":0},"end":{"line":475,"column":16}},"475":{"start":{"line":476,"column":0},"end":{"line":476,"column":71}},"476":{"start":{"line":477,"column":0},"end":{"line":477,"column":29}},"477":{"start":{"line":478,"column":0},"end":{"line":478,"column":89}},"478":{"start":{"line":479,"column":0},"end":{"line":479,"column":11}},"479":{"start":{"line":480,"column":0},"end":{"line":480,"column":60}},"480":{"start":{"line":481,"column":0},"end":{"line":481,"column":9}},"482":{"start":{"line":483,"column":0},"end":{"line":483,"column":56}},"483":{"start":{"line":484,"column":0},"end":{"line":484,"column":66}},"484":{"start":{"line":485,"column":0},"end":{"line":485,"column":23}},"485":{"start":{"line":486,"column":0},"end":{"line":486,"column":30}},"486":{"start":{"line":487,"column":0},"end":{"line":487,"column":25}},"487":{"start":{"line":488,"column":0},"end":{"line":488,"column":9}},"488":{"start":{"line":489,"column":0},"end":{"line":489,"column":75}},"489":{"start":{"line":490,"column":0},"end":{"line":490,"column":7}},"491":{"start":{"line":492,"column":0},"end":{"line":492,"column":21}},"492":{"start":{"line":493,"column":0},"end":{"line":493,"column":6}},"493":{"start":{"line":494,"column":0},"end":{"line":494,"column":50}},"494":{"start":{"line":495,"column":0},"end":{"line":495,"column":37}},"495":{"start":{"line":496,"column":0},"end":{"line":496,"column":61}},"497":{"start":{"line":498,"column":0},"end":{"line":498,"column":81}},"498":{"start":{"line":499,"column":0},"end":{"line":499,"column":71}},"499":{"start":{"line":500,"column":0},"end":{"line":500,"column":50}},"501":{"start":{"line":502,"column":0},"end":{"line":502,"column":64}},"502":{"start":{"line":503,"column":0},"end":{"line":503,"column":48}},"503":{"start":{"line":504,"column":0},"end":{"line":504,"column":71}},"504":{"start":{"line":505,"column":0},"end":{"line":505,"column":9}},"506":{"start":{"line":507,"column":0},"end":{"line":507,"column":49}},"507":{"start":{"line":508,"column":0},"end":{"line":508,"column":21}},"508":{"start":{"line":509,"column":0},"end":{"line":509,"column":9}},"511":{"start":{"line":512,"column":0},"end":{"line":512,"column":24}},"512":{"start":{"line":513,"column":0},"end":{"line":513,"column":34}},"513":{"start":{"line":514,"column":0},"end":{"line":514,"column":36}},"514":{"start":{"line":515,"column":0},"end":{"line":515,"column":33}},"516":{"start":{"line":517,"column":0},"end":{"line":517,"column":16}},"518":{"start":{"line":519,"column":0},"end":{"line":519,"column":34}},"519":{"start":{"line":520,"column":0},"end":{"line":520,"column":9}},"521":{"start":{"line":522,"column":0},"end":{"line":522,"column":31}},"524":{"start":{"line":525,"column":0},"end":{"line":525,"column":103}},"526":{"start":{"line":527,"column":0},"end":{"line":527,"column":24}},"527":{"start":{"line":528,"column":0},"end":{"line":528,"column":15}},"528":{"start":{"line":529,"column":0},"end":{"line":529,"column":72}},"529":{"start":{"line":530,"column":0},"end":{"line":530,"column":55}},"531":{"start":{"line":532,"column":0},"end":{"line":532,"column":66}},"532":{"start":{"line":533,"column":0},"end":{"line":533,"column":64}},"533":{"start":{"line":534,"column":0},"end":{"line":534,"column":74}},"535":{"start":{"line":536,"column":0},"end":{"line":536,"column":104}},"536":{"start":{"line":537,"column":0},"end":{"line":537,"column":97}},"537":{"start":{"line":538,"column":0},"end":{"line":538,"column":51}},"538":{"start":{"line":539,"column":0},"end":{"line":539,"column":51}},"540":{"start":{"line":541,"column":0},"end":{"line":541,"column":59}},"541":{"start":{"line":542,"column":0},"end":{"line":542,"column":70}},"542":{"start":{"line":543,"column":0},"end":{"line":543,"column":68}},"544":{"start":{"line":545,"column":0},"end":{"line":545,"column":62}},"545":{"start":{"line":546,"column":0},"end":{"line":546,"column":110}},"547":{"start":{"line":548,"column":0},"end":{"line":548,"column":51}},"548":{"start":{"line":549,"column":0},"end":{"line":549,"column":31}},"549":{"start":{"line":550,"column":0},"end":{"line":550,"column":54}},"550":{"start":{"line":551,"column":0},"end":{"line":551,"column":38}},"551":{"start":{"line":552,"column":0},"end":{"line":552,"column":54}},"552":{"start":{"line":553,"column":0},"end":{"line":553,"column":73}},"553":{"start":{"line":554,"column":0},"end":{"line":554,"column":45}},"554":{"start":{"line":555,"column":0},"end":{"line":555,"column":59}},"555":{"start":{"line":556,"column":0},"end":{"line":556,"column":13}},"556":{"start":{"line":557,"column":0},"end":{"line":557,"column":32}},"557":{"start":{"line":558,"column":0},"end":{"line":558,"column":96}},"558":{"start":{"line":559,"column":0},"end":{"line":559,"column":11}},"559":{"start":{"line":560,"column":0},"end":{"line":560,"column":16}},"560":{"start":{"line":561,"column":0},"end":{"line":561,"column":51}},"561":{"start":{"line":562,"column":0},"end":{"line":562,"column":42}},"562":{"start":{"line":563,"column":0},"end":{"line":563,"column":92}},"563":{"start":{"line":564,"column":0},"end":{"line":564,"column":12}},"564":{"start":{"line":565,"column":0},"end":{"line":565,"column":49}},"566":{"start":{"line":567,"column":0},"end":{"line":567,"column":97}},"567":{"start":{"line":568,"column":0},"end":{"line":568,"column":64}},"569":{"start":{"line":570,"column":0},"end":{"line":570,"column":60}},"570":{"start":{"line":571,"column":0},"end":{"line":571,"column":108}},"572":{"start":{"line":573,"column":0},"end":{"line":573,"column":49}},"573":{"start":{"line":574,"column":0},"end":{"line":574,"column":73}},"574":{"start":{"line":575,"column":0},"end":{"line":575,"column":29}},"575":{"start":{"line":576,"column":0},"end":{"line":576,"column":52}},"576":{"start":{"line":577,"column":0},"end":{"line":577,"column":36}},"577":{"start":{"line":578,"column":0},"end":{"line":578,"column":52}},"578":{"start":{"line":579,"column":0},"end":{"line":579,"column":63}},"579":{"start":{"line":580,"column":0},"end":{"line":580,"column":47}},"580":{"start":{"line":581,"column":0},"end":{"line":581,"column":57}},"581":{"start":{"line":582,"column":0},"end":{"line":582,"column":11}},"582":{"start":{"line":583,"column":0},"end":{"line":583,"column":9}},"584":{"start":{"line":585,"column":0},"end":{"line":585,"column":13}},"585":{"start":{"line":586,"column":0},"end":{"line":586,"column":44}},"586":{"start":{"line":587,"column":0},"end":{"line":587,"column":31}},"587":{"start":{"line":588,"column":0},"end":{"line":588,"column":48}},"588":{"start":{"line":589,"column":0},"end":{"line":589,"column":91}},"589":{"start":{"line":590,"column":0},"end":{"line":590,"column":11}},"590":{"start":{"line":591,"column":0},"end":{"line":591,"column":27}},"591":{"start":{"line":592,"column":0},"end":{"line":592,"column":9}},"592":{"start":{"line":593,"column":0},"end":{"line":593,"column":7}},"594":{"start":{"line":595,"column":0},"end":{"line":595,"column":17}},"595":{"start":{"line":596,"column":0},"end":{"line":596,"column":5}},"596":{"start":{"line":597,"column":0},"end":{"line":597,"column":3}},"598":{"start":{"line":599,"column":0},"end":{"line":599,"column":10}},"599":{"start":{"line":600,"column":0},"end":{"line":600,"column":98}},"600":{"start":{"line":601,"column":0},"end":{"line":601,"column":59}},"601":{"start":{"line":602,"column":0},"end":{"line":602,"column":34}},"602":{"start":{"line":603,"column":0},"end":{"line":603,"column":6}},"603":{"start":{"line":604,"column":0},"end":{"line":604,"column":28}},"604":{"start":{"line":605,"column":0},"end":{"line":605,"column":18}},"605":{"start":{"line":606,"column":0},"end":{"line":606,"column":21}},"606":{"start":{"line":607,"column":0},"end":{"line":607,"column":35}},"607":{"start":{"line":608,"column":0},"end":{"line":608,"column":33}},"608":{"start":{"line":609,"column":0},"end":{"line":609,"column":66}},"609":{"start":{"line":610,"column":0},"end":{"line":610,"column":34}},"610":{"start":{"line":611,"column":0},"end":{"line":611,"column":6}},"611":{"start":{"line":612,"column":0},"end":{"line":612,"column":27}},"612":{"start":{"line":613,"column":0},"end":{"line":613,"column":18}},"613":{"start":{"line":614,"column":0},"end":{"line":614,"column":21}},"614":{"start":{"line":615,"column":0},"end":{"line":615,"column":35}},"615":{"start":{"line":616,"column":0},"end":{"line":616,"column":33}},"616":{"start":{"line":617,"column":0},"end":{"line":617,"column":65}},"617":{"start":{"line":618,"column":0},"end":{"line":618,"column":34}},"618":{"start":{"line":619,"column":0},"end":{"line":619,"column":6}},"619":{"start":{"line":620,"column":0},"end":{"line":620,"column":29}},"620":{"start":{"line":621,"column":0},"end":{"line":621,"column":18}},"621":{"start":{"line":622,"column":0},"end":{"line":622,"column":21}},"622":{"start":{"line":623,"column":0},"end":{"line":623,"column":35}},"623":{"start":{"line":624,"column":0},"end":{"line":624,"column":33}},"624":{"start":{"line":625,"column":0},"end":{"line":625,"column":67}},"625":{"start":{"line":626,"column":0},"end":{"line":626,"column":34}},"626":{"start":{"line":627,"column":0},"end":{"line":627,"column":6}},"627":{"start":{"line":628,"column":0},"end":{"line":628,"column":30}},"628":{"start":{"line":629,"column":0},"end":{"line":629,"column":18}},"629":{"start":{"line":630,"column":0},"end":{"line":630,"column":35}},"630":{"start":{"line":631,"column":0},"end":{"line":631,"column":33}},"631":{"start":{"line":632,"column":0},"end":{"line":632,"column":62}},"632":{"start":{"line":633,"column":0},"end":{"line":633,"column":34}},"633":{"start":{"line":634,"column":0},"end":{"line":634,"column":5}},"634":{"start":{"line":635,"column":0},"end":{"line":635,"column":3}},"635":{"start":{"line":636,"column":0},"end":{"line":636,"column":1}}},"s":{"0":1,"76":1,"79":1,"80":1,"81":1,"88":4,"89":4,"90":4,"91":4,"93":4,"94":0,"95":0,"96":0,"97":0,"98":0,"99":0,"101":4,"102":4,"103":4,"105":4,"106":4,"107":4,"109":0,"110":0,"112":0,"113":0,"117":0,"118":0,"119":0,"120":0,"121":0,"122":0,"123":0,"124":0,"125":0,"126":0,"127":0,"128":0,"129":0,"130":0,"131":0,"133":0,"134":0,"135":0,"136":0,"137":0,"138":0,"139":0,"141":0,"142":0,"143":0,"144":0,"146":0,"147":0,"148":0,"149":0,"150":0,"151":0,"152":0,"153":0,"155":0,"156":0,"157":0,"159":0,"160":0,"161":0,"162":0,"163":0,"164":0,"166":5,"167":5,"168":5,"169":5,"170":5,"171":0,"172":0,"173":0,"174":5,"176":5,"177":5,"178":5,"180":5,"181":5,"182":5,"183":5,"184":5,"186":5,"187":5,"188":5,"189":5,"191":5,"192":5,"193":5,"194":5,"195":5,"196":5,"198":5,"199":5,"200":5,"201":5,"202":5,"203":5,"204":0,"206":5,"207":5,"208":5,"210":5,"211":5,"212":5,"214":5,"215":5,"216":5,"218":5,"219":5,"220":0,"221":0,"223":5,"224":0,"225":0,"226":0,"227":0,"229":5,"230":5,"231":5,"232":5,"233":5,"234":5,"235":5,"236":5,"238":0,"239":0,"240":0,"241":0,"242":0,"243":0,"244":0,"245":0,"247":0,"248":0,"249":0,"250":0,"251":0,"253":3,"254":3,"255":3,"256":3,"258":3,"259":3,"260":1,"261":2,"262":3,"263":3,"264":1,"265":2,"266":3,"268":3,"269":3,"270":3,"271":3,"272":3,"273":3,"275":3,"276":3,"277":3,"278":3,"279":18,"280":18,"281":18,"282":0,"283":0,"284":0,"285":0,"286":18,"287":3,"288":3,"290":3,"291":3,"292":3,"293":3,"294":3,"295":3,"296":3,"297":3,"298":3,"300":1,"306":4,"307":4,"308":4,"309":4,"310":4,"312":4,"313":4,"314":4,"315":4,"317":4,"318":4,"319":5,"320":5,"321":5,"322":5,"323":5,"324":4,"325":4,"327":5,"328":1,"329":1,"331":4,"332":5,"333":0,"334":0,"337":5,"338":0,"339":0,"340":0,"341":0,"342":0,"345":0,"346":0,"347":0,"350":0,"353":0,"354":0,"355":0,"356":0,"359":0,"360":0,"361":0,"364":0,"365":0,"367":0,"368":0,"369":0,"370":0,"372":0,"373":0,"374":0,"375":0,"377":0,"378":0,"379":0,"380":0,"381":0,"382":0,"383":0,"384":0,"385":0,"386":0,"387":0,"388":0,"389":0,"391":0,"392":0,"393":0,"394":0,"395":0,"396":0,"397":0,"398":0,"401":4,"402":4,"403":4,"404":5,"405":5,"406":5,"408":5,"409":4,"411":5,"412":5,"414":5,"415":3,"416":3,"417":3,"419":5,"420":0,"421":0,"422":0,"424":1,"425":1,"426":5,"427":5,"428":1,"429":1,"430":1,"431":5,"432":0,"433":0,"434":0,"435":0,"436":0,"437":0,"439":1,"440":5,"441":4,"443":4,"444":4,"445":3,"446":3,"447":1,"448":1,"453":2,"454":2,"455":2,"456":2,"457":0,"458":0,"459":0,"460":0,"461":0,"462":0,"463":0,"465":3,"466":0,"467":0,"469":2,"470":2,"471":3,"472":0,"473":0,"474":3,"475":2,"476":2,"477":0,"478":0,"479":2,"480":2,"482":2,"483":2,"484":3,"485":0,"486":0,"487":0,"488":0,"489":0,"491":2,"492":3,"493":4,"494":2,"495":2,"497":2,"498":2,"499":2,"501":2,"502":1,"503":0,"504":0,"506":1,"507":0,"508":0,"511":1,"512":0,"513":0,"514":0,"516":1,"518":1,"519":1,"521":1,"524":1,"526":1,"527":0,"528":0,"529":0,"531":0,"532":0,"533":0,"535":0,"536":0,"537":0,"538":0,"540":0,"541":0,"542":0,"544":0,"545":0,"547":0,"548":0,"549":0,"550":0,"551":0,"552":0,"553":0,"554":0,"555":0,"556":0,"557":0,"558":0,"559":1,"560":1,"561":1,"562":1,"563":1,"564":1,"566":1,"567":1,"569":1,"570":1,"572":1,"573":0,"574":0,"575":0,"576":0,"577":0,"578":0,"579":0,"580":0,"581":0,"582":1,"584":1,"585":1,"586":1,"587":1,"588":1,"589":1,"590":0,"591":0,"592":1,"594":1,"595":2,"596":4,"598":4,"599":4,"600":3,"601":2,"602":3,"603":4,"604":1,"605":1,"606":1,"607":1,"608":1,"609":1,"610":1,"611":4,"612":0,"613":0,"614":0,"615":0,"616":0,"617":0,"618":0,"619":4,"620":0,"621":0,"622":0,"623":0,"624":0,"625":0,"626":0,"627":4,"628":0,"629":0,"630":0,"631":0,"632":0,"633":0,"634":4,"635":4},"branchMap":{"0":{"type":"branch","line":89,"loc":{"start":{"line":89,"column":0},"end":{"line":114,"column":1}},"locations":[{"start":{"line":89,"column":0},"end":{"line":114,"column":1}}]},"1":{"type":"branch","line":94,"loc":{"start":{"line":94,"column":47},"end":{"line":100,"column":3}},"locations":[{"start":{"line":94,"column":47},"end":{"line":100,"column":3}}]},"2":{"type":"branch","line":108,"loc":{"start":{"line":108,"column":2},"end":{"line":114,"column":1}},"locations":[{"start":{"line":108,"column":2},"end":{"line":114,"column":1}}]},"3":{"type":"branch","line":167,"loc":{"start":{"line":167,"column":0},"end":{"line":175,"column":1}},"locations":[{"start":{"line":167,"column":0},"end":{"line":175,"column":1}}]},"4":{"type":"branch","line":171,"loc":{"start":{"line":171,"column":2},"end":{"line":174,"column":3}},"locations":[{"start":{"line":171,"column":2},"end":{"line":174,"column":3}}]},"5":{"type":"branch","line":177,"loc":{"start":{"line":177,"column":0},"end":{"line":179,"column":1}},"locations":[{"start":{"line":177,"column":0},"end":{"line":179,"column":1}}]},"6":{"type":"branch","line":181,"loc":{"start":{"line":181,"column":0},"end":{"line":185,"column":1}},"locations":[{"start":{"line":181,"column":0},"end":{"line":185,"column":1}}]},"7":{"type":"branch","line":182,"loc":{"start":{"line":182,"column":44},"end":{"line":182,"column":61}},"locations":[{"start":{"line":182,"column":44},"end":{"line":182,"column":61}}]},"8":{"type":"branch","line":187,"loc":{"start":{"line":187,"column":0},"end":{"line":190,"column":1}},"locations":[{"start":{"line":187,"column":0},"end":{"line":190,"column":1}}]},"9":{"type":"branch","line":189,"loc":{"start":{"line":189,"column":28},"end":{"line":189,"column":68}},"locations":[{"start":{"line":189,"column":28},"end":{"line":189,"column":68}}]},"10":{"type":"branch","line":192,"loc":{"start":{"line":192,"column":0},"end":{"line":237,"column":1}},"locations":[{"start":{"line":192,"column":0},"end":{"line":237,"column":1}}]},"11":{"type":"branch","line":196,"loc":{"start":{"line":196,"column":24},"end":{"line":196,"column":61}},"locations":[{"start":{"line":196,"column":24},"end":{"line":196,"column":61}}]},"12":{"type":"branch","line":197,"loc":{"start":{"line":197,"column":26},"end":{"line":197,"column":65}},"locations":[{"start":{"line":197,"column":26},"end":{"line":197,"column":65}}]},"13":{"type":"branch","line":199,"loc":{"start":{"line":199,"column":65},"end":{"line":199,"column":83}},"locations":[{"start":{"line":199,"column":65},"end":{"line":199,"column":83}}]},"14":{"type":"branch","line":201,"loc":{"start":{"line":201,"column":22},"end":{"line":201,"column":73}},"locations":[{"start":{"line":201,"column":22},"end":{"line":201,"column":73}}]},"15":{"type":"branch","line":204,"loc":{"start":{"line":204,"column":48},"end":{"line":204,"column":69}},"locations":[{"start":{"line":204,"column":48},"end":{"line":204,"column":69}}]},"16":{"type":"branch","line":204,"loc":{"start":{"line":204,"column":60},"end":{"line":205,"column":17}},"locations":[{"start":{"line":204,"column":60},"end":{"line":205,"column":17}}]},"17":{"type":"branch","line":219,"loc":{"start":{"line":219,"column":23},"end":{"line":219,"column":59}},"locations":[{"start":{"line":219,"column":23},"end":{"line":219,"column":59}}]},"18":{"type":"branch","line":220,"loc":{"start":{"line":220,"column":53},"end":{"line":222,"column":3}},"locations":[{"start":{"line":220,"column":53},"end":{"line":222,"column":3}}]},"19":{"type":"branch","line":224,"loc":{"start":{"line":224,"column":21},"end":{"line":228,"column":3}},"locations":[{"start":{"line":224,"column":21},"end":{"line":228,"column":3}}]},"20":{"type":"branch","line":254,"loc":{"start":{"line":254,"column":0},"end":{"line":274,"column":1}},"locations":[{"start":{"line":254,"column":0},"end":{"line":274,"column":1}}]},"21":{"type":"branch","line":260,"loc":{"start":{"line":260,"column":28},"end":{"line":260,"column":70}},"locations":[{"start":{"line":260,"column":28},"end":{"line":260,"column":70}}]},"22":{"type":"branch","line":260,"loc":{"start":{"line":260,"column":69},"end":{"line":261,"column":28}},"locations":[{"start":{"line":260,"column":69},"end":{"line":261,"column":28}}]},"23":{"type":"branch","line":261,"loc":{"start":{"line":261,"column":27},"end":{"line":262,"column":17}},"locations":[{"start":{"line":261,"column":27},"end":{"line":262,"column":17}}]},"24":{"type":"branch","line":264,"loc":{"start":{"line":264,"column":33},"end":{"line":264,"column":80}},"locations":[{"start":{"line":264,"column":33},"end":{"line":264,"column":80}}]},"25":{"type":"branch","line":264,"loc":{"start":{"line":264,"column":79},"end":{"line":265,"column":33}},"locations":[{"start":{"line":264,"column":79},"end":{"line":265,"column":33}}]},"26":{"type":"branch","line":265,"loc":{"start":{"line":265,"column":32},"end":{"line":266,"column":17}},"locations":[{"start":{"line":265,"column":32},"end":{"line":266,"column":17}}]},"27":{"type":"branch","line":267,"loc":{"start":{"line":267,"column":44},"end":{"line":267,"column":70}},"locations":[{"start":{"line":267,"column":44},"end":{"line":267,"column":70}}]},"28":{"type":"branch","line":267,"loc":{"start":{"line":267,"column":55},"end":{"line":267,"column":79}},"locations":[{"start":{"line":267,"column":55},"end":{"line":267,"column":79}}]},"29":{"type":"branch","line":270,"loc":{"start":{"line":270,"column":34},"end":{"line":270,"column":72}},"locations":[{"start":{"line":270,"column":34},"end":{"line":270,"column":72}}]},"30":{"type":"branch","line":271,"loc":{"start":{"line":271,"column":39},"end":{"line":271,"column":87}},"locations":[{"start":{"line":271,"column":39},"end":{"line":271,"column":87}}]},"31":{"type":"branch","line":272,"loc":{"start":{"line":272,"column":37},"end":{"line":272,"column":65}},"locations":[{"start":{"line":272,"column":37},"end":{"line":272,"column":65}}]},"32":{"type":"branch","line":276,"loc":{"start":{"line":276,"column":0},"end":{"line":289,"column":1}},"locations":[{"start":{"line":276,"column":0},"end":{"line":289,"column":1}}]},"33":{"type":"branch","line":279,"loc":{"start":{"line":279,"column":47},"end":{"line":287,"column":3}},"locations":[{"start":{"line":279,"column":47},"end":{"line":287,"column":3}}]},"34":{"type":"branch","line":282,"loc":{"start":{"line":282,"column":4},"end":{"line":286,"column":5}},"locations":[{"start":{"line":282,"column":4},"end":{"line":286,"column":5}}]},"35":{"type":"branch","line":291,"loc":{"start":{"line":291,"column":0},"end":{"line":299,"column":1}},"locations":[{"start":{"line":291,"column":0},"end":{"line":299,"column":1}}]},"36":{"type":"branch","line":301,"loc":{"start":{"line":301,"column":7},"end":{"line":636,"column":1}},"locations":[{"start":{"line":301,"column":7},"end":{"line":636,"column":1}}]},"37":{"type":"branch","line":308,"loc":{"start":{"line":308,"column":31},"end":{"line":308,"column":59}},"locations":[{"start":{"line":308,"column":31},"end":{"line":308,"column":59}}]},"38":{"type":"branch","line":309,"loc":{"start":{"line":309,"column":39},"end":{"line":309,"column":71}},"locations":[{"start":{"line":309,"column":39},"end":{"line":309,"column":71}}]},"39":{"type":"branch","line":315,"loc":{"start":{"line":315,"column":27},"end":{"line":315,"column":68}},"locations":[{"start":{"line":315,"column":27},"end":{"line":315,"column":68}}]},"40":{"type":"branch","line":319,"loc":{"start":{"line":319,"column":4},"end":{"line":441,"column":5}},"locations":[{"start":{"line":319,"column":4},"end":{"line":441,"column":5}}]},"41":{"type":"branch","line":321,"loc":{"start":{"line":321,"column":22},"end":{"line":321,"column":32}},"locations":[{"start":{"line":321,"column":22},"end":{"line":321,"column":32}}]},"42":{"type":"branch","line":324,"loc":{"start":{"line":324,"column":29},"end":{"line":326,"column":7}},"locations":[{"start":{"line":324,"column":29},"end":{"line":326,"column":7}}]},"43":{"type":"branch","line":325,"loc":{"start":{"line":325,"column":33},"end":{"line":325,"column":45}},"locations":[{"start":{"line":325,"column":33},"end":{"line":325,"column":45}}]},"44":{"type":"branch","line":328,"loc":{"start":{"line":328,"column":20},"end":{"line":330,"column":7}},"locations":[{"start":{"line":328,"column":20},"end":{"line":330,"column":7}}]},"45":{"type":"branch","line":330,"loc":{"start":{"line":330,"column":6},"end":{"line":332,"column":47}},"locations":[{"start":{"line":330,"column":6},"end":{"line":332,"column":47}}]},"46":{"type":"branch","line":333,"loc":{"start":{"line":333,"column":26},"end":{"line":335,"column":7}},"locations":[{"start":{"line":333,"column":26},"end":{"line":335,"column":7}}]},"47":{"type":"branch","line":335,"loc":{"start":{"line":335,"column":6},"end":{"line":338,"column":21}},"locations":[{"start":{"line":335,"column":6},"end":{"line":338,"column":21}}]},"48":{"type":"branch","line":338,"loc":{"start":{"line":338,"column":21},"end":{"line":399,"column":7}},"locations":[{"start":{"line":338,"column":21},"end":{"line":399,"column":7}}]},"49":{"type":"branch","line":399,"loc":{"start":{"line":399,"column":6},"end":{"line":404,"column":38}},"locations":[{"start":{"line":399,"column":6},"end":{"line":404,"column":38}}]},"50":{"type":"branch","line":405,"loc":{"start":{"line":405,"column":47},"end":{"line":405,"column":82}},"locations":[{"start":{"line":405,"column":47},"end":{"line":405,"column":82}}]},"51":{"type":"branch","line":405,"loc":{"start":{"line":405,"column":69},"end":{"line":405,"column":88}},"locations":[{"start":{"line":405,"column":69},"end":{"line":405,"column":88}}]},"52":{"type":"branch","line":409,"loc":{"start":{"line":409,"column":94},"end":{"line":412,"column":36}},"locations":[{"start":{"line":409,"column":94},"end":{"line":412,"column":36}}]},"53":{"type":"branch","line":412,"loc":{"start":{"line":412,"column":26},"end":{"line":412,"column":43}},"locations":[{"start":{"line":412,"column":26},"end":{"line":412,"column":43}}]},"54":{"type":"branch","line":413,"loc":{"start":{"line":413,"column":33},"end":{"line":413,"column":63}},"locations":[{"start":{"line":413,"column":33},"end":{"line":413,"column":63}}]},"55":{"type":"branch","line":413,"loc":{"start":{"line":413,"column":53},"end":{"line":413,"column":94}},"locations":[{"start":{"line":413,"column":53},"end":{"line":413,"column":94}}]},"56":{"type":"branch","line":415,"loc":{"start":{"line":415,"column":20},"end":{"line":418,"column":7}},"locations":[{"start":{"line":415,"column":20},"end":{"line":418,"column":7}}]},"57":{"type":"branch","line":418,"loc":{"start":{"line":418,"column":6},"end":{"line":420,"column":52}},"locations":[{"start":{"line":418,"column":6},"end":{"line":420,"column":52}}]},"58":{"type":"branch","line":420,"loc":{"start":{"line":420,"column":40},"end":{"line":420,"column":102}},"locations":[{"start":{"line":420,"column":40},"end":{"line":420,"column":102}}]},"59":{"type":"branch","line":420,"loc":{"start":{"line":420,"column":102},"end":{"line":423,"column":7}},"locations":[{"start":{"line":420,"column":102},"end":{"line":423,"column":7}}]},"60":{"type":"branch","line":423,"loc":{"start":{"line":423,"column":6},"end":{"line":427,"column":57}},"locations":[{"start":{"line":423,"column":6},"end":{"line":427,"column":57}}]},"61":{"type":"branch","line":427,"loc":{"start":{"line":427,"column":46},"end":{"line":427,"column":68}},"locations":[{"start":{"line":427,"column":46},"end":{"line":427,"column":68}}]},"62":{"type":"branch","line":427,"loc":{"start":{"line":427,"column":61},"end":{"line":427,"column":92}},"locations":[{"start":{"line":427,"column":61},"end":{"line":427,"column":92}}]},"63":{"type":"branch","line":428,"loc":{"start":{"line":428,"column":58},"end":{"line":432,"column":15}},"locations":[{"start":{"line":428,"column":58},"end":{"line":432,"column":15}}]},"64":{"type":"branch","line":432,"loc":{"start":{"line":432,"column":6},"end":{"line":438,"column":7}},"locations":[{"start":{"line":432,"column":6},"end":{"line":438,"column":7}}]},"65":{"type":"branch","line":438,"loc":{"start":{"line":438,"column":6},"end":{"line":440,"column":16}},"locations":[{"start":{"line":438,"column":6},"end":{"line":440,"column":16}}]},"66":{"type":"branch","line":445,"loc":{"start":{"line":445,"column":4},"end":{"line":493,"column":6}},"locations":[{"start":{"line":445,"column":4},"end":{"line":493,"column":6}}]},"67":{"type":"branch","line":447,"loc":{"start":{"line":447,"column":29},"end":{"line":449,"column":7}},"locations":[{"start":{"line":447,"column":29},"end":{"line":449,"column":7}}]},"68":{"type":"branch","line":449,"loc":{"start":{"line":449,"column":6},"end":{"line":457,"column":17}},"locations":[{"start":{"line":449,"column":6},"end":{"line":457,"column":17}}]},"69":{"type":"branch","line":457,"loc":{"start":{"line":457,"column":6},"end":{"line":464,"column":7}},"locations":[{"start":{"line":457,"column":6},"end":{"line":464,"column":7}}]},"70":{"type":"branch","line":464,"loc":{"start":{"line":464,"column":6},"end":{"line":466,"column":31}},"locations":[{"start":{"line":464,"column":6},"end":{"line":466,"column":31}}]},"71":{"type":"branch","line":466,"loc":{"start":{"line":466,"column":31},"end":{"line":468,"column":7}},"locations":[{"start":{"line":466,"column":31},"end":{"line":468,"column":7}}]},"72":{"type":"branch","line":468,"loc":{"start":{"line":468,"column":6},"end":{"line":472,"column":23}},"locations":[{"start":{"line":468,"column":6},"end":{"line":472,"column":23}}]},"73":{"type":"branch","line":472,"loc":{"start":{"line":472,"column":23},"end":{"line":475,"column":15}},"locations":[{"start":{"line":472,"column":23},"end":{"line":475,"column":15}}]},"74":{"type":"branch","line":475,"loc":{"start":{"line":475,"column":8},"end":{"line":485,"column":15}},"locations":[{"start":{"line":475,"column":8},"end":{"line":485,"column":15}}]},"75":{"type":"branch","line":476,"loc":{"start":{"line":476,"column":34},"end":{"line":476,"column":71}},"locations":[{"start":{"line":476,"column":34},"end":{"line":476,"column":71}}]},"76":{"type":"branch","line":477,"loc":{"start":{"line":477,"column":28},"end":{"line":479,"column":11}},"locations":[{"start":{"line":477,"column":28},"end":{"line":479,"column":11}}]},"77":{"type":"branch","line":485,"loc":{"start":{"line":485,"column":6},"end":{"line":490,"column":7}},"locations":[{"start":{"line":485,"column":6},"end":{"line":490,"column":7}}]},"78":{"type":"branch","line":490,"loc":{"start":{"line":490,"column":6},"end":{"line":492,"column":21}},"locations":[{"start":{"line":490,"column":6},"end":{"line":492,"column":21}}]},"79":{"type":"branch","line":494,"loc":{"start":{"line":494,"column":4},"end":{"line":596,"column":5}},"locations":[{"start":{"line":494,"column":4},"end":{"line":596,"column":5}}]},"80":{"type":"branch","line":500,"loc":{"start":{"line":500,"column":28},"end":{"line":500,"column":50}},"locations":[{"start":{"line":500,"column":28},"end":{"line":500,"column":50}}]},"81":{"type":"branch","line":502,"loc":{"start":{"line":502,"column":63},"end":{"line":595,"column":17}},"locations":[{"start":{"line":502,"column":63},"end":{"line":595,"column":17}}]},"82":{"type":"branch","line":503,"loc":{"start":{"line":503,"column":47},"end":{"line":505,"column":9}},"locations":[{"start":{"line":503,"column":47},"end":{"line":505,"column":9}}]},"83":{"type":"branch","line":507,"loc":{"start":{"line":507,"column":48},"end":{"line":509,"column":9}},"locations":[{"start":{"line":507,"column":48},"end":{"line":509,"column":9}}]},"84":{"type":"branch","line":512,"loc":{"start":{"line":512,"column":23},"end":{"line":517,"column":15}},"locations":[{"start":{"line":512,"column":23},"end":{"line":517,"column":15}}]},"85":{"type":"branch","line":527,"loc":{"start":{"line":527,"column":23},"end":{"line":560,"column":15}},"locations":[{"start":{"line":527,"column":23},"end":{"line":560,"column":15}}]},"86":{"type":"branch","line":563,"loc":{"start":{"line":563,"column":51},"end":{"line":563,"column":86}},"locations":[{"start":{"line":563,"column":51},"end":{"line":563,"column":86}}]},"87":{"type":"branch","line":563,"loc":{"start":{"line":563,"column":73},"end":{"line":563,"column":92}},"locations":[{"start":{"line":563,"column":73},"end":{"line":563,"column":92}}]},"88":{"type":"branch","line":570,"loc":{"start":{"line":570,"column":30},"end":{"line":570,"column":47}},"locations":[{"start":{"line":570,"column":30},"end":{"line":570,"column":47}}]},"89":{"type":"branch","line":571,"loc":{"start":{"line":571,"column":37},"end":{"line":571,"column":67}},"locations":[{"start":{"line":571,"column":37},"end":{"line":571,"column":67}}]},"90":{"type":"branch","line":571,"loc":{"start":{"line":571,"column":57},"end":{"line":571,"column":108}},"locations":[{"start":{"line":571,"column":57},"end":{"line":571,"column":108}}]},"91":{"type":"branch","line":573,"loc":{"start":{"line":573,"column":14},"end":{"line":573,"column":48}},"locations":[{"start":{"line":573,"column":14},"end":{"line":573,"column":48}}]},"92":{"type":"branch","line":573,"loc":{"start":{"line":573,"column":48},"end":{"line":582,"column":11}},"locations":[{"start":{"line":573,"column":48},"end":{"line":582,"column":11}}]},"93":{"type":"branch","line":590,"loc":{"start":{"line":590,"column":10},"end":{"line":592,"column":9}},"locations":[{"start":{"line":590,"column":10},"end":{"line":592,"column":9}}]},"94":{"type":"branch","line":600,"loc":{"start":{"line":600,"column":4},"end":{"line":603,"column":6}},"locations":[{"start":{"line":600,"column":4},"end":{"line":603,"column":6}}]},"95":{"type":"branch","line":601,"loc":{"start":{"line":601,"column":58},"end":{"line":602,"column":34}},"locations":[{"start":{"line":601,"column":58},"end":{"line":602,"column":34}}]},"96":{"type":"branch","line":604,"loc":{"start":{"line":604,"column":4},"end":{"line":611,"column":6}},"locations":[{"start":{"line":604,"column":4},"end":{"line":611,"column":6}}]}},"b":{"0":[4],"1":[0],"2":[0],"3":[5],"4":[0],"5":[5],"6":[5],"7":[0],"8":[5],"9":[5],"10":[5],"11":[0],"12":[0],"13":[0],"14":[0],"15":[0],"16":[0],"17":[0],"18":[0],"19":[0],"20":[3],"21":[1],"22":[1],"23":[2],"24":[1],"25":[1],"26":[2],"27":[1],"28":[2],"29":[1],"30":[1],"31":[1],"32":[3],"33":[18],"34":[0],"35":[3],"36":[4],"37":[3],"38":[3],"39":[0],"40":[5],"41":[0],"42":[4],"43":[3],"44":[1],"45":[4],"46":[0],"47":[4],"48":[0],"49":[4],"50":[3],"51":[0],"52":[4],"53":[0],"54":[1],"55":[1],"56":[3],"57":[1],"58":[0],"59":[0],"60":[1],"61":[0],"62":[1],"63":[1],"64":[0],"65":[1],"66":[3],"67":[1],"68":[2],"69":[0],"70":[2],"71":[0],"72":[2],"73":[0],"74":[2],"75":[0],"76":[0],"77":[0],"78":[2],"79":[2],"80":[0],"81":[1],"82":[0],"83":[0],"84":[0],"85":[0],"86":[0],"87":[0],"88":[0],"89":[0],"90":[0],"91":[0],"92":[0],"93":[0],"94":[3],"95":[2],"96":[1]},"fnMap":{"0":{"name":"detectMode","decl":{"start":{"line":89,"column":0},"end":{"line":114,"column":1}},"loc":{"start":{"line":89,"column":0},"end":{"line":114,"column":1}},"line":89},"1":{"name":"fetchServerPublicKey","decl":{"start":{"line":118,"column":0},"end":{"line":132,"column":1}},"loc":{"start":{"line":118,"column":0},"end":{"line":132,"column":1}},"line":118},"2":{"name":"getOrCreateClientKeyPair","decl":{"start":{"line":134,"column":0},"end":{"line":140,"column":1}},"loc":{"start":{"line":134,"column":0},"end":{"line":140,"column":1}},"line":134},"3":{"name":"getOrFetchServerPublicKey","decl":{"start":{"line":142,"column":0},"end":{"line":158,"column":1}},"loc":{"start":{"line":142,"column":0},"end":{"line":158,"column":1}},"line":142},"4":{"name":"deriveV2Keys","decl":{"start":{"line":160,"column":0},"end":{"line":165,"column":1}},"loc":{"start":{"line":160,"column":0},"end":{"line":165,"column":1}},"line":160},"5":{"name":"normalizePath","decl":{"start":{"line":167,"column":0},"end":{"line":175,"column":1}},"loc":{"start":{"line":167,"column":0},"end":{"line":175,"column":1}},"line":167},"6":{"name":"escapeRegex","decl":{"start":{"line":177,"column":0},"end":{"line":179,"column":1}},"loc":{"start":{"line":177,"column":0},"end":{"line":179,"column":1}},"line":177},"7":{"name":"globToRegex","decl":{"start":{"line":181,"column":0},"end":{"line":185,"column":1}},"loc":{"start":{"line":181,"column":0},"end":{"line":185,"column":1}},"line":181},"8":{"name":"isExcludedRoute","decl":{"start":{"line":187,"column":0},"end":{"line":190,"column":1}},"loc":{"start":{"line":187,"column":0},"end":{"line":190,"column":1}},"line":187},"9":{"name":"getBrowserFingerprintComponents","decl":{"start":{"line":192,"column":0},"end":{"line":237,"column":1}},"loc":{"start":{"line":192,"column":0},"end":{"line":237,"column":1}},"line":192},"10":{"name":"getOrCreateFingerprint","decl":{"start":{"line":239,"column":0},"end":{"line":252,"column":1}},"loc":{"start":{"line":239,"column":0},"end":{"line":252,"column":1}},"line":239},"11":{"name":"parseCiphHeaders","decl":{"start":{"line":254,"column":0},"end":{"line":274,"column":1}},"loc":{"start":{"line":254,"column":0},"end":{"line":274,"column":1}},"line":254},"12":{"name":"toRecordHeaders","decl":{"start":{"line":276,"column":0},"end":{"line":289,"column":1}},"loc":{"start":{"line":276,"column":0},"end":{"line":289,"column":1}},"line":276},"13":{"name":"makeCiphResponse","decl":{"start":{"line":291,"column":0},"end":{"line":299,"column":1}},"loc":{"start":{"line":291,"column":0},"end":{"line":299,"column":1}},"line":291},"14":{"name":"createClient","decl":{"start":{"line":301,"column":7},"end":{"line":636,"column":1}},"loc":{"start":{"line":301,"column":7},"end":{"line":636,"column":1}},"line":301},"15":{"name":"instance.interceptors.response.use.response","decl":{"start":{"line":445,"column":4},"end":{"line":493,"column":6}},"loc":{"start":{"line":445,"column":4},"end":{"line":493,"column":6}},"line":445},"16":{"name":"get","decl":{"start":{"line":600,"column":4},"end":{"line":603,"column":6}},"loc":{"start":{"line":600,"column":4},"end":{"line":603,"column":6}},"line":600},"17":{"name":"post","decl":{"start":{"line":604,"column":4},"end":{"line":611,"column":6}},"loc":{"start":{"line":604,"column":4},"end":{"line":611,"column":6}},"line":604},"18":{"name":"put","decl":{"start":{"line":612,"column":4},"end":{"line":619,"column":6}},"loc":{"start":{"line":612,"column":4},"end":{"line":619,"column":6}},"line":612},"19":{"name":"patch","decl":{"start":{"line":620,"column":4},"end":{"line":627,"column":6}},"loc":{"start":{"line":620,"column":4},"end":{"line":627,"column":6}},"line":620},"20":{"name":"delete","decl":{"start":{"line":628,"column":4},"end":{"line":634,"column":5}},"loc":{"start":{"line":628,"column":4},"end":{"line":634,"column":5}},"line":628}},"f":{"0":4,"1":0,"2":0,"3":0,"4":0,"5":5,"6":5,"7":5,"8":5,"9":5,"10":0,"11":3,"12":3,"13":3,"14":4,"15":3,"16":3,"17":1,"18":0,"19":0,"20":0}}
}
