mode: set
github.com/Eularix/ciph/modules/ciph-go/core/crypto.go:16.48,18.16 2 1
github.com/Eularix/ciph/modules/ciph-go/core/crypto.go:18.16,24.3 1 0
github.com/Eularix/ciph/modules/ciph-go/core/crypto.go:26.2,32.8 3 1
github.com/Eularix/ciph/modules/ciph-go/core/crypto.go:36.48,38.16 2 1
github.com/Eularix/ciph/modules/ciph-go/core/crypto.go:38.16,44.3 1 0
github.com/Eularix/ciph/modules/ciph-go/core/crypto.go:46.2,52.8 3 1
github.com/Eularix/ciph/modules/ciph-go/core/crypto.go:57.94,59.16 2 1
github.com/Eularix/ciph/modules/ciph-go/core/crypto.go:59.16,65.3 1 0
github.com/Eularix/ciph/modules/ciph-go/core/crypto.go:67.2,68.16 2 1
github.com/Eularix/ciph/modules/ciph-go/core/crypto.go:68.16,74.3 1 0
github.com/Eularix/ciph/modules/ciph-go/core/crypto.go:76.2,77.16 2 1
github.com/Eularix/ciph/modules/ciph-go/core/crypto.go:77.16,83.3 1 0
github.com/Eularix/ciph/modules/ciph-go/core/crypto.go:85.2,86.16 2 1
github.com/Eularix/ciph/modules/ciph-go/core/crypto.go:86.16,92.3 1 0
github.com/Eularix/ciph/modules/ciph-go/core/crypto.go:94.2,95.16 2 1
github.com/Eularix/ciph/modules/ciph-go/core/crypto.go:95.16,101.3 1 0
github.com/Eularix/ciph/modules/ciph-go/core/crypto.go:103.2,103.64 1 1
github.com/Eularix/ciph/modules/ciph-go/core/crypto.go:107.63,109.16 2 1
github.com/Eularix/ciph/modules/ciph-go/core/crypto.go:109.16,115.3 1 0
github.com/Eularix/ciph/modules/ciph-go/core/crypto.go:117.2,121.57 4 1
github.com/Eularix/ciph/modules/ciph-go/core/crypto.go:121.57,127.3 1 0
github.com/Eularix/ciph/modules/ciph-go/core/crypto.go:129.2,129.62 1 1
github.com/Eularix/ciph/modules/ciph-go/core/crypto.go:133.88,135.16 2 1
github.com/Eularix/ciph/modules/ciph-go/core/crypto.go:135.16,141.3 1 0
github.com/Eularix/ciph/modules/ciph-go/core/crypto.go:143.2,148.57 5 1
github.com/Eularix/ciph/modules/ciph-go/core/crypto.go:148.57,154.3 1 0
github.com/Eularix/ciph/modules/ciph-go/core/crypto.go:156.2,156.62 1 1
github.com/Eularix/ciph/modules/ciph-go/core/crypto.go:161.74,163.16 2 1
github.com/Eularix/ciph/modules/ciph-go/core/crypto.go:163.16,169.3 1 0
github.com/Eularix/ciph/modules/ciph-go/core/crypto.go:171.2,171.20 1 1
github.com/Eularix/ciph/modules/ciph-go/core/crypto.go:171.20,176.3 1 0
github.com/Eularix/ciph/modules/ciph-go/core/crypto.go:178.2,179.16 2 1
github.com/Eularix/ciph/modules/ciph-go/core/crypto.go:179.16,185.3 1 0
github.com/Eularix/ciph/modules/ciph-go/core/crypto.go:187.2,188.16 2 1
github.com/Eularix/ciph/modules/ciph-go/core/crypto.go:188.16,194.3 1 0
github.com/Eularix/ciph/modules/ciph-go/core/crypto.go:196.2,197.56 2 1
github.com/Eularix/ciph/modules/ciph-go/core/crypto.go:197.56,203.3 1 0
github.com/Eularix/ciph/modules/ciph-go/core/crypto.go:205.2,215.8 4 1
github.com/Eularix/ciph/modules/ciph-go/core/crypto.go:219.81,221.16 2 1
github.com/Eularix/ciph/modules/ciph-go/core/crypto.go:221.16,227.3 1 0
github.com/Eularix/ciph/modules/ciph-go/core/crypto.go:229.2,229.20 1 1
github.com/Eularix/ciph/modules/ciph-go/core/crypto.go:229.20,234.3 1 0
github.com/Eularix/ciph/modules/ciph-go/core/crypto.go:236.2,237.16 2 1
github.com/Eularix/ciph/modules/ciph-go/core/crypto.go:237.16,243.3 1 0
github.com/Eularix/ciph/modules/ciph-go/core/crypto.go:245.2,245.24 1 1
github.com/Eularix/ciph/modules/ciph-go/core/crypto.go:245.24,250.3 1 0
github.com/Eularix/ciph/modules/ciph-go/core/crypto.go:252.2,256.16 4 1
github.com/Eularix/ciph/modules/ciph-go/core/crypto.go:256.16,262.3 1 0
github.com/Eularix/ciph/modules/ciph-go/core/crypto.go:264.2,265.16 2 1
github.com/Eularix/ciph/modules/ciph-go/core/crypto.go:265.16,271.3 1 0
github.com/Eularix/ciph/modules/ciph-go/core/crypto.go:273.2,274.16 2 1
github.com/Eularix/ciph/modules/ciph-go/core/crypto.go:274.16,280.3 1 1
github.com/Eularix/ciph/modules/ciph-go/core/crypto.go:282.2,284.8 1 1
github.com/Eularix/ciph/modules/ciph-go/core/crypto.go:288.41,290.55 2 1
github.com/Eularix/ciph/modules/ciph-go/core/crypto.go:290.55,292.3 1 0
github.com/Eularix/ciph/modules/ciph-go/core/crypto.go:293.2,293.15 1 1
github.com/Eularix/ciph/modules/ciph-go/core/crypto.go:297.38,299.2 1 1
github.com/Eularix/ciph/modules/ciph-go/core/crypto.go:302.52,304.2 1 1
github.com/Eularix/ciph/modules/ciph-go/core/fingerprint.go:10.88,21.2 4 1
github.com/Eularix/ciph/modules/ciph-go/core/fingerprint.go:24.63,26.2 1 1
github.com/Eularix/ciph/modules/ciph-go/core/fingerprint.go:29.69,38.32 2 1
github.com/Eularix/ciph/modules/ciph-go/core/fingerprint.go:38.32,40.3 1 1
github.com/Eularix/ciph/modules/ciph-go/core/fingerprint.go:43.2,44.13 2 1
github.com/Eularix/ciph/modules/ciph-go/core/fingerprint.go:48.75,50.62 2 1
github.com/Eularix/ciph/modules/ciph-go/core/fingerprint.go:50.62,56.3 1 0
github.com/Eularix/ciph/modules/ciph-go/core/fingerprint.go:57.2,57.25 1 1
github.com/Eularix/ciph/modules/ciph-go/core/fingerprint.go:61.65,63.2 1 1
github.com/Eularix/ciph/modules/ciph-go/core/fingerprint.go:66.66,70.2 3 1
github.com/Eularix/ciph/modules/ciph-go/core/fingerprint.go:73.110,76.16 3 1
github.com/Eularix/ciph/modules/ciph-go/core/fingerprint.go:76.16,82.3 1 0
github.com/Eularix/ciph/modules/ciph-go/core/fingerprint.go:83.2,83.31 1 1
github.com/Eularix/ciph/modules/ciph-go/core/fingerprint.go:87.117,89.16 2 1
github.com/Eularix/ciph/modules/ciph-go/core/fingerprint.go:89.16,95.3 1 0
github.com/Eularix/ciph/modules/ciph-go/core/fingerprint.go:97.2,98.16 2 1
github.com/Eularix/ciph/modules/ciph-go/core/fingerprint.go:98.16,104.3 1 0
github.com/Eularix/ciph/modules/ciph-go/core/fingerprint.go:106.2,106.24 1 1
github.com/Eularix/ciph/modules/ciph-go/core/fingerprint.go:110.69,112.2 1 1
github.com/Eularix/ciph/modules/ciph-go/core/fingerprint.go:115.69,117.2 1 1
github.com/Eularix/ciph/modules/ciph-go/core/types.go:23.36,24.18 1 0
github.com/Eularix/ciph/modules/ciph-go/core/types.go:24.18,26.3 1 0
github.com/Eularix/ciph/modules/ciph-go/core/types.go:27.2,27.49 1 0
