mode: set
github.com/Eularix/ciph/modules/ciph-go/core/crypto.go:19.48,21.16 2 1
github.com/Eularix/ciph/modules/ciph-go/core/crypto.go:21.16,27.3 1 0
github.com/Eularix/ciph/modules/ciph-go/core/crypto.go:29.2,33.16 3 1
github.com/Eularix/ciph/modules/ciph-go/core/crypto.go:33.16,39.3 1 0
github.com/Eularix/ciph/modules/ciph-go/core/crypto.go:41.2,44.8 1 1
github.com/Eularix/ciph/modules/ciph-go/core/crypto.go:48.48,50.16 2 1
github.com/Eularix/ciph/modules/ciph-go/core/crypto.go:50.16,56.3 1 0
github.com/Eularix/ciph/modules/ciph-go/core/crypto.go:58.2,64.8 3 1
github.com/Eularix/ciph/modules/ciph-go/core/crypto.go:70.69,73.16 2 1
github.com/Eularix/ciph/modules/ciph-go/core/crypto.go:73.16,75.39 1 1
github.com/Eularix/ciph/modules/ciph-go/core/crypto.go:76.26,78.18 2 1
github.com/Eularix/ciph/modules/ciph-go/core/crypto.go:78.18,84.5 1 0
github.com/Eularix/ciph/modules/ciph-go/core/crypto.go:85.4,85.23 1 1
github.com/Eularix/ciph/modules/ciph-go/core/crypto.go:86.25,87.17 1 0
github.com/Eularix/ciph/modules/ciph-go/core/crypto.go:88.11,92.5 1 0
github.com/Eularix/ciph/modules/ciph-go/core/crypto.go:97.2,98.16 2 1
github.com/Eularix/ciph/modules/ciph-go/core/crypto.go:98.16,104.3 1 1
github.com/Eularix/ciph/modules/ciph-go/core/crypto.go:105.2,105.21 1 1
github.com/Eularix/ciph/modules/ciph-go/core/crypto.go:110.74,112.16 2 1
github.com/Eularix/ciph/modules/ciph-go/core/crypto.go:112.16,118.3 1 0
github.com/Eularix/ciph/modules/ciph-go/core/crypto.go:120.2,121.16 2 1
github.com/Eularix/ciph/modules/ciph-go/core/crypto.go:121.16,123.3 1 1
github.com/Eularix/ciph/modules/ciph-go/core/crypto.go:125.2,126.63 2 1
github.com/Eularix/ciph/modules/ciph-go/core/crypto.go:133.94,135.16 2 1
github.com/Eularix/ciph/modules/ciph-go/core/crypto.go:135.16,141.3 1 0
github.com/Eularix/ciph/modules/ciph-go/core/crypto.go:143.2,144.16 2 1
github.com/Eularix/ciph/modules/ciph-go/core/crypto.go:144.16,150.3 1 0
github.com/Eularix/ciph/modules/ciph-go/core/crypto.go:152.2,153.16 2 1
github.com/Eularix/ciph/modules/ciph-go/core/crypto.go:153.16,155.3 1 0
github.com/Eularix/ciph/modules/ciph-go/core/crypto.go:157.2,158.16 2 1
github.com/Eularix/ciph/modules/ciph-go/core/crypto.go:158.16,164.3 1 0
github.com/Eularix/ciph/modules/ciph-go/core/crypto.go:166.2,167.16 2 1
github.com/Eularix/ciph/modules/ciph-go/core/crypto.go:167.16,173.3 1 0
github.com/Eularix/ciph/modules/ciph-go/core/crypto.go:175.2,175.64 1 1
github.com/Eularix/ciph/modules/ciph-go/core/crypto.go:181.63,183.16 2 1
github.com/Eularix/ciph/modules/ciph-go/core/crypto.go:183.16,189.3 1 0
github.com/Eularix/ciph/modules/ciph-go/core/crypto.go:192.2,197.57 5 1
github.com/Eularix/ciph/modules/ciph-go/core/crypto.go:197.57,203.3 1 0
github.com/Eularix/ciph/modules/ciph-go/core/crypto.go:205.2,205.62 1 1
github.com/Eularix/ciph/modules/ciph-go/core/crypto.go:211.88,213.16 2 1
github.com/Eularix/ciph/modules/ciph-go/core/crypto.go:213.16,219.3 1 0
github.com/Eularix/ciph/modules/ciph-go/core/crypto.go:221.2,226.57 5 1
github.com/Eularix/ciph/modules/ciph-go/core/crypto.go:226.57,232.3 1 0
github.com/Eularix/ciph/modules/ciph-go/core/crypto.go:234.2,234.62 1 1
github.com/Eularix/ciph/modules/ciph-go/core/crypto.go:240.74,242.16 2 1
github.com/Eularix/ciph/modules/ciph-go/core/crypto.go:242.16,248.3 1 0
github.com/Eularix/ciph/modules/ciph-go/core/crypto.go:250.2,250.20 1 1
github.com/Eularix/ciph/modules/ciph-go/core/crypto.go:250.20,255.3 1 0
github.com/Eularix/ciph/modules/ciph-go/core/crypto.go:257.2,258.16 2 1
github.com/Eularix/ciph/modules/ciph-go/core/crypto.go:258.16,264.3 1 0
github.com/Eularix/ciph/modules/ciph-go/core/crypto.go:266.2,267.16 2 1
github.com/Eularix/ciph/modules/ciph-go/core/crypto.go:267.16,273.3 1 0
github.com/Eularix/ciph/modules/ciph-go/core/crypto.go:275.2,276.56 2 1
github.com/Eularix/ciph/modules/ciph-go/core/crypto.go:276.56,282.3 1 0
github.com/Eularix/ciph/modules/ciph-go/core/crypto.go:285.2,304.8 11 1
github.com/Eularix/ciph/modules/ciph-go/core/crypto.go:309.81,311.16 2 1
github.com/Eularix/ciph/modules/ciph-go/core/crypto.go:311.16,317.3 1 0
github.com/Eularix/ciph/modules/ciph-go/core/crypto.go:319.2,319.20 1 1
github.com/Eularix/ciph/modules/ciph-go/core/crypto.go:319.20,324.3 1 0
github.com/Eularix/ciph/modules/ciph-go/core/crypto.go:326.2,327.16 2 1
github.com/Eularix/ciph/modules/ciph-go/core/crypto.go:327.16,333.3 1 0
github.com/Eularix/ciph/modules/ciph-go/core/crypto.go:336.2,336.27 1 1
github.com/Eularix/ciph/modules/ciph-go/core/crypto.go:336.27,341.3 1 1
github.com/Eularix/ciph/modules/ciph-go/core/crypto.go:343.2,348.16 5 1
github.com/Eularix/ciph/modules/ciph-go/core/crypto.go:348.16,354.3 1 0
github.com/Eularix/ciph/modules/ciph-go/core/crypto.go:356.2,357.16 2 1
github.com/Eularix/ciph/modules/ciph-go/core/crypto.go:357.16,363.3 1 0
github.com/Eularix/ciph/modules/ciph-go/core/crypto.go:366.2,371.16 5 1
github.com/Eularix/ciph/modules/ciph-go/core/crypto.go:371.16,377.3 1 1
github.com/Eularix/ciph/modules/ciph-go/core/crypto.go:379.2,381.8 1 1
github.com/Eularix/ciph/modules/ciph-go/core/crypto.go:385.41,387.55 2 1
github.com/Eularix/ciph/modules/ciph-go/core/crypto.go:387.55,389.3 1 0
github.com/Eularix/ciph/modules/ciph-go/core/crypto.go:390.2,390.15 1 1
github.com/Eularix/ciph/modules/ciph-go/core/crypto.go:394.38,396.2 1 1
github.com/Eularix/ciph/modules/ciph-go/core/crypto.go:399.52,401.2 1 1
github.com/Eularix/ciph/modules/ciph-go/core/fingerprint.go:10.88,21.2 4 1
github.com/Eularix/ciph/modules/ciph-go/core/fingerprint.go:24.63,26.2 1 1
github.com/Eularix/ciph/modules/ciph-go/core/fingerprint.go:29.69,38.32 2 1
github.com/Eularix/ciph/modules/ciph-go/core/fingerprint.go:38.32,40.3 1 1
github.com/Eularix/ciph/modules/ciph-go/core/fingerprint.go:43.2,44.13 2 1
github.com/Eularix/ciph/modules/ciph-go/core/fingerprint.go:48.75,50.62 2 1
github.com/Eularix/ciph/modules/ciph-go/core/fingerprint.go:50.62,56.3 1 0
github.com/Eularix/ciph/modules/ciph-go/core/fingerprint.go:57.2,57.25 1 1
github.com/Eularix/ciph/modules/ciph-go/core/fingerprint.go:61.65,63.2 1 1
github.com/Eularix/ciph/modules/ciph-go/core/fingerprint.go:66.66,70.2 3 1
github.com/Eularix/ciph/modules/ciph-go/core/fingerprint.go:73.110,76.16 3 1
github.com/Eularix/ciph/modules/ciph-go/core/fingerprint.go:76.16,82.3 1 0
github.com/Eularix/ciph/modules/ciph-go/core/fingerprint.go:83.2,83.31 1 1
github.com/Eularix/ciph/modules/ciph-go/core/fingerprint.go:87.117,89.16 2 1
github.com/Eularix/ciph/modules/ciph-go/core/fingerprint.go:89.16,95.3 1 0
github.com/Eularix/ciph/modules/ciph-go/core/fingerprint.go:97.2,98.16 2 1
github.com/Eularix/ciph/modules/ciph-go/core/fingerprint.go:98.16,104.3 1 0
github.com/Eularix/ciph/modules/ciph-go/core/fingerprint.go:106.2,106.24 1 1
github.com/Eularix/ciph/modules/ciph-go/core/fingerprint.go:110.69,112.2 1 1
github.com/Eularix/ciph/modules/ciph-go/core/fingerprint.go:115.69,117.2 1 1
github.com/Eularix/ciph/modules/ciph-go/core/types.go:23.36,24.18 1 0
github.com/Eularix/ciph/modules/ciph-go/core/types.go:24.18,26.3 1 0
github.com/Eularix/ciph/modules/ciph-go/core/types.go:27.2,27.49 1 0
