{"/Users/dimasmaulana/Documents/Eularix/open-source/ciph/packages/vue/src/client.ts": {"path":"/Users/dimasmaulana/Documents/Eularix/open-source/ciph/packages/vue/src/client.ts","all":true,"statementMap":{"0":{"start":{"line":1,"column":0},"end":{"line":1,"column":48}},"105":{"start":{"line":106,"column":0},"end":{"line":106,"column":62}},"106":{"start":{"line":107,"column":0},"end":{"line":107,"column":10}},"107":{"start":{"line":108,"column":0},"end":{"line":108,"column":28}},"108":{"start":{"line":109,"column":0},"end":{"line":109,"column":17}},"109":{"start":{"line":110,"column":0},"end":{"line":110,"column":52}},"110":{"start":{"line":111,"column":0},"end":{"line":111,"column":51}},"112":{"start":{"line":113,"column":0},"end":{"line":113,"column":1}},"114":{"start":{"line":115,"column":0},"end":{"line":115,"column":45}},"115":{"start":{"line":116,"column":0},"end":{"line":116,"column":7}},"116":{"start":{"line":117,"column":0},"end":{"line":117,"column":52}},"117":{"start":{"line":118,"column":0},"end":{"line":118,"column":11}},"118":{"start":{"line":119,"column":0},"end":{"line":119,"column":35}},"119":{"start":{"line":120,"column":0},"end":{"line":120,"column":3}},"120":{"start":{"line":121,"column":0},"end":{"line":121,"column":1}},"122":{"start":{"line":123,"column":0},"end":{"line":123,"column":41}},"123":{"start":{"line":124,"column":0},"end":{"line":124,"column":49}},"124":{"start":{"line":125,"column":0},"end":{"line":125,"column":1}},"126":{"start":{"line":127,"column":0},"end":{"line":127,"column":44}},"127":{"start":{"line":128,"column":0},"end":{"line":128,"column":52}},"128":{"start":{"line":129,"column":0},"end":{"line":129,"column":65}},"129":{"start":{"line":130,"column":0},"end":{"line":130,"column":1}},"131":{"start":{"line":132,"column":0},"end":{"line":132,"column":61}},"132":{"start":{"line":133,"column":0},"end":{"line":133,"column":33}},"133":{"start":{"line":134,"column":0},"end":{"line":134,"column":54}},"134":{"start":{"line":135,"column":0},"end":{"line":135,"column":1}},"136":{"start":{"line":137,"column":0},"end":{"line":137,"column":92}},"137":{"start":{"line":138,"column":0},"end":{"line":138,"column":43}},"138":{"start":{"line":139,"column":0},"end":{"line":139,"column":53}},"139":{"start":{"line":140,"column":0},"end":{"line":140,"column":43}},"141":{"start":{"line":142,"column":0},"end":{"line":142,"column":50}},"142":{"start":{"line":143,"column":0},"end":{"line":143,"column":69}},"143":{"start":{"line":144,"column":0},"end":{"line":144,"column":31}},"144":{"start":{"line":145,"column":0},"end":{"line":145,"column":48}},"145":{"start":{"line":146,"column":0},"end":{"line":146,"column":3}},"146":{"start":{"line":147,"column":0},"end":{"line":147,"column":79}},"147":{"start":{"line":148,"column":0},"end":{"line":148,"column":36}},"148":{"start":{"line":149,"column":0},"end":{"line":149,"column":53}},"149":{"start":{"line":150,"column":0},"end":{"line":150,"column":3}},"150":{"start":{"line":151,"column":0},"end":{"line":151,"column":65}},"151":{"start":{"line":152,"column":0},"end":{"line":152,"column":15}},"152":{"start":{"line":153,"column":0},"end":{"line":153,"column":1}},"154":{"start":{"line":155,"column":0},"end":{"line":155,"column":85}},"155":{"start":{"line":156,"column":0},"end":{"line":156,"column":40}},"156":{"start":{"line":157,"column":0},"end":{"line":157,"column":76}},"157":{"start":{"line":158,"column":0},"end":{"line":158,"column":41}},"158":{"start":{"line":159,"column":0},"end":{"line":159,"column":52}},"159":{"start":{"line":160,"column":0},"end":{"line":160,"column":80}},"160":{"start":{"line":161,"column":0},"end":{"line":161,"column":3}},"161":{"start":{"line":162,"column":0},"end":{"line":162,"column":12}},"162":{"start":{"line":163,"column":0},"end":{"line":163,"column":1}},"164":{"start":{"line":165,"column":0},"end":{"line":165,"column":75}},"165":{"start":{"line":166,"column":0},"end":{"line":166,"column":10}},"166":{"start":{"line":167,"column":0},"end":{"line":167,"column":24}},"167":{"start":{"line":168,"column":0},"end":{"line":168,"column":28}},"168":{"start":{"line":169,"column":0},"end":{"line":169,"column":36}},"169":{"start":{"line":170,"column":0},"end":{"line":170,"column":47}},"170":{"start":{"line":171,"column":0},"end":{"line":171,"column":72}},"171":{"start":{"line":172,"column":0},"end":{"line":172,"column":3}},"172":{"start":{"line":173,"column":0},"end":{"line":173,"column":1}},"182":{"start":{"line":183,"column":0},"end":{"line":183,"column":37}},"183":{"start":{"line":184,"column":0},"end":{"line":184,"column":31}},"184":{"start":{"line":185,"column":0},"end":{"line":185,"column":38}},"185":{"start":{"line":186,"column":0},"end":{"line":186,"column":36}},"186":{"start":{"line":187,"column":0},"end":{"line":187,"column":47}},"188":{"start":{"line":189,"column":0},"end":{"line":189,"column":41}},"189":{"start":{"line":190,"column":0},"end":{"line":190,"column":46}},"190":{"start":{"line":191,"column":0},"end":{"line":191,"column":10}},"191":{"start":{"line":192,"column":0},"end":{"line":192,"column":33}},"192":{"start":{"line":193,"column":0},"end":{"line":193,"column":3}},"194":{"start":{"line":195,"column":0},"end":{"line":195,"column":54}},"195":{"start":{"line":196,"column":0},"end":{"line":196,"column":55}},"196":{"start":{"line":197,"column":0},"end":{"line":197,"column":58}},"197":{"start":{"line":198,"column":0},"end":{"line":198,"column":3}},"199":{"start":{"line":200,"column":0},"end":{"line":200,"column":58}},"200":{"start":{"line":201,"column":0},"end":{"line":201,"column":55}},"201":{"start":{"line":202,"column":0},"end":{"line":202,"column":25}},"202":{"start":{"line":203,"column":0},"end":{"line":203,"column":67}},"203":{"start":{"line":204,"column":0},"end":{"line":204,"column":3}},"205":{"start":{"line":206,"column":0},"end":{"line":206,"column":69}},"206":{"start":{"line":207,"column":0},"end":{"line":207,"column":21}},"207":{"start":{"line":208,"column":0},"end":{"line":208,"column":3}},"208":{"start":{"line":209,"column":0},"end":{"line":209,"column":59}},"209":{"start":{"line":210,"column":0},"end":{"line":210,"column":21}},"210":{"start":{"line":211,"column":0},"end":{"line":211,"column":3}},"212":{"start":{"line":213,"column":0},"end":{"line":213,"column":19}},"213":{"start":{"line":214,"column":0},"end":{"line":214,"column":1}},"215":{"start":{"line":216,"column":0},"end":{"line":216,"column":27}},"216":{"start":{"line":217,"column":0},"end":{"line":217,"column":24}},"217":{"start":{"line":218,"column":0},"end":{"line":218,"column":26}},"218":{"start":{"line":219,"column":0},"end":{"line":219,"column":31}},"219":{"start":{"line":220,"column":0},"end":{"line":220,"column":38}},"220":{"start":{"line":221,"column":0},"end":{"line":221,"column":80}},"221":{"start":{"line":222,"column":0},"end":{"line":222,"column":41}},"222":{"start":{"line":223,"column":0},"end":{"line":223,"column":27}},"224":{"start":{"line":225,"column":0},"end":{"line":225,"column":77}},"225":{"start":{"line":226,"column":0},"end":{"line":226,"column":54}},"226":{"start":{"line":227,"column":0},"end":{"line":227,"column":33}},"228":{"start":{"line":229,"column":0},"end":{"line":229,"column":70}},"229":{"start":{"line":230,"column":0},"end":{"line":230,"column":56}},"230":{"start":{"line":231,"column":0},"end":{"line":231,"column":48}},"232":{"start":{"line":233,"column":0},"end":{"line":233,"column":10}},"233":{"start":{"line":234,"column":0},"end":{"line":234,"column":15}},"234":{"start":{"line":235,"column":0},"end":{"line":235,"column":42}},"235":{"start":{"line":236,"column":0},"end":{"line":236,"column":33}},"236":{"start":{"line":237,"column":0},"end":{"line":237,"column":3}},"237":{"start":{"line":238,"column":0},"end":{"line":238,"column":1}},"239":{"start":{"line":240,"column":0},"end":{"line":240,"column":57}},"240":{"start":{"line":241,"column":0},"end":{"line":241,"column":24}},"241":{"start":{"line":242,"column":0},"end":{"line":242,"column":27}},"242":{"start":{"line":243,"column":0},"end":{"line":243,"column":32}},"243":{"start":{"line":244,"column":0},"end":{"line":244,"column":1}},"247":{"start":{"line":248,"column":0},"end":{"line":248,"column":68}},"248":{"start":{"line":249,"column":0},"end":{"line":249,"column":59}},"249":{"start":{"line":250,"column":0},"end":{"line":250,"column":71}},"250":{"start":{"line":251,"column":0},"end":{"line":251,"column":57}},"252":{"start":{"line":253,"column":0},"end":{"line":253,"column":33}},"253":{"start":{"line":254,"column":0},"end":{"line":254,"column":18}},"254":{"start":{"line":255,"column":0},"end":{"line":255,"column":21}},"255":{"start":{"line":256,"column":0},"end":{"line":256,"column":26}},"256":{"start":{"line":257,"column":0},"end":{"line":257,"column":3}},"258":{"start":{"line":259,"column":0},"end":{"line":259,"column":48}},"259":{"start":{"line":260,"column":0},"end":{"line":260,"column":28}},"260":{"start":{"line":261,"column":0},"end":{"line":261,"column":69}},"261":{"start":{"line":262,"column":0},"end":{"line":262,"column":4}},"264":{"start":{"line":265,"column":0},"end":{"line":265,"column":36}},"265":{"start":{"line":266,"column":0},"end":{"line":266,"column":90}},"266":{"start":{"line":267,"column":0},"end":{"line":267,"column":45}},"267":{"start":{"line":268,"column":0},"end":{"line":268,"column":32}},"269":{"start":{"line":270,"column":0},"end":{"line":270,"column":53}},"270":{"start":{"line":271,"column":0},"end":{"line":271,"column":34}},"271":{"start":{"line":272,"column":0},"end":{"line":272,"column":37}},"273":{"start":{"line":274,"column":0},"end":{"line":274,"column":30}},"274":{"start":{"line":275,"column":0},"end":{"line":275,"column":45}},"275":{"start":{"line":276,"column":0},"end":{"line":276,"column":7}},"277":{"start":{"line":278,"column":0},"end":{"line":278,"column":48}},"278":{"start":{"line":279,"column":0},"end":{"line":279,"column":18}},"279":{"start":{"line":280,"column":0},"end":{"line":280,"column":7}},"281":{"start":{"line":282,"column":0},"end":{"line":282,"column":41}},"282":{"start":{"line":283,"column":0},"end":{"line":283,"column":51}},"283":{"start":{"line":284,"column":0},"end":{"line":284,"column":54}},"284":{"start":{"line":285,"column":0},"end":{"line":285,"column":83}},"286":{"start":{"line":287,"column":0},"end":{"line":287,"column":30}},"287":{"start":{"line":288,"column":0},"end":{"line":288,"column":36}},"288":{"start":{"line":289,"column":0},"end":{"line":289,"column":18}},"289":{"start":{"line":290,"column":0},"end":{"line":290,"column":33}},"290":{"start":{"line":291,"column":0},"end":{"line":291,"column":36}},"291":{"start":{"line":292,"column":0},"end":{"line":292,"column":31}},"292":{"start":{"line":293,"column":0},"end":{"line":293,"column":9}},"293":{"start":{"line":294,"column":0},"end":{"line":294,"column":33}},"294":{"start":{"line":295,"column":0},"end":{"line":295,"column":43}},"295":{"start":{"line":296,"column":0},"end":{"line":296,"column":37}},"296":{"start":{"line":297,"column":0},"end":{"line":297,"column":7}},"298":{"start":{"line":299,"column":0},"end":{"line":299,"column":39}},"299":{"start":{"line":300,"column":0},"end":{"line":300,"column":49}},"301":{"start":{"line":302,"column":0},"end":{"line":302,"column":55}},"302":{"start":{"line":303,"column":0},"end":{"line":303,"column":34}},"303":{"start":{"line":304,"column":0},"end":{"line":304,"column":29}},"304":{"start":{"line":305,"column":0},"end":{"line":305,"column":7}},"305":{"start":{"line":306,"column":0},"end":{"line":306,"column":82}},"307":{"start":{"line":308,"column":0},"end":{"line":308,"column":61}},"308":{"start":{"line":309,"column":0},"end":{"line":309,"column":62}},"310":{"start":{"line":311,"column":0},"end":{"line":311,"column":56}},"311":{"start":{"line":312,"column":0},"end":{"line":312,"column":21}},"312":{"start":{"line":313,"column":0},"end":{"line":313,"column":27}},"313":{"start":{"line":314,"column":0},"end":{"line":314,"column":28}},"314":{"start":{"line":315,"column":0},"end":{"line":315,"column":42}},"315":{"start":{"line":316,"column":0},"end":{"line":316,"column":25}},"317":{"start":{"line":318,"column":0},"end":{"line":318,"column":21}},"318":{"start":{"line":319,"column":0},"end":{"line":319,"column":37}},"319":{"start":{"line":320,"column":0},"end":{"line":320,"column":102}},"320":{"start":{"line":321,"column":0},"end":{"line":321,"column":18}},"321":{"start":{"line":322,"column":0},"end":{"line":322,"column":7}},"323":{"start":{"line":324,"column":0},"end":{"line":324,"column":10}},"324":{"start":{"line":325,"column":0},"end":{"line":325,"column":49}},"325":{"start":{"line":326,"column":0},"end":{"line":326,"column":56}},"326":{"start":{"line":327,"column":0},"end":{"line":327,"column":9}},"327":{"start":{"line":328,"column":0},"end":{"line":328,"column":61}},"328":{"start":{"line":329,"column":0},"end":{"line":329,"column":18}},"329":{"start":{"line":330,"column":0},"end":{"line":330,"column":7}},"331":{"start":{"line":332,"column":0},"end":{"line":332,"column":11}},"332":{"start":{"line":333,"column":0},"end":{"line":333,"column":80}},"333":{"start":{"line":334,"column":0},"end":{"line":334,"column":21}},"334":{"start":{"line":335,"column":0},"end":{"line":335,"column":76}},"335":{"start":{"line":336,"column":0},"end":{"line":336,"column":58}},"336":{"start":{"line":337,"column":0},"end":{"line":337,"column":39}},"337":{"start":{"line":338,"column":0},"end":{"line":338,"column":53}},"338":{"start":{"line":339,"column":0},"end":{"line":339,"column":53}},"339":{"start":{"line":340,"column":0},"end":{"line":340,"column":132}},"340":{"start":{"line":341,"column":0},"end":{"line":341,"column":23}},"341":{"start":{"line":342,"column":0},"end":{"line":342,"column":30}},"342":{"start":{"line":343,"column":0},"end":{"line":343,"column":39}},"343":{"start":{"line":344,"column":0},"end":{"line":344,"column":20}},"344":{"start":{"line":345,"column":0},"end":{"line":345,"column":9}},"345":{"start":{"line":346,"column":0},"end":{"line":346,"column":79}},"346":{"start":{"line":347,"column":0},"end":{"line":347,"column":7}},"348":{"start":{"line":349,"column":0},"end":{"line":349,"column":16}},"349":{"start":{"line":350,"column":0},"end":{"line":350,"column":5}},"350":{"start":{"line":351,"column":0},"end":{"line":351,"column":3}},"353":{"start":{"line":354,"column":0},"end":{"line":354,"column":37}},"354":{"start":{"line":355,"column":0},"end":{"line":355,"column":64}},"355":{"start":{"line":356,"column":0},"end":{"line":356,"column":52}},"357":{"start":{"line":358,"column":0},"end":{"line":358,"column":44}},"359":{"start":{"line":360,"column":0},"end":{"line":360,"column":35}},"360":{"start":{"line":361,"column":0},"end":{"line":361,"column":54}},"361":{"start":{"line":362,"column":0},"end":{"line":362,"column":56}},"362":{"start":{"line":363,"column":0},"end":{"line":363,"column":22}},"363":{"start":{"line":364,"column":0},"end":{"line":364,"column":56}},"365":{"start":{"line":366,"column":0},"end":{"line":366,"column":41}},"367":{"start":{"line":368,"column":0},"end":{"line":368,"column":66}},"368":{"start":{"line":369,"column":0},"end":{"line":369,"column":81}},"370":{"start":{"line":371,"column":0},"end":{"line":371,"column":44}},"371":{"start":{"line":372,"column":0},"end":{"line":372,"column":85}},"372":{"start":{"line":373,"column":0},"end":{"line":373,"column":7}},"374":{"start":{"line":375,"column":0},"end":{"line":375,"column":11}},"375":{"start":{"line":376,"column":0},"end":{"line":376,"column":78}},"376":{"start":{"line":377,"column":0},"end":{"line":377,"column":66}},"377":{"start":{"line":378,"column":0},"end":{"line":378,"column":68}},"378":{"start":{"line":379,"column":0},"end":{"line":379,"column":42}},"379":{"start":{"line":380,"column":0},"end":{"line":380,"column":33}},"381":{"start":{"line":382,"column":0},"end":{"line":382,"column":37}},"382":{"start":{"line":383,"column":0},"end":{"line":383,"column":14}},"383":{"start":{"line":384,"column":0},"end":{"line":384,"column":37}},"384":{"start":{"line":385,"column":0},"end":{"line":385,"column":24}},"385":{"start":{"line":386,"column":0},"end":{"line":386,"column":26}},"386":{"start":{"line":387,"column":0},"end":{"line":387,"column":15}},"387":{"start":{"line":388,"column":0},"end":{"line":388,"column":36}},"388":{"start":{"line":389,"column":0},"end":{"line":389,"column":26}},"389":{"start":{"line":390,"column":0},"end":{"line":390,"column":20}},"390":{"start":{"line":391,"column":0},"end":{"line":391,"column":24}},"391":{"start":{"line":392,"column":0},"end":{"line":392,"column":10}},"392":{"start":{"line":393,"column":0},"end":{"line":393,"column":23}},"393":{"start":{"line":394,"column":0},"end":{"line":394,"column":44}},"394":{"start":{"line":395,"column":0},"end":{"line":395,"column":75}},"395":{"start":{"line":396,"column":0},"end":{"line":396,"column":7}},"397":{"start":{"line":398,"column":0},"end":{"line":398,"column":21}},"398":{"start":{"line":399,"column":0},"end":{"line":399,"column":6}},"400":{"start":{"line":401,"column":0},"end":{"line":401,"column":50}},"401":{"start":{"line":402,"column":0},"end":{"line":402,"column":37}},"402":{"start":{"line":403,"column":0},"end":{"line":403,"column":61}},"404":{"start":{"line":405,"column":0},"end":{"line":405,"column":81}},"405":{"start":{"line":406,"column":0},"end":{"line":406,"column":71}},"406":{"start":{"line":407,"column":0},"end":{"line":407,"column":50}},"408":{"start":{"line":409,"column":0},"end":{"line":409,"column":64}},"409":{"start":{"line":410,"column":0},"end":{"line":410,"column":48}},"410":{"start":{"line":411,"column":0},"end":{"line":411,"column":71}},"411":{"start":{"line":412,"column":0},"end":{"line":412,"column":9}},"412":{"start":{"line":413,"column":0},"end":{"line":413,"column":49}},"413":{"start":{"line":414,"column":0},"end":{"line":414,"column":21}},"414":{"start":{"line":415,"column":0},"end":{"line":415,"column":9}},"416":{"start":{"line":417,"column":0},"end":{"line":417,"column":34}},"418":{"start":{"line":419,"column":0},"end":{"line":419,"column":36}},"419":{"start":{"line":420,"column":0},"end":{"line":420,"column":18}},"420":{"start":{"line":421,"column":0},"end":{"line":421,"column":33}},"421":{"start":{"line":422,"column":0},"end":{"line":422,"column":36}},"422":{"start":{"line":423,"column":0},"end":{"line":423,"column":31}},"423":{"start":{"line":424,"column":0},"end":{"line":424,"column":9}},"425":{"start":{"line":426,"column":0},"end":{"line":426,"column":31}},"426":{"start":{"line":427,"column":0},"end":{"line":427,"column":42}},"427":{"start":{"line":428,"column":0},"end":{"line":428,"column":52}},"429":{"start":{"line":430,"column":0},"end":{"line":430,"column":57}},"430":{"start":{"line":431,"column":0},"end":{"line":431,"column":36}},"431":{"start":{"line":432,"column":0},"end":{"line":432,"column":31}},"432":{"start":{"line":433,"column":0},"end":{"line":433,"column":9}},"433":{"start":{"line":434,"column":0},"end":{"line":434,"column":85}},"434":{"start":{"line":435,"column":0},"end":{"line":435,"column":58}},"435":{"start":{"line":436,"column":0},"end":{"line":436,"column":64}},"437":{"start":{"line":438,"column":0},"end":{"line":438,"column":58}},"438":{"start":{"line":439,"column":0},"end":{"line":439,"column":23}},"439":{"start":{"line":440,"column":0},"end":{"line":440,"column":29}},"440":{"start":{"line":441,"column":0},"end":{"line":441,"column":30}},"441":{"start":{"line":442,"column":0},"end":{"line":442,"column":54}},"442":{"start":{"line":443,"column":0},"end":{"line":443,"column":37}},"444":{"start":{"line":445,"column":0},"end":{"line":445,"column":47}},"445":{"start":{"line":446,"column":0},"end":{"line":446,"column":84}},"446":{"start":{"line":447,"column":0},"end":{"line":447,"column":23}},"447":{"start":{"line":448,"column":0},"end":{"line":448,"column":50}},"448":{"start":{"line":449,"column":0},"end":{"line":449,"column":34}},"449":{"start":{"line":450,"column":0},"end":{"line":450,"column":50}},"450":{"start":{"line":451,"column":0},"end":{"line":451,"column":60}},"451":{"start":{"line":452,"column":0},"end":{"line":452,"column":41}},"452":{"start":{"line":453,"column":0},"end":{"line":453,"column":55}},"453":{"start":{"line":454,"column":0},"end":{"line":454,"column":9}},"455":{"start":{"line":456,"column":0},"end":{"line":456,"column":13}},"456":{"start":{"line":457,"column":0},"end":{"line":457,"column":44}},"457":{"start":{"line":458,"column":0},"end":{"line":458,"column":28}},"458":{"start":{"line":459,"column":0},"end":{"line":459,"column":45}},"459":{"start":{"line":460,"column":0},"end":{"line":460,"column":88}},"460":{"start":{"line":461,"column":0},"end":{"line":461,"column":11}},"461":{"start":{"line":462,"column":0},"end":{"line":462,"column":24}},"462":{"start":{"line":463,"column":0},"end":{"line":463,"column":9}},"463":{"start":{"line":464,"column":0},"end":{"line":464,"column":7}},"465":{"start":{"line":466,"column":0},"end":{"line":466,"column":17}},"466":{"start":{"line":467,"column":0},"end":{"line":467,"column":5}},"467":{"start":{"line":468,"column":0},"end":{"line":468,"column":3}},"469":{"start":{"line":470,"column":0},"end":{"line":470,"column":10}},"470":{"start":{"line":471,"column":0},"end":{"line":471,"column":88}},"471":{"start":{"line":472,"column":0},"end":{"line":472,"column":62}},"472":{"start":{"line":473,"column":0},"end":{"line":473,"column":6}},"473":{"start":{"line":474,"column":0},"end":{"line":474,"column":105}},"474":{"start":{"line":475,"column":0},"end":{"line":475,"column":69}},"475":{"start":{"line":476,"column":0},"end":{"line":476,"column":6}},"476":{"start":{"line":477,"column":0},"end":{"line":477,"column":104}},"477":{"start":{"line":478,"column":0},"end":{"line":478,"column":68}},"478":{"start":{"line":479,"column":0},"end":{"line":479,"column":6}},"479":{"start":{"line":480,"column":0},"end":{"line":480,"column":106}},"480":{"start":{"line":481,"column":0},"end":{"line":481,"column":70}},"481":{"start":{"line":482,"column":0},"end":{"line":482,"column":6}},"482":{"start":{"line":483,"column":0},"end":{"line":483,"column":91}},"483":{"start":{"line":484,"column":0},"end":{"line":484,"column":65}},"484":{"start":{"line":485,"column":0},"end":{"line":485,"column":6}},"485":{"start":{"line":486,"column":0},"end":{"line":486,"column":3}},"486":{"start":{"line":487,"column":0},"end":{"line":487,"column":1}},"490":{"start":{"line":491,"column":0},"end":{"line":491,"column":24}},"491":{"start":{"line":492,"column":0},"end":{"line":492,"column":23}},"492":{"start":{"line":493,"column":0},"end":{"line":493,"column":21}},"493":{"start":{"line":494,"column":0},"end":{"line":494,"column":31}},"494":{"start":{"line":495,"column":0},"end":{"line":495,"column":26}},"495":{"start":{"line":496,"column":0},"end":{"line":496,"column":18}},"496":{"start":{"line":497,"column":0},"end":{"line":497,"column":19}},"497":{"start":{"line":498,"column":0},"end":{"line":498,"column":13}},"498":{"start":{"line":499,"column":0},"end":{"line":499,"column":32}},"499":{"start":{"line":500,"column":0},"end":{"line":500,"column":42}},"500":{"start":{"line":501,"column":0},"end":{"line":501,"column":18}},"501":{"start":{"line":502,"column":0},"end":{"line":502,"column":44}},"502":{"start":{"line":503,"column":0},"end":{"line":503,"column":70}},"504":{"start":{"line":505,"column":0},"end":{"line":505,"column":10}},"505":{"start":{"line":506,"column":0},"end":{"line":506,"column":28}},"506":{"start":{"line":507,"column":0},"end":{"line":507,"column":48}},"507":{"start":{"line":508,"column":0},"end":{"line":508,"column":26}},"508":{"start":{"line":509,"column":0},"end":{"line":509,"column":11}},"509":{"start":{"line":510,"column":0},"end":{"line":510,"column":71}},"510":{"start":{"line":511,"column":0},"end":{"line":511,"column":40}},"511":{"start":{"line":512,"column":0},"end":{"line":512,"column":14}},"512":{"start":{"line":513,"column":0},"end":{"line":513,"column":16}},"513":{"start":{"line":514,"column":0},"end":{"line":514,"column":20}},"514":{"start":{"line":515,"column":0},"end":{"line":515,"column":14}},"515":{"start":{"line":516,"column":0},"end":{"line":516,"column":6}},"516":{"start":{"line":517,"column":0},"end":{"line":517,"column":15}},"517":{"start":{"line":518,"column":0},"end":{"line":518,"column":31}},"518":{"start":{"line":519,"column":0},"end":{"line":519,"column":39}},"519":{"start":{"line":520,"column":0},"end":{"line":520,"column":6}},"520":{"start":{"line":521,"column":0},"end":{"line":521,"column":18}},"521":{"start":{"line":522,"column":0},"end":{"line":522,"column":29}},"522":{"start":{"line":523,"column":0},"end":{"line":523,"column":13}},"523":{"start":{"line":524,"column":0},"end":{"line":524,"column":14}},"524":{"start":{"line":525,"column":0},"end":{"line":525,"column":6}},"525":{"start":{"line":526,"column":0},"end":{"line":526,"column":41}},"526":{"start":{"line":527,"column":0},"end":{"line":527,"column":16}},"527":{"start":{"line":528,"column":0},"end":{"line":528,"column":3}},"528":{"start":{"line":529,"column":0},"end":{"line":529,"column":1}}},"s":{"0":0,"105":0,"106":0,"107":0,"108":0,"109":0,"110":0,"112":0,"114":0,"115":0,"116":0,"117":0,"118":0,"119":0,"120":0,"122":0,"123":0,"124":0,"126":0,"127":0,"128":0,"129":0,"131":0,"132":0,"133":0,"134":0,"136":0,"137":0,"138":0,"139":0,"141":0,"142":0,"143":0,"144":0,"145":0,"146":0,"147":0,"148":0,"149":0,"150":0,"151":0,"152":0,"154":0,"155":0,"156":0,"157":0,"158":0,"159":0,"160":0,"161":0,"162":0,"164":0,"165":0,"166":0,"167":0,"168":0,"169":0,"170":0,"171":0,"172":0,"182":0,"183":0,"184":0,"185":0,"186":0,"188":0,"189":0,"190":0,"191":0,"192":0,"194":0,"195":0,"196":0,"197":0,"199":0,"200":0,"201":0,"202":0,"203":0,"205":0,"206":0,"207":0,"208":0,"209":0,"210":0,"212":0,"213":0,"215":0,"216":0,"217":0,"218":0,"219":0,"220":0,"221":0,"222":0,"224":0,"225":0,"226":0,"228":0,"229":0,"230":0,"232":0,"233":0,"234":0,"235":0,"236":0,"237":0,"239":0,"240":0,"241":0,"242":0,"243":0,"247":0,"248":0,"249":0,"250":0,"252":0,"253":0,"254":0,"255":0,"256":0,"258":0,"259":0,"260":0,"261":0,"264":0,"265":0,"266":0,"267":0,"269":0,"270":0,"271":0,"273":0,"274":0,"275":0,"277":0,"278":0,"279":0,"281":0,"282":0,"283":0,"284":0,"286":0,"287":0,"288":0,"289":0,"290":0,"291":0,"292":0,"293":0,"294":0,"295":0,"296":0,"298":0,"299":0,"301":0,"302":0,"303":0,"304":0,"305":0,"307":0,"308":0,"310":0,"311":0,"312":0,"313":0,"314":0,"315":0,"317":0,"318":0,"319":0,"320":0,"321":0,"323":0,"324":0,"325":0,"326":0,"327":0,"328":0,"329":0,"331":0,"332":0,"333":0,"334":0,"335":0,"336":0,"337":0,"338":0,"339":0,"340":0,"341":0,"342":0,"343":0,"344":0,"345":0,"346":0,"348":0,"349":0,"350":0,"353":0,"354":0,"355":0,"357":0,"359":0,"360":0,"361":0,"362":0,"363":0,"365":0,"367":0,"368":0,"370":0,"371":0,"372":0,"374":0,"375":0,"376":0,"377":0,"378":0,"379":0,"381":0,"382":0,"383":0,"384":0,"385":0,"386":0,"387":0,"388":0,"389":0,"390":0,"391":0,"392":0,"393":0,"394":0,"395":0,"397":0,"398":0,"400":0,"401":0,"402":0,"404":0,"405":0,"406":0,"408":0,"409":0,"410":0,"411":0,"412":0,"413":0,"414":0,"416":0,"418":0,"419":0,"420":0,"421":0,"422":0,"423":0,"425":0,"426":0,"427":0,"429":0,"430":0,"431":0,"432":0,"433":0,"434":0,"435":0,"437":0,"438":0,"439":0,"440":0,"441":0,"442":0,"444":0,"445":0,"446":0,"447":0,"448":0,"449":0,"450":0,"451":0,"452":0,"453":0,"455":0,"456":0,"457":0,"458":0,"459":0,"460":0,"461":0,"462":0,"463":0,"465":0,"466":0,"467":0,"469":0,"470":0,"471":0,"472":0,"473":0,"474":0,"475":0,"476":0,"477":0,"478":0,"479":0,"480":0,"481":0,"482":0,"483":0,"484":0,"485":0,"486":0,"490":0,"491":0,"492":0,"493":0,"494":0,"495":0,"496":0,"497":0,"498":0,"499":0,"500":0,"501":0,"502":0,"504":0,"505":0,"506":0,"507":0,"508":0,"509":0,"510":0,"511":0,"512":0,"513":0,"514":0,"515":0,"516":0,"517":0,"518":0,"519":0,"520":0,"521":0,"522":0,"523":0,"524":0,"525":0,"526":0,"527":0,"528":0},"branchMap":{"0":{"type":"branch","line":1,"loc":{"start":{"line":1,"column":16760},"end":{"line":529,"column":1}},"locations":[{"start":{"line":1,"column":16760},"end":{"line":529,"column":1}}]}},"b":{"0":[0]},"fnMap":{"0":{"name":"(empty-report)","decl":{"start":{"line":1,"column":16760},"end":{"line":529,"column":1}},"loc":{"start":{"line":1,"column":16760},"end":{"line":529,"column":1}},"line":1}},"f":{"0":0}}
,"/Users/dimasmaulana/Documents/Eularix/open-source/ciph/packages/vue/src/index.ts": {"path":"/Users/dimasmaulana/Documents/Eularix/open-source/ciph/packages/vue/src/index.ts","all":true,"statementMap":{"0":{"start":{"line":1,"column":0},"end":{"line":1,"column":68}}},"s":{"0":0},"branchMap":{"0":{"type":"branch","line":1,"loc":{"start":{"line":1,"column":703},"end":{"line":20,"column":47}},"locations":[{"start":{"line":1,"column":703},"end":{"line":20,"column":47}}]}},"b":{"0":[0]},"fnMap":{"0":{"name":"(empty-report)","decl":{"start":{"line":1,"column":703},"end":{"line":20,"column":47}},"loc":{"start":{"line":1,"column":703},"end":{"line":20,"column":47}},"line":1}},"f":{"0":0}}
,"/Users/dimasmaulana/Documents/Eularix/open-source/ciph/packages/vue/src/plugin.ts": {"path":"/Users/dimasmaulana/Documents/Eularix/open-source/ciph/packages/vue/src/plugin.ts","all":true,"statementMap":{"0":{"start":{"line":1,"column":0},"end":{"line":1,"column":57}},"6":{"start":{"line":7,"column":0},"end":{"line":7,"column":78}},"34":{"start":{"line":35,"column":0},"end":{"line":35,"column":27}},"35":{"start":{"line":36,"column":0},"end":{"line":36,"column":55}},"36":{"start":{"line":37,"column":0},"end":{"line":37,"column":65}},"38":{"start":{"line":39,"column":0},"end":{"line":39,"column":45}},"39":{"start":{"line":40,"column":0},"end":{"line":40,"column":40}},"41":{"start":{"line":42,"column":0},"end":{"line":42,"column":57}},"42":{"start":{"line":43,"column":0},"end":{"line":43,"column":32}},"43":{"start":{"line":44,"column":0},"end":{"line":44,"column":101}},"44":{"start":{"line":45,"column":0},"end":{"line":45,"column":49}},"46":{"start":{"line":47,"column":0},"end":{"line":47,"column":24}},"47":{"start":{"line":48,"column":0},"end":{"line":48,"column":29}},"49":{"start":{"line":50,"column":0},"end":{"line":50,"column":76}},"50":{"start":{"line":51,"column":0},"end":{"line":51,"column":55}},"52":{"start":{"line":53,"column":0},"end":{"line":53,"column":28}},"53":{"start":{"line":54,"column":0},"end":{"line":54,"column":59}},"54":{"start":{"line":55,"column":0},"end":{"line":55,"column":30}},"55":{"start":{"line":56,"column":0},"end":{"line":56,"column":68}},"56":{"start":{"line":57,"column":0},"end":{"line":57,"column":80}},"57":{"start":{"line":58,"column":0},"end":{"line":58,"column":71}},"58":{"start":{"line":59,"column":0},"end":{"line":59,"column":17}},"59":{"start":{"line":60,"column":0},"end":{"line":60,"column":9}},"61":{"start":{"line":62,"column":0},"end":{"line":62,"column":19}},"62":{"start":{"line":63,"column":0},"end":{"line":63,"column":21}},"64":{"start":{"line":65,"column":0},"end":{"line":65,"column":72}},"65":{"start":{"line":66,"column":0},"end":{"line":66,"column":85}},"66":{"start":{"line":67,"column":0},"end":{"line":67,"column":46}},"67":{"start":{"line":68,"column":0},"end":{"line":68,"column":58}},"68":{"start":{"line":69,"column":0},"end":{"line":69,"column":12}},"69":{"start":{"line":70,"column":0},"end":{"line":70,"column":10}},"70":{"start":{"line":71,"column":0},"end":{"line":71,"column":7}},"71":{"start":{"line":72,"column":0},"end":{"line":72,"column":5}},"72":{"start":{"line":73,"column":0},"end":{"line":73,"column":4}},"73":{"start":{"line":74,"column":0},"end":{"line":74,"column":1}},"87":{"start":{"line":88,"column":0},"end":{"line":88,"column":39}},"88":{"start":{"line":89,"column":0},"end":{"line":89,"column":40}},"89":{"start":{"line":90,"column":0},"end":{"line":90,"column":16}},"90":{"start":{"line":91,"column":0},"end":{"line":91,"column":20}},"91":{"start":{"line":92,"column":0},"end":{"line":92,"column":64}},"93":{"start":{"line":94,"column":0},"end":{"line":94,"column":5}},"94":{"start":{"line":95,"column":0},"end":{"line":95,"column":3}},"95":{"start":{"line":96,"column":0},"end":{"line":96,"column":15}},"96":{"start":{"line":97,"column":0},"end":{"line":97,"column":1}}},"s":{"0":0,"6":0,"34":0,"35":0,"36":0,"38":0,"39":0,"41":0,"42":0,"43":0,"44":0,"46":0,"47":0,"49":0,"50":0,"52":0,"53":0,"54":0,"55":0,"56":0,"57":0,"58":0,"59":0,"61":0,"62":0,"64":0,"65":0,"66":0,"67":0,"68":0,"69":0,"70":0,"71":0,"72":0,"73":0,"87":0,"88":0,"89":0,"90":0,"91":0,"93":0,"94":0,"95":0,"96":0},"branchMap":{"0":{"type":"branch","line":1,"loc":{"start":{"line":1,"column":3456},"end":{"line":97,"column":1}},"locations":[{"start":{"line":1,"column":3456},"end":{"line":97,"column":1}}]}},"b":{"0":[0]},"fnMap":{"0":{"name":"(empty-report)","decl":{"start":{"line":1,"column":3456},"end":{"line":97,"column":1}},"loc":{"start":{"line":1,"column":3456},"end":{"line":97,"column":1}},"line":1}},"f":{"0":0}}
,"/Users/dimasmaulana/Documents/Eularix/open-source/ciph/packages/vue/src/devtools/CiphDevtoolsPanel.ts": {"path":"/Users/dimasmaulana/Documents/Eularix/open-source/ciph/packages/vue/src/devtools/CiphDevtoolsPanel.ts","all":true,"statementMap":{"0":{"start":{"line":1,"column":0},"end":{"line":1,"column":58}},"22":{"start":{"line":23,"column":0},"end":{"line":23,"column":20}},"24":{"start":{"line":25,"column":0},"end":{"line":25,"column":78}},"25":{"start":{"line":26,"column":0},"end":{"line":26,"column":22}},"26":{"start":{"line":27,"column":0},"end":{"line":27,"column":17}},"28":{"start":{"line":29,"column":0},"end":{"line":29,"column":44}},"29":{"start":{"line":30,"column":0},"end":{"line":30,"column":32}},"30":{"start":{"line":31,"column":0},"end":{"line":31,"column":33}},"32":{"start":{"line":33,"column":0},"end":{"line":33,"column":60}},"33":{"start":{"line":34,"column":0},"end":{"line":34,"column":17}},"34":{"start":{"line":35,"column":0},"end":{"line":35,"column":1}},"43":{"start":{"line":44,"column":0},"end":{"line":44,"column":16}},"44":{"start":{"line":45,"column":0},"end":{"line":45,"column":48}},"45":{"start":{"line":46,"column":0},"end":{"line":46,"column":55}},"46":{"start":{"line":47,"column":0},"end":{"line":47,"column":1}},"50":{"start":{"line":51,"column":0},"end":{"line":51,"column":41}},"51":{"start":{"line":52,"column":0},"end":{"line":52,"column":32}},"52":{"start":{"line":53,"column":0},"end":{"line":53,"column":32}},"53":{"start":{"line":54,"column":0},"end":{"line":54,"column":32}},"54":{"start":{"line":55,"column":0},"end":{"line":55,"column":18}},"55":{"start":{"line":56,"column":0},"end":{"line":56,"column":1}},"57":{"start":{"line":58,"column":0},"end":{"line":58,"column":64}},"58":{"start":{"line":59,"column":0},"end":{"line":59,"column":61}},"59":{"start":{"line":60,"column":0},"end":{"line":60,"column":47}},"60":{"start":{"line":61,"column":0},"end":{"line":61,"column":47}},"61":{"start":{"line":62,"column":0},"end":{"line":62,"column":47}},"62":{"start":{"line":63,"column":0},"end":{"line":63,"column":47}},"63":{"start":{"line":64,"column":0},"end":{"line":64,"column":47}},"64":{"start":{"line":65,"column":0},"end":{"line":65,"column":3}},"65":{"start":{"line":66,"column":0},"end":{"line":66,"column":53}},"66":{"start":{"line":67,"column":0},"end":{"line":67,"column":1}},"68":{"start":{"line":69,"column":0},"end":{"line":69,"column":38}},"69":{"start":{"line":70,"column":0},"end":{"line":70,"column":47}},"70":{"start":{"line":71,"column":0},"end":{"line":71,"column":70}},"71":{"start":{"line":72,"column":0},"end":{"line":72,"column":1}},"73":{"start":{"line":74,"column":0},"end":{"line":74,"column":54}},"74":{"start":{"line":75,"column":0},"end":{"line":75,"column":20}},"75":{"start":{"line":76,"column":0},"end":{"line":76,"column":51}},"76":{"start":{"line":77,"column":0},"end":{"line":77,"column":1}},"78":{"start":{"line":79,"column":0},"end":{"line":79,"column":59}},"79":{"start":{"line":80,"column":0},"end":{"line":80,"column":38}},"80":{"start":{"line":81,"column":0},"end":{"line":81,"column":1}},"82":{"start":{"line":83,"column":0},"end":{"line":83,"column":54}},"83":{"start":{"line":84,"column":0},"end":{"line":84,"column":53}},"84":{"start":{"line":85,"column":0},"end":{"line":85,"column":46}},"85":{"start":{"line":86,"column":0},"end":{"line":86,"column":83}},"86":{"start":{"line":87,"column":0},"end":{"line":87,"column":83}},"87":{"start":{"line":88,"column":0},"end":{"line":88,"column":82}},"88":{"start":{"line":89,"column":0},"end":{"line":89,"column":82}},"89":{"start":{"line":90,"column":0},"end":{"line":90,"column":1}},"93":{"start":{"line":94,"column":0},"end":{"line":94,"column":26}},"94":{"start":{"line":95,"column":0},"end":{"line":95,"column":12}},"95":{"start":{"line":96,"column":0},"end":{"line":96,"column":22}},"96":{"start":{"line":97,"column":0},"end":{"line":97,"column":26}},"97":{"start":{"line":98,"column":0},"end":{"line":98,"column":23}},"98":{"start":{"line":99,"column":0},"end":{"line":99,"column":24}},"99":{"start":{"line":100,"column":0},"end":{"line":100,"column":21}},"100":{"start":{"line":101,"column":0},"end":{"line":101,"column":32}},"101":{"start":{"line":102,"column":0},"end":{"line":102,"column":22}},"102":{"start":{"line":103,"column":0},"end":{"line":103,"column":22}},"103":{"start":{"line":104,"column":0},"end":{"line":104,"column":26}},"104":{"start":{"line":105,"column":0},"end":{"line":105,"column":25}},"105":{"start":{"line":106,"column":0},"end":{"line":106,"column":49}},"106":{"start":{"line":107,"column":0},"end":{"line":107,"column":60}},"107":{"start":{"line":108,"column":0},"end":{"line":108,"column":62}},"108":{"start":{"line":109,"column":0},"end":{"line":109,"column":8}},"109":{"start":{"line":110,"column":0},"end":{"line":110,"column":46}},"110":{"start":{"line":111,"column":0},"end":{"line":111,"column":64}},"111":{"start":{"line":112,"column":0},"end":{"line":112,"column":66}},"112":{"start":{"line":113,"column":0},"end":{"line":113,"column":8}},"114":{"start":{"line":115,"column":0},"end":{"line":115,"column":54}},"116":{"start":{"line":117,"column":0},"end":{"line":117,"column":112}},"118":{"start":{"line":119,"column":0},"end":{"line":119,"column":193}},"119":{"start":{"line":120,"column":0},"end":{"line":120,"column":112}},"120":{"start":{"line":121,"column":0},"end":{"line":121,"column":175}},"121":{"start":{"line":122,"column":0},"end":{"line":122,"column":71}},"122":{"start":{"line":123,"column":0},"end":{"line":123,"column":186}},"123":{"start":{"line":124,"column":0},"end":{"line":124,"column":39}},"124":{"start":{"line":125,"column":0},"end":{"line":125,"column":247}},"125":{"start":{"line":126,"column":0},"end":{"line":126,"column":242}},"126":{"start":{"line":127,"column":0},"end":{"line":127,"column":7}},"128":{"start":{"line":129,"column":0},"end":{"line":129,"column":75}},"130":{"start":{"line":131,"column":0},"end":{"line":131,"column":136}},"131":{"start":{"line":132,"column":0},"end":{"line":132,"column":313}},"132":{"start":{"line":133,"column":0},"end":{"line":133,"column":91}},"133":{"start":{"line":134,"column":0},"end":{"line":134,"column":28}},"134":{"start":{"line":135,"column":0},"end":{"line":135,"column":174}},"135":{"start":{"line":136,"column":0},"end":{"line":136,"column":35}},"136":{"start":{"line":137,"column":0},"end":{"line":137,"column":51}},"137":{"start":{"line":138,"column":0},"end":{"line":138,"column":31}},"138":{"start":{"line":139,"column":0},"end":{"line":139,"column":26}},"139":{"start":{"line":140,"column":0},"end":{"line":140,"column":43}},"140":{"start":{"line":141,"column":0},"end":{"line":141,"column":24}},"141":{"start":{"line":142,"column":0},"end":{"line":142,"column":98}},"142":{"start":{"line":143,"column":0},"end":{"line":143,"column":68}},"143":{"start":{"line":144,"column":0},"end":{"line":144,"column":122}},"144":{"start":{"line":145,"column":0},"end":{"line":145,"column":110}},"145":{"start":{"line":146,"column":0},"end":{"line":146,"column":35}},"146":{"start":{"line":147,"column":0},"end":{"line":147,"column":18}},"147":{"start":{"line":148,"column":0},"end":{"line":148,"column":203}},"148":{"start":{"line":149,"column":0},"end":{"line":149,"column":172}},"149":{"start":{"line":150,"column":0},"end":{"line":150,"column":148}},"150":{"start":{"line":151,"column":0},"end":{"line":151,"column":115}},"151":{"start":{"line":152,"column":0},"end":{"line":152,"column":16}},"152":{"start":{"line":153,"column":0},"end":{"line":153,"column":15}},"153":{"start":{"line":154,"column":0},"end":{"line":154,"column":9}},"155":{"start":{"line":156,"column":0},"end":{"line":156,"column":91}},"156":{"start":{"line":157,"column":0},"end":{"line":157,"column":12}},"157":{"start":{"line":158,"column":0},"end":{"line":158,"column":202}},"158":{"start":{"line":159,"column":0},"end":{"line":159,"column":13}},"159":{"start":{"line":160,"column":0},"end":{"line":160,"column":140}},"160":{"start":{"line":161,"column":0},"end":{"line":161,"column":113}},"161":{"start":{"line":162,"column":0},"end":{"line":162,"column":189}},"162":{"start":{"line":163,"column":0},"end":{"line":163,"column":93}},"163":{"start":{"line":164,"column":0},"end":{"line":164,"column":136}},"164":{"start":{"line":165,"column":0},"end":{"line":165,"column":215}},"165":{"start":{"line":166,"column":0},"end":{"line":166,"column":67}},"166":{"start":{"line":167,"column":0},"end":{"line":167,"column":27}},"167":{"start":{"line":168,"column":0},"end":{"line":168,"column":35}},"168":{"start":{"line":169,"column":0},"end":{"line":169,"column":69}},"169":{"start":{"line":170,"column":0},"end":{"line":170,"column":326}},"170":{"start":{"line":171,"column":0},"end":{"line":171,"column":70}},"171":{"start":{"line":172,"column":0},"end":{"line":172,"column":27}},"172":{"start":{"line":173,"column":0},"end":{"line":173,"column":19}},"173":{"start":{"line":174,"column":0},"end":{"line":174,"column":105}},"174":{"start":{"line":175,"column":0},"end":{"line":175,"column":47}},"175":{"start":{"line":176,"column":0},"end":{"line":176,"column":53}},"176":{"start":{"line":177,"column":0},"end":{"line":177,"column":117}},"177":{"start":{"line":178,"column":0},"end":{"line":178,"column":19}},"178":{"start":{"line":179,"column":0},"end":{"line":179,"column":17}},"179":{"start":{"line":180,"column":0},"end":{"line":180,"column":121}},"180":{"start":{"line":181,"column":0},"end":{"line":181,"column":53}},"181":{"start":{"line":182,"column":0},"end":{"line":182,"column":44}},"182":{"start":{"line":183,"column":0},"end":{"line":183,"column":175}},"183":{"start":{"line":184,"column":0},"end":{"line":184,"column":169}},"184":{"start":{"line":185,"column":0},"end":{"line":185,"column":184}},"185":{"start":{"line":186,"column":0},"end":{"line":186,"column":20}},"186":{"start":{"line":187,"column":0},"end":{"line":187,"column":17}},"187":{"start":{"line":188,"column":0},"end":{"line":188,"column":16}},"188":{"start":{"line":189,"column":0},"end":{"line":189,"column":99}},"189":{"start":{"line":190,"column":0},"end":{"line":190,"column":50}},"190":{"start":{"line":191,"column":0},"end":{"line":191,"column":44}},"191":{"start":{"line":192,"column":0},"end":{"line":192,"column":175}},"192":{"start":{"line":193,"column":0},"end":{"line":193,"column":169}},"193":{"start":{"line":194,"column":0},"end":{"line":194,"column":185}},"194":{"start":{"line":195,"column":0},"end":{"line":195,"column":20}},"195":{"start":{"line":196,"column":0},"end":{"line":196,"column":17}},"196":{"start":{"line":197,"column":0},"end":{"line":197,"column":16}},"197":{"start":{"line":198,"column":0},"end":{"line":198,"column":13}},"198":{"start":{"line":199,"column":0},"end":{"line":199,"column":8}},"199":{"start":{"line":200,"column":0},"end":{"line":200,"column":7}},"200":{"start":{"line":201,"column":0},"end":{"line":201,"column":4}},"201":{"start":{"line":202,"column":0},"end":{"line":202,"column":1}},"205":{"start":{"line":206,"column":0},"end":{"line":206,"column":48}},"206":{"start":{"line":207,"column":0},"end":{"line":207,"column":28}},"207":{"start":{"line":208,"column":0},"end":{"line":208,"column":10}},"208":{"start":{"line":209,"column":0},"end":{"line":209,"column":76}},"209":{"start":{"line":210,"column":0},"end":{"line":210,"column":4}},"210":{"start":{"line":211,"column":0},"end":{"line":211,"column":16}},"211":{"start":{"line":212,"column":0},"end":{"line":212,"column":48}},"212":{"start":{"line":213,"column":0},"end":{"line":213,"column":66}},"213":{"start":{"line":214,"column":0},"end":{"line":214,"column":56}},"214":{"start":{"line":215,"column":0},"end":{"line":215,"column":39}},"215":{"start":{"line":216,"column":0},"end":{"line":216,"column":45}},"216":{"start":{"line":217,"column":0},"end":{"line":217,"column":35}},"217":{"start":{"line":218,"column":0},"end":{"line":218,"column":45}},"218":{"start":{"line":219,"column":0},"end":{"line":219,"column":65}},"219":{"start":{"line":220,"column":0},"end":{"line":220,"column":94}},"220":{"start":{"line":221,"column":0},"end":{"line":221,"column":36}},"222":{"start":{"line":223,"column":0},"end":{"line":223,"column":37}},"223":{"start":{"line":224,"column":0},"end":{"line":224,"column":54}},"225":{"start":{"line":226,"column":0},"end":{"line":226,"column":66}},"226":{"start":{"line":227,"column":0},"end":{"line":227,"column":47}},"227":{"start":{"line":228,"column":0},"end":{"line":228,"column":78}},"228":{"start":{"line":229,"column":0},"end":{"line":229,"column":5}},"230":{"start":{"line":231,"column":0},"end":{"line":231,"column":58}},"231":{"start":{"line":232,"column":0},"end":{"line":232,"column":72}},"232":{"start":{"line":233,"column":0},"end":{"line":233,"column":131}},"233":{"start":{"line":234,"column":0},"end":{"line":234,"column":26}},"234":{"start":{"line":235,"column":0},"end":{"line":235,"column":31}},"235":{"start":{"line":236,"column":0},"end":{"line":236,"column":26}},"236":{"start":{"line":237,"column":0},"end":{"line":237,"column":87}},"237":{"start":{"line":238,"column":0},"end":{"line":238,"column":87}},"238":{"start":{"line":239,"column":0},"end":{"line":239,"column":87}},"239":{"start":{"line":240,"column":0},"end":{"line":240,"column":87}},"240":{"start":{"line":241,"column":0},"end":{"line":241,"column":7}},"241":{"start":{"line":242,"column":0},"end":{"line":242,"column":32}},"242":{"start":{"line":243,"column":0},"end":{"line":243,"column":83}},"243":{"start":{"line":244,"column":0},"end":{"line":244,"column":83}},"244":{"start":{"line":245,"column":0},"end":{"line":245,"column":83}},"245":{"start":{"line":246,"column":0},"end":{"line":246,"column":83}},"246":{"start":{"line":247,"column":0},"end":{"line":247,"column":112}},"247":{"start":{"line":248,"column":0},"end":{"line":248,"column":112}},"248":{"start":{"line":249,"column":0},"end":{"line":249,"column":83}},"249":{"start":{"line":250,"column":0},"end":{"line":250,"column":83}},"250":{"start":{"line":251,"column":0},"end":{"line":251,"column":6}},"252":{"start":{"line":253,"column":0},"end":{"line":253,"column":62}},"253":{"start":{"line":254,"column":0},"end":{"line":254,"column":57}},"254":{"start":{"line":255,"column":0},"end":{"line":255,"column":30}},"255":{"start":{"line":256,"column":0},"end":{"line":256,"column":32}},"256":{"start":{"line":257,"column":0},"end":{"line":257,"column":32}},"257":{"start":{"line":258,"column":0},"end":{"line":258,"column":39}},"258":{"start":{"line":259,"column":0},"end":{"line":259,"column":112}},"259":{"start":{"line":260,"column":0},"end":{"line":260,"column":108}},"260":{"start":{"line":261,"column":0},"end":{"line":261,"column":151}},"261":{"start":{"line":262,"column":0},"end":{"line":262,"column":148}},"262":{"start":{"line":263,"column":0},"end":{"line":263,"column":146}},"263":{"start":{"line":264,"column":0},"end":{"line":264,"column":38}},"264":{"start":{"line":265,"column":0},"end":{"line":265,"column":86}},"265":{"start":{"line":266,"column":0},"end":{"line":266,"column":6}},"267":{"start":{"line":268,"column":0},"end":{"line":268,"column":60}},"268":{"start":{"line":269,"column":0},"end":{"line":269,"column":32}},"269":{"start":{"line":270,"column":0},"end":{"line":270,"column":39}},"270":{"start":{"line":271,"column":0},"end":{"line":271,"column":71}},"271":{"start":{"line":272,"column":0},"end":{"line":272,"column":88}},"272":{"start":{"line":273,"column":0},"end":{"line":273,"column":85}},"273":{"start":{"line":274,"column":0},"end":{"line":274,"column":85}},"274":{"start":{"line":275,"column":0},"end":{"line":275,"column":86}},"275":{"start":{"line":276,"column":0},"end":{"line":276,"column":6}},"277":{"start":{"line":278,"column":0},"end":{"line":278,"column":50}},"278":{"start":{"line":279,"column":0},"end":{"line":279,"column":32}},"279":{"start":{"line":280,"column":0},"end":{"line":280,"column":24}},"280":{"start":{"line":281,"column":0},"end":{"line":281,"column":27}},"281":{"start":{"line":282,"column":0},"end":{"line":282,"column":30}},"282":{"start":{"line":283,"column":0},"end":{"line":283,"column":5}},"284":{"start":{"line":285,"column":0},"end":{"line":285,"column":58}},"285":{"start":{"line":286,"column":0},"end":{"line":286,"column":24}},"286":{"start":{"line":287,"column":0},"end":{"line":287,"column":32}},"287":{"start":{"line":288,"column":0},"end":{"line":288,"column":5}},"289":{"start":{"line":290,"column":0},"end":{"line":290,"column":47}},"290":{"start":{"line":291,"column":0},"end":{"line":291,"column":32}},"291":{"start":{"line":292,"column":0},"end":{"line":292,"column":34}},"292":{"start":{"line":293,"column":0},"end":{"line":293,"column":93}},"293":{"start":{"line":294,"column":0},"end":{"line":294,"column":76}},"294":{"start":{"line":295,"column":0},"end":{"line":295,"column":96}},"295":{"start":{"line":296,"column":0},"end":{"line":296,"column":76}},"296":{"start":{"line":297,"column":0},"end":{"line":297,"column":14}},"297":{"start":{"line":298,"column":0},"end":{"line":298,"column":7}},"298":{"start":{"line":299,"column":0},"end":{"line":299,"column":33}},"299":{"start":{"line":300,"column":0},"end":{"line":300,"column":29}},"300":{"start":{"line":301,"column":0},"end":{"line":301,"column":65}},"301":{"start":{"line":302,"column":0},"end":{"line":302,"column":5}},"303":{"start":{"line":304,"column":0},"end":{"line":304,"column":45}},"304":{"start":{"line":305,"column":0},"end":{"line":305,"column":70}},"305":{"start":{"line":306,"column":0},"end":{"line":306,"column":33}},"306":{"start":{"line":307,"column":0},"end":{"line":307,"column":28}},"307":{"start":{"line":308,"column":0},"end":{"line":308,"column":29}},"308":{"start":{"line":309,"column":0},"end":{"line":309,"column":56}},"309":{"start":{"line":310,"column":0},"end":{"line":310,"column":31}},"310":{"start":{"line":311,"column":0},"end":{"line":311,"column":14}},"311":{"start":{"line":312,"column":0},"end":{"line":312,"column":31}},"312":{"start":{"line":313,"column":0},"end":{"line":313,"column":32}},"313":{"start":{"line":314,"column":0},"end":{"line":314,"column":7}},"314":{"start":{"line":315,"column":0},"end":{"line":315,"column":5}},"316":{"start":{"line":317,"column":0},"end":{"line":317,"column":39}},"318":{"start":{"line":319,"column":0},"end":{"line":319,"column":21}},"319":{"start":{"line":320,"column":0},"end":{"line":320,"column":55}},"320":{"start":{"line":321,"column":0},"end":{"line":321,"column":51}},"321":{"start":{"line":322,"column":0},"end":{"line":322,"column":155}},"322":{"start":{"line":323,"column":0},"end":{"line":323,"column":26}},"323":{"start":{"line":324,"column":0},"end":{"line":324,"column":42}},"324":{"start":{"line":325,"column":0},"end":{"line":325,"column":71}},"325":{"start":{"line":326,"column":0},"end":{"line":326,"column":68}},"326":{"start":{"line":327,"column":0},"end":{"line":327,"column":39}},"327":{"start":{"line":328,"column":0},"end":{"line":328,"column":8}},"328":{"start":{"line":329,"column":0},"end":{"line":329,"column":6}},"330":{"start":{"line":331,"column":0},"end":{"line":331,"column":23}},"331":{"start":{"line":332,"column":0},"end":{"line":332,"column":58}},"332":{"start":{"line":333,"column":0},"end":{"line":333,"column":54}},"333":{"start":{"line":334,"column":0},"end":{"line":334,"column":15}},"334":{"start":{"line":335,"column":0},"end":{"line":335,"column":6}},"336":{"start":{"line":337,"column":0},"end":{"line":337,"column":99}},"338":{"start":{"line":339,"column":0},"end":{"line":339,"column":47}},"339":{"start":{"line":340,"column":0},"end":{"line":340,"column":29}},"340":{"start":{"line":341,"column":0},"end":{"line":341,"column":71}},"341":{"start":{"line":342,"column":0},"end":{"line":342,"column":31}},"342":{"start":{"line":343,"column":0},"end":{"line":343,"column":11}},"343":{"start":{"line":344,"column":0},"end":{"line":344,"column":100}},"344":{"start":{"line":345,"column":0},"end":{"line":345,"column":48}},"345":{"start":{"line":346,"column":0},"end":{"line":346,"column":75}},"346":{"start":{"line":347,"column":0},"end":{"line":347,"column":27}},"347":{"start":{"line":348,"column":0},"end":{"line":348,"column":113}},"348":{"start":{"line":349,"column":0},"end":{"line":349,"column":16}},"349":{"start":{"line":350,"column":0},"end":{"line":350,"column":84}},"350":{"start":{"line":351,"column":0},"end":{"line":351,"column":9}},"351":{"start":{"line":352,"column":0},"end":{"line":352,"column":17}},"352":{"start":{"line":353,"column":0},"end":{"line":353,"column":34}},"353":{"start":{"line":354,"column":0},"end":{"line":354,"column":7}},"354":{"start":{"line":355,"column":0},"end":{"line":355,"column":5}},"356":{"start":{"line":357,"column":0},"end":{"line":357,"column":20}},"357":{"start":{"line":358,"column":0},"end":{"line":358,"column":40}},"358":{"start":{"line":359,"column":0},"end":{"line":359,"column":23}},"359":{"start":{"line":360,"column":0},"end":{"line":360,"column":47}},"360":{"start":{"line":361,"column":0},"end":{"line":361,"column":25}},"361":{"start":{"line":362,"column":0},"end":{"line":362,"column":58}},"362":{"start":{"line":363,"column":0},"end":{"line":363,"column":38}},"363":{"start":{"line":364,"column":0},"end":{"line":364,"column":5}},"365":{"start":{"line":366,"column":0},"end":{"line":366,"column":120}},"366":{"start":{"line":367,"column":0},"end":{"line":367,"column":437}},"367":{"start":{"line":368,"column":0},"end":{"line":368,"column":1372}},"368":{"start":{"line":369,"column":0},"end":{"line":369,"column":1326}},"369":{"start":{"line":370,"column":0},"end":{"line":370,"column":944}},"370":{"start":{"line":371,"column":0},"end":{"line":371,"column":6}},"372":{"start":{"line":373,"column":0},"end":{"line":373,"column":18}},"373":{"start":{"line":374,"column":0},"end":{"line":374,"column":33}},"374":{"start":{"line":375,"column":0},"end":{"line":375,"column":30}},"375":{"start":{"line":376,"column":0},"end":{"line":376,"column":35}},"376":{"start":{"line":377,"column":0},"end":{"line":377,"column":31}},"377":{"start":{"line":378,"column":0},"end":{"line":378,"column":35}},"379":{"start":{"line":380,"column":0},"end":{"line":380,"column":44}},"380":{"start":{"line":381,"column":0},"end":{"line":381,"column":33}},"381":{"start":{"line":382,"column":0},"end":{"line":382,"column":51}},"382":{"start":{"line":383,"column":0},"end":{"line":383,"column":38}},"383":{"start":{"line":384,"column":0},"end":{"line":384,"column":18}},"384":{"start":{"line":385,"column":0},"end":{"line":385,"column":37}},"385":{"start":{"line":386,"column":0},"end":{"line":386,"column":18}},"386":{"start":{"line":387,"column":0},"end":{"line":387,"column":7}},"388":{"start":{"line":389,"column":0},"end":{"line":389,"column":37}},"389":{"start":{"line":390,"column":0},"end":{"line":390,"column":44}},"390":{"start":{"line":391,"column":0},"end":{"line":391,"column":16}},"391":{"start":{"line":392,"column":0},"end":{"line":392,"column":47}},"392":{"start":{"line":393,"column":0},"end":{"line":393,"column":102}},"393":{"start":{"line":394,"column":0},"end":{"line":394,"column":100}},"394":{"start":{"line":395,"column":0},"end":{"line":395,"column":103}},"395":{"start":{"line":396,"column":0},"end":{"line":396,"column":101}},"396":{"start":{"line":397,"column":0},"end":{"line":397,"column":100}},"397":{"start":{"line":398,"column":0},"end":{"line":398,"column":27}},"398":{"start":{"line":399,"column":0},"end":{"line":399,"column":8}},"400":{"start":{"line":401,"column":0},"end":{"line":401,"column":37}},"401":{"start":{"line":402,"column":0},"end":{"line":402,"column":88}},"402":{"start":{"line":403,"column":0},"end":{"line":403,"column":88}},"403":{"start":{"line":404,"column":0},"end":{"line":404,"column":88}},"404":{"start":{"line":405,"column":0},"end":{"line":405,"column":88}},"405":{"start":{"line":406,"column":0},"end":{"line":406,"column":7}},"407":{"start":{"line":408,"column":0},"end":{"line":408,"column":27}},"409":{"start":{"line":410,"column":0},"end":{"line":410,"column":24}},"410":{"start":{"line":411,"column":0},"end":{"line":411,"column":175}},"411":{"start":{"line":412,"column":0},"end":{"line":412,"column":17}},"414":{"start":{"line":415,"column":0},"end":{"line":415,"column":25}},"415":{"start":{"line":416,"column":0},"end":{"line":416,"column":209}},"416":{"start":{"line":417,"column":0},"end":{"line":417,"column":17}},"419":{"start":{"line":420,"column":0},"end":{"line":420,"column":21}},"420":{"start":{"line":421,"column":0},"end":{"line":421,"column":38}},"421":{"start":{"line":422,"column":0},"end":{"line":422,"column":18}},"422":{"start":{"line":423,"column":0},"end":{"line":423,"column":36}},"423":{"start":{"line":424,"column":0},"end":{"line":424,"column":41}},"424":{"start":{"line":425,"column":0},"end":{"line":425,"column":55}},"425":{"start":{"line":426,"column":0},"end":{"line":426,"column":35}},"426":{"start":{"line":427,"column":0},"end":{"line":427,"column":55}},"427":{"start":{"line":428,"column":0},"end":{"line":428,"column":52}},"428":{"start":{"line":429,"column":0},"end":{"line":429,"column":62}},"429":{"start":{"line":430,"column":0},"end":{"line":430,"column":31}},"430":{"start":{"line":431,"column":0},"end":{"line":431,"column":59}},"431":{"start":{"line":432,"column":0},"end":{"line":432,"column":29}},"432":{"start":{"line":433,"column":0},"end":{"line":433,"column":50}},"433":{"start":{"line":434,"column":0},"end":{"line":434,"column":12}},"434":{"start":{"line":435,"column":0},"end":{"line":435,"column":22}},"435":{"start":{"line":436,"column":0},"end":{"line":436,"column":26}},"436":{"start":{"line":437,"column":0},"end":{"line":437,"column":278}},"437":{"start":{"line":438,"column":0},"end":{"line":438,"column":19}},"438":{"start":{"line":439,"column":0},"end":{"line":439,"column":11}},"439":{"start":{"line":440,"column":0},"end":{"line":440,"column":8}},"440":{"start":{"line":441,"column":0},"end":{"line":441,"column":5}},"441":{"start":{"line":442,"column":0},"end":{"line":442,"column":4}},"442":{"start":{"line":443,"column":0},"end":{"line":443,"column":2}}},"s":{"0":0,"22":0,"24":0,"25":0,"26":0,"28":0,"29":0,"30":0,"32":0,"33":0,"34":0,"43":0,"44":0,"45":0,"46":0,"50":0,"51":0,"52":0,"53":0,"54":0,"55":0,"57":0,"58":0,"59":0,"60":0,"61":0,"62":0,"63":0,"64":0,"65":0,"66":0,"68":0,"69":0,"70":0,"71":0,"73":0,"74":0,"75":0,"76":0,"78":0,"79":0,"80":0,"82":0,"83":0,"84":0,"85":0,"86":0,"87":0,"88":0,"89":0,"93":0,"94":0,"95":0,"96":0,"97":0,"98":0,"99":0,"100":0,"101":0,"102":0,"103":0,"104":0,"105":0,"106":0,"107":0,"108":0,"109":0,"110":0,"111":0,"112":0,"114":0,"116":0,"118":0,"119":0,"120":0,"121":0,"122":0,"123":0,"124":0,"125":0,"126":0,"128":0,"130":0,"131":0,"132":0,"133":0,"134":0,"135":0,"136":0,"137":0,"138":0,"139":0,"140":0,"141":0,"142":0,"143":0,"144":0,"145":0,"146":0,"147":0,"148":0,"149":0,"150":0,"151":0,"152":0,"153":0,"155":0,"156":0,"157":0,"158":0,"159":0,"160":0,"161":0,"162":0,"163":0,"164":0,"165":0,"166":0,"167":0,"168":0,"169":0,"170":0,"171":0,"172":0,"173":0,"174":0,"175":0,"176":0,"177":0,"178":0,"179":0,"180":0,"181":0,"182":0,"183":0,"184":0,"185":0,"186":0,"187":0,"188":0,"189":0,"190":0,"191":0,"192":0,"193":0,"194":0,"195":0,"196":0,"197":0,"198":0,"199":0,"200":0,"201":0,"205":0,"206":0,"207":0,"208":0,"209":0,"210":0,"211":0,"212":0,"213":0,"214":0,"215":0,"216":0,"217":0,"218":0,"219":0,"220":0,"222":0,"223":0,"225":0,"226":0,"227":0,"228":0,"230":0,"231":0,"232":0,"233":0,"234":0,"235":0,"236":0,"237":0,"238":0,"239":0,"240":0,"241":0,"242":0,"243":0,"244":0,"245":0,"246":0,"247":0,"248":0,"249":0,"250":0,"252":0,"253":0,"254":0,"255":0,"256":0,"257":0,"258":0,"259":0,"260":0,"261":0,"262":0,"263":0,"264":0,"265":0,"267":0,"268":0,"269":0,"270":0,"271":0,"272":0,"273":0,"274":0,"275":0,"277":0,"278":0,"279":0,"280":0,"281":0,"282":0,"284":0,"285":0,"286":0,"287":0,"289":0,"290":0,"291":0,"292":0,"293":0,"294":0,"295":0,"296":0,"297":0,"298":0,"299":0,"300":0,"301":0,"303":0,"304":0,"305":0,"306":0,"307":0,"308":0,"309":0,"310":0,"311":0,"312":0,"313":0,"314":0,"316":0,"318":0,"319":0,"320":0,"321":0,"322":0,"323":0,"324":0,"325":0,"326":0,"327":0,"328":0,"330":0,"331":0,"332":0,"333":0,"334":0,"336":0,"338":0,"339":0,"340":0,"341":0,"342":0,"343":0,"344":0,"345":0,"346":0,"347":0,"348":0,"349":0,"350":0,"351":0,"352":0,"353":0,"354":0,"356":0,"357":0,"358":0,"359":0,"360":0,"361":0,"362":0,"363":0,"365":0,"366":0,"367":0,"368":0,"369":0,"370":0,"372":0,"373":0,"374":0,"375":0,"376":0,"377":0,"379":0,"380":0,"381":0,"382":0,"383":0,"384":0,"385":0,"386":0,"388":0,"389":0,"390":0,"391":0,"392":0,"393":0,"394":0,"395":0,"396":0,"397":0,"398":0,"400":0,"401":0,"402":0,"403":0,"404":0,"405":0,"407":0,"409":0,"410":0,"411":0,"414":0,"415":0,"416":0,"419":0,"420":0,"421":0,"422":0,"423":0,"424":0,"425":0,"426":0,"427":0,"428":0,"429":0,"430":0,"431":0,"432":0,"433":0,"434":0,"435":0,"436":0,"437":0,"438":0,"439":0,"440":0,"441":0,"442":0},"branchMap":{"0":{"type":"branch","line":1,"loc":{"start":{"line":1,"column":25903},"end":{"line":443,"column":2}},"locations":[{"start":{"line":1,"column":25903},"end":{"line":443,"column":2}}]}},"b":{"0":[0]},"fnMap":{"0":{"name":"(empty-report)","decl":{"start":{"line":1,"column":25903},"end":{"line":443,"column":2}},"loc":{"start":{"line":1,"column":25903},"end":{"line":443,"column":2}},"line":1}},"f":{"0":0}}
,"/Users/dimasmaulana/Documents/Eularix/open-source/ciph/packages/vue/src/devtools/emitter.ts": {"path":"/Users/dimasmaulana/Documents/Eularix/open-source/ciph/packages/vue/src/devtools/emitter.ts","all":true,"statementMap":{"15":{"start":{"line":16,"column":0},"end":{"line":16,"column":42}},"21":{"start":{"line":22,"column":0},"end":{"line":22,"column":47}},"22":{"start":{"line":23,"column":0},"end":{"line":23,"column":69}},"24":{"start":{"line":25,"column":0},"end":{"line":25,"column":59}},"26":{"start":{"line":27,"column":0},"end":{"line":27,"column":61}},"27":{"start":{"line":28,"column":0},"end":{"line":28,"column":57}},"28":{"start":{"line":29,"column":0},"end":{"line":29,"column":37}},"29":{"start":{"line":30,"column":0},"end":{"line":30,"column":62}},"30":{"start":{"line":31,"column":0},"end":{"line":31,"column":92}},"31":{"start":{"line":32,"column":0},"end":{"line":32,"column":7}},"32":{"start":{"line":33,"column":0},"end":{"line":33,"column":5}},"33":{"start":{"line":34,"column":0},"end":{"line":34,"column":3}},"35":{"start":{"line":36,"column":0},"end":{"line":36,"column":38}},"36":{"start":{"line":37,"column":0},"end":{"line":37,"column":43}},"37":{"start":{"line":38,"column":0},"end":{"line":38,"column":28}},"38":{"start":{"line":39,"column":0},"end":{"line":39,"column":41}},"39":{"start":{"line":40,"column":0},"end":{"line":40,"column":39}},"40":{"start":{"line":41,"column":0},"end":{"line":41,"column":57}},"41":{"start":{"line":42,"column":0},"end":{"line":42,"column":9}},"42":{"start":{"line":43,"column":0},"end":{"line":43,"column":7}},"43":{"start":{"line":44,"column":0},"end":{"line":44,"column":6}},"44":{"start":{"line":45,"column":0},"end":{"line":45,"column":25}},"45":{"start":{"line":46,"column":0},"end":{"line":46,"column":28}},"46":{"start":{"line":47,"column":0},"end":{"line":47,"column":32}},"47":{"start":{"line":48,"column":0},"end":{"line":48,"column":22}},"48":{"start":{"line":49,"column":0},"end":{"line":49,"column":47}},"49":{"start":{"line":50,"column":0},"end":{"line":50,"column":44}},"50":{"start":{"line":51,"column":0},"end":{"line":51,"column":9}},"51":{"start":{"line":52,"column":0},"end":{"line":52,"column":7}},"52":{"start":{"line":53,"column":0},"end":{"line":53,"column":33}},"53":{"start":{"line":54,"column":0},"end":{"line":54,"column":6}},"54":{"start":{"line":55,"column":0},"end":{"line":55,"column":3}},"55":{"start":{"line":56,"column":0},"end":{"line":56,"column":1}},"61":{"start":{"line":62,"column":0},"end":{"line":62,"column":57}},"62":{"start":{"line":63,"column":0},"end":{"line":63,"column":52}},"63":{"start":{"line":64,"column":0},"end":{"line":64,"column":1}}},"s":{"15":0,"21":0,"22":0,"24":0,"26":0,"27":0,"28":0,"29":0,"30":0,"31":0,"32":0,"33":0,"35":0,"36":0,"37":0,"38":0,"39":0,"40":0,"41":0,"42":0,"43":0,"44":0,"45":0,"46":0,"47":0,"48":0,"49":0,"50":0,"51":0,"52":0,"53":0,"54":0,"55":0,"61":0,"62":0,"63":0},"branchMap":{"0":{"type":"branch","line":1,"loc":{"start":{"line":1,"column":1960},"end":{"line":64,"column":1}},"locations":[{"start":{"line":1,"column":1960},"end":{"line":64,"column":1}}]}},"b":{"0":[1]},"fnMap":{"0":{"name":"(empty-report)","decl":{"start":{"line":1,"column":1960},"end":{"line":64,"column":1}},"loc":{"start":{"line":1,"column":1960},"end":{"line":64,"column":1}},"line":1}},"f":{"0":1}}
}
